<?xml version="1.0" encoding="UTF-8"?>
<testsuite xmlns:xsi="http://www.w3.org/2001/XMLSchema-instance" xsi:noNamespaceSchemaLocation="https://maven.apache.org/surefire/maven-surefire-plugin/xsd/surefire-test-report.xsd" version="3.0.2" name="com.messagebrokers.message_broker_lab.kafka.integration.KafkaIntegrationTest" time="10.572" tests="2" errors="0" skipped="0" failures="1">
  <properties>
    <property name="jdk.tls.rejectClientInitiatedRenegotiation" value="true"/>
    <property name="java.specification.version" value="21"/>
    <property name="sun.cpu.isalist" value="amd64"/>
    <property name="sun.jnu.encoding" value="Cp1252"/>
    <property name="java.class.path" value="C:\Users\tlopes\Documents\Projects\message-broker-lab\message-broker-lab\message-broker-lab\target\test-classes;C:\Users\tlopes\Documents\Projects\message-broker-lab\message-broker-lab\message-broker-lab\target\classes;C:\Users\tlopes\.m2\repository\org\springframework\boot\spring-boot-starter-web\3.5.0\spring-boot-starter-web-3.5.0.jar;C:\Users\tlopes\.m2\repository\org\springframework\boot\spring-boot-starter\3.5.0\spring-boot-starter-3.5.0.jar;C:\Users\tlopes\.m2\repository\org\springframework\boot\spring-boot\3.5.0\spring-boot-3.5.0.jar;C:\Users\tlopes\.m2\repository\org\springframework\boot\spring-boot-autoconfigure\3.5.0\spring-boot-autoconfigure-3.5.0.jar;C:\Users\tlopes\.m2\repository\org\springframework\boot\spring-boot-starter-logging\3.5.0\spring-boot-starter-logging-3.5.0.jar;C:\Users\tlopes\.m2\repository\org\apache\logging\log4j\log4j-to-slf4j\2.24.3\log4j-to-slf4j-2.24.3.jar;C:\Users\tlopes\.m2\repository\org\apache\logging\log4j\log4j-api\2.24.3\log4j-api-2.24.3.jar;C:\Users\tlopes\.m2\repository\org\slf4j\jul-to-slf4j\2.0.17\jul-to-slf4j-2.0.17.jar;C:\Users\tlopes\.m2\repository\jakarta\annotation\jakarta.annotation-api\2.1.1\jakarta.annotation-api-2.1.1.jar;C:\Users\tlopes\.m2\repository\org\yaml\snakeyaml\2.4\snakeyaml-2.4.jar;C:\Users\tlopes\.m2\repository\org\springframework\boot\spring-boot-starter-json\3.5.0\spring-boot-starter-json-3.5.0.jar;C:\Users\tlopes\.m2\repository\com\fasterxml\jackson\core\jackson-databind\2.19.0\jackson-databind-2.19.0.jar;C:\Users\tlopes\.m2\repository\com\fasterxml\jackson\core\jackson-annotations\2.19.0\jackson-annotations-2.19.0.jar;C:\Users\tlopes\.m2\repository\com\fasterxml\jackson\core\jackson-core\2.19.0\jackson-core-2.19.0.jar;C:\Users\tlopes\.m2\repository\com\fasterxml\jackson\datatype\jackson-datatype-jdk8\2.19.0\jackson-datatype-jdk8-2.19.0.jar;C:\Users\tlopes\.m2\repository\com\fasterxml\jackson\datatype\jackson-datatype-jsr310\2.19.0\jackson-datatype-jsr310-2.19.0.jar;C:\Users\tlopes\.m2\repository\com\fasterxml\jackson\module\jackson-module-parameter-names\2.19.0\jackson-module-parameter-names-2.19.0.jar;C:\Users\tlopes\.m2\repository\org\springframework\boot\spring-boot-starter-tomcat\3.5.0\spring-boot-starter-tomcat-3.5.0.jar;C:\Users\tlopes\.m2\repository\org\apache\tomcat\embed\tomcat-embed-core\10.1.41\tomcat-embed-core-10.1.41.jar;C:\Users\tlopes\.m2\repository\org\apache\tomcat\embed\tomcat-embed-el\10.1.41\tomcat-embed-el-10.1.41.jar;C:\Users\tlopes\.m2\repository\org\apache\tomcat\embed\tomcat-embed-websocket\10.1.41\tomcat-embed-websocket-10.1.41.jar;C:\Users\tlopes\.m2\repository\org\springframework\spring-web\6.2.7\spring-web-6.2.7.jar;C:\Users\tlopes\.m2\repository\org\springframework\spring-beans\6.2.7\spring-beans-6.2.7.jar;C:\Users\tlopes\.m2\repository\org\springframework\spring-webmvc\6.2.7\spring-webmvc-6.2.7.jar;C:\Users\tlopes\.m2\repository\org\springframework\spring-aop\6.2.7\spring-aop-6.2.7.jar;C:\Users\tlopes\.m2\repository\org\springframework\spring-expression\6.2.7\spring-expression-6.2.7.jar;C:\Users\tlopes\.m2\repository\org\springframework\amqp\spring-rabbit-stream\3.2.5\spring-rabbit-stream-3.2.5.jar;C:\Users\tlopes\.m2\repository\org\springframework\amqp\spring-rabbit\3.2.5\spring-rabbit-3.2.5.jar;C:\Users\tlopes\.m2\repository\org\springframework\amqp\spring-amqp\3.2.5\spring-amqp-3.2.5.jar;C:\Users\tlopes\.m2\repository\com\rabbitmq\amqp-client\5.25.0\amqp-client-5.25.0.jar;C:\Users\tlopes\.m2\repository\com\rabbitmq\stream-client\0.23.0\stream-client-0.23.0.jar;C:\Users\tlopes\.m2\repository\org\slf4j\slf4j-api\2.0.17\slf4j-api-2.0.17.jar;C:\Users\tlopes\.m2\repository\io\netty\netty-transport\4.1.121.Final\netty-transport-4.1.121.Final.jar;C:\Users\tlopes\.m2\repository\io\netty\netty-common\4.1.121.Final\netty-common-4.1.121.Final.jar;C:\Users\tlopes\.m2\repository\io\netty\netty-buffer\4.1.121.Final\netty-buffer-4.1.121.Final.jar;C:\Users\tlopes\.m2\repository\io\netty\netty-resolver\4.1.121.Final\netty-resolver-4.1.121.Final.jar;C:\Users\tlopes\.m2\repository\io\netty\netty-codec\4.1.121.Final\netty-codec-4.1.121.Final.jar;C:\Users\tlopes\.m2\repository\io\netty\netty-handler\4.1.121.Final\netty-handler-4.1.121.Final.jar;C:\Users\tlopes\.m2\repository\io\netty\netty-transport-native-unix-common\4.1.121.Final\netty-transport-native-unix-common-4.1.121.Final.jar;C:\Users\tlopes\.m2\repository\org\apache\qpid\proton-j\0.34.1\proton-j-0.34.1.jar;C:\Users\tlopes\.m2\repository\com\github\luben\zstd-jni\1.5.7-2\zstd-jni-1.5.7-2.jar;C:\Users\tlopes\.m2\repository\org\lz4\lz4-java\1.8.0\lz4-java-1.8.0.jar;C:\Users\tlopes\.m2\repository\org\xerial\snappy\snappy-java\1.1.10.7\snappy-java-1.1.10.7.jar;C:\Users\tlopes\.m2\repository\org\springframework\kafka\spring-kafka\3.3.6\spring-kafka-3.3.6.jar;C:\Users\tlopes\.m2\repository\org\springframework\spring-context\6.2.7\spring-context-6.2.7.jar;C:\Users\tlopes\.m2\repository\org\springframework\spring-messaging\6.2.7\spring-messaging-6.2.7.jar;C:\Users\tlopes\.m2\repository\org\springframework\spring-tx\6.2.7\spring-tx-6.2.7.jar;C:\Users\tlopes\.m2\repository\org\springframework\retry\spring-retry\2.0.12\spring-retry-2.0.12.jar;C:\Users\tlopes\.m2\repository\org\apache\kafka\kafka-clients\3.9.1\kafka-clients-3.9.1.jar;C:\Users\tlopes\.m2\repository\io\micrometer\micrometer-observation\1.15.0\micrometer-observation-1.15.0.jar;C:\Users\tlopes\.m2\repository\io\micrometer\micrometer-commons\1.15.0\micrometer-commons-1.15.0.jar;C:\Users\tlopes\.m2\repository\org\springframework\kafka\spring-kafka-test\3.3.6\spring-kafka-test-3.3.6.jar;C:\Users\tlopes\.m2\repository\org\springframework\spring-test\6.2.7\spring-test-6.2.7.jar;C:\Users\tlopes\.m2\repository\org\apache\zookeeper\zookeeper\3.8.4\zookeeper-3.8.4.jar;C:\Users\tlopes\.m2\repository\org\apache\zookeeper\zookeeper-jute\3.8.4\zookeeper-jute-3.8.4.jar;C:\Users\tlopes\.m2\repository\org\apache\yetus\audience-annotations\0.12.0\audience-annotations-0.12.0.jar;C:\Users\tlopes\.m2\repository\io\netty\netty-transport-native-epoll\4.1.121.Final\netty-transport-native-epoll-4.1.121.Final.jar;C:\Users\tlopes\.m2\repository\io\netty\netty-transport-classes-epoll\4.1.121.Final\netty-transport-classes-epoll-4.1.121.Final.jar;C:\Users\tlopes\.m2\repository\ch\qos\logback\logback-core\1.5.18\logback-core-1.5.18.jar;C:\Users\tlopes\.m2\repository\ch\qos\logback\logback-classic\1.5.18\logback-classic-1.5.18.jar;C:\Users\tlopes\.m2\repository\commons-io\commons-io\2.11.0\commons-io-2.11.0.jar;C:\Users\tlopes\.m2\repository\org\apache\kafka\kafka-clients\3.9.1\kafka-clients-3.9.1-test.jar;C:\Users\tlopes\.m2\repository\org\apache\kafka\kafka-server\3.9.1\kafka-server-3.9.1.jar;C:\Users\tlopes\.m2\repository\org\apache\kafka\kafka-storage\3.9.1\kafka-storage-3.9.1.jar;C:\Users\tlopes\.m2\repository\com\github\ben-manes\caffeine\caffeine\3.2.0\caffeine-3.2.0.jar;C:\Users\tlopes\.m2\repository\org\jspecify\jspecify\1.0.0\jspecify-1.0.0.jar;C:\Users\tlopes\.m2\repository\com\google\errorprone\error_prone_annotations\2.36.0\error_prone_annotations-2.36.0.jar;C:\Users\tlopes\.m2\repository\org\apache\kafka\kafka-group-coordinator\3.9.1\kafka-group-coordinator-3.9.1.jar;C:\Users\tlopes\.m2\repository\org\apache\kafka\kafka-transaction-coordinator\3.9.1\kafka-transaction-coordinator-3.9.1.jar;C:\Users\tlopes\.m2\repository\org\apache\kafka\kafka-raft\3.9.1\kafka-raft-3.9.1.jar;C:\Users\tlopes\.m2\repository\com\yammer\metrics\metrics-core\2.2.0\metrics-core-2.2.0.jar;C:\Users\tlopes\.m2\repository\org\apache\kafka\kafka-metadata\3.9.1\kafka-metadata-3.9.1.jar;C:\Users\tlopes\.m2\repository\org\apache\kafka\kafka-server-common\3.9.1\kafka-server-common-3.9.1.jar;C:\Users\tlopes\.m2\repository\net\sf\jopt-simple\jopt-simple\5.0.4\jopt-simple-5.0.4.jar;C:\Users\tlopes\.m2\repository\org\pcollections\pcollections\4.0.1\pcollections-4.0.1.jar;C:\Users\tlopes\.m2\repository\org\apache\kafka\kafka-server-common\3.9.1\kafka-server-common-3.9.1-test.jar;C:\Users\tlopes\.m2\repository\org\apache\kafka\kafka-streams-test-utils\3.9.1\kafka-streams-test-utils-3.9.1.jar;C:\Users\tlopes\.m2\repository\org\apache\kafka\kafka-streams\3.9.1\kafka-streams-3.9.1.jar;C:\Users\tlopes\.m2\repository\org\rocksdb\rocksdbjni\7.9.2\rocksdbjni-7.9.2.jar;C:\Users\tlopes\.m2\repository\org\apache\kafka\kafka_2.13\3.9.1\kafka_2.13-3.9.1.jar;C:\Users\tlopes\.m2\repository\org\scala-lang\scala-library\2.13.15\scala-library-2.13.15.jar;C:\Users\tlopes\.m2\repository\org\apache\kafka\kafka-group-coordinator-api\3.9.1\kafka-group-coordinator-api-3.9.1.jar;C:\Users\tlopes\.m2\repository\org\apache\kafka\kafka-storage-api\3.9.1\kafka-storage-api-3.9.1.jar;C:\Users\tlopes\.m2\repository\org\apache\kafka\kafka-tools-api\3.9.1\kafka-tools-api-3.9.1.jar;C:\Users\tlopes\.m2\repository\net\sourceforge\argparse4j\argparse4j\0.7.0\argparse4j-0.7.0.jar;C:\Users\tlopes\.m2\repository\commons-validator\commons-validator\1.7\commons-validator-1.7.jar;C:\Users\tlopes\.m2\repository\commons-beanutils\commons-beanutils\1.9.4\commons-beanutils-1.9.4.jar;C:\Users\tlopes\.m2\repository\commons-digester\commons-digester\2.1\commons-digester-2.1.jar;C:\Users\tlopes\.m2\repository\commons-collections\commons-collections\3.2.2\commons-collections-3.2.2.jar;C:\Users\tlopes\.m2\repository\com\fasterxml\jackson\module\jackson-module-scala_2.13\2.19.0\jackson-module-scala_2.13-2.19.0.jar;C:\Users\tlopes\.m2\repository\com\thoughtworks\paranamer\paranamer\2.8.3\paranamer-2.8.3.jar;C:\Users\tlopes\.m2\repository\com\fasterxml\jackson\dataformat\jackson-dataformat-csv\2.19.0\jackson-dataformat-csv-2.19.0.jar;C:\Users\tlopes\.m2\repository\org\bitbucket\b_c\jose4j\0.9.4\jose4j-0.9.4.jar;C:\Users\tlopes\.m2\repository\org\scala-lang\modules\scala-collection-compat_2.13\2.10.0\scala-collection-compat_2.13-2.10.0.jar;C:\Users\tlopes\.m2\repository\org\scala-lang\modules\scala-java8-compat_2.13\1.0.2\scala-java8-compat_2.13-1.0.2.jar;C:\Users\tlopes\.m2\repository\org\scala-lang\scala-reflect\2.13.15\scala-reflect-2.13.15.jar;C:\Users\tlopes\.m2\repository\com\typesafe\scala-logging\scala-logging_2.13\3.9.5\scala-logging_2.13-3.9.5.jar;C:\Users\tlopes\.m2\repository\io\dropwizard\metrics\metrics-core\4.1.12.1\metrics-core-4.1.12.1.jar;C:\Users\tlopes\.m2\repository\commons-cli\commons-cli\1.4\commons-cli-1.4.jar;C:\Users\tlopes\.m2\repository\org\apache\kafka\kafka_2.13\3.9.1\kafka_2.13-3.9.1-test.jar;C:\Users\tlopes\.m2\repository\org\junit\jupiter\junit-jupiter-api\5.12.2\junit-jupiter-api-5.12.2.jar;C:\Users\tlopes\.m2\repository\org\opentest4j\opentest4j\1.3.0\opentest4j-1.3.0.jar;C:\Users\tlopes\.m2\repository\org\junit\platform\junit-platform-commons\1.12.2\junit-platform-commons-1.12.2.jar;C:\Users\tlopes\.m2\repository\org\apiguardian\apiguardian-api\1.1.2\apiguardian-api-1.1.2.jar;C:\Users\tlopes\.m2\repository\org\junit\platform\junit-platform-launcher\1.12.2\junit-platform-launcher-1.12.2.jar;C:\Users\tlopes\.m2\repository\org\junit\platform\junit-platform-engine\1.12.2\junit-platform-engine-1.12.2.jar;C:\Users\tlopes\.m2\repository\org\springframework\boot\spring-boot-starter-test\3.5.0\spring-boot-starter-test-3.5.0.jar;C:\Users\tlopes\.m2\repository\org\springframework\boot\spring-boot-test\3.5.0\spring-boot-test-3.5.0.jar;C:\Users\tlopes\.m2\repository\org\springframework\boot\spring-boot-test-autoconfigure\3.5.0\spring-boot-test-autoconfigure-3.5.0.jar;C:\Users\tlopes\.m2\repository\com\jayway\jsonpath\json-path\2.9.0\json-path-2.9.0.jar;C:\Users\tlopes\.m2\repository\jakarta\xml\bind\jakarta.xml.bind-api\4.0.2\jakarta.xml.bind-api-4.0.2.jar;C:\Users\tlopes\.m2\repository\jakarta\activation\jakarta.activation-api\2.1.3\jakarta.activation-api-2.1.3.jar;C:\Users\tlopes\.m2\repository\net\minidev\json-smart\2.5.2\json-smart-2.5.2.jar;C:\Users\tlopes\.m2\repository\net\minidev\accessors-smart\2.5.2\accessors-smart-2.5.2.jar;C:\Users\tlopes\.m2\repository\org\ow2\asm\asm\9.7.1\asm-9.7.1.jar;C:\Users\tlopes\.m2\repository\org\assertj\assertj-core\3.27.3\assertj-core-3.27.3.jar;C:\Users\tlopes\.m2\repository\net\bytebuddy\byte-buddy\1.17.5\byte-buddy-1.17.5.jar;C:\Users\tlopes\.m2\repository\org\awaitility\awaitility\4.3.0\awaitility-4.3.0.jar;C:\Users\tlopes\.m2\repository\org\hamcrest\hamcrest\3.0\hamcrest-3.0.jar;C:\Users\tlopes\.m2\repository\org\junit\jupiter\junit-jupiter\5.12.2\junit-jupiter-5.12.2.jar;C:\Users\tlopes\.m2\repository\org\junit\jupiter\junit-jupiter-params\5.12.2\junit-jupiter-params-5.12.2.jar;C:\Users\tlopes\.m2\repository\org\junit\jupiter\junit-jupiter-engine\5.12.2\junit-jupiter-engine-5.12.2.jar;C:\Users\tlopes\.m2\repository\org\mockito\mockito-core\5.17.0\mockito-core-5.17.0.jar;C:\Users\tlopes\.m2\repository\net\bytebuddy\byte-buddy-agent\1.17.5\byte-buddy-agent-1.17.5.jar;C:\Users\tlopes\.m2\repository\org\objenesis\objenesis\3.3\objenesis-3.3.jar;C:\Users\tlopes\.m2\repository\org\mockito\mockito-junit-jupiter\5.17.0\mockito-junit-jupiter-5.17.0.jar;C:\Users\tlopes\.m2\repository\org\skyscreamer\jsonassert\1.5.3\jsonassert-1.5.3.jar;C:\Users\tlopes\.m2\repository\com\vaadin\external\google\android-json\0.0.20131108.vaadin1\android-json-0.0.20131108.vaadin1.jar;C:\Users\tlopes\.m2\repository\org\springframework\spring-core\6.2.7\spring-core-6.2.7.jar;C:\Users\tlopes\.m2\repository\org\springframework\spring-jcl\6.2.7\spring-jcl-6.2.7.jar;C:\Users\tlopes\.m2\repository\org\xmlunit\xmlunit-core\2.10.1\xmlunit-core-2.10.1.jar;"/>
    <property name="java.vm.vendor" value="Oracle Corporation"/>
    <property name="sun.arch.data.model" value="64"/>
    <property name="user.variant" value=""/>
    <property name="java.vendor.url" value="https://java.oracle.com/"/>
    <property name="user.timezone" value="Europe/Lisbon"/>
    <property name="user.country.format" value="PT"/>
    <property name="os.name" value="Windows 11"/>
    <property name="java.vm.specification.version" value="21"/>
    <property name="APPLICATION_NAME" value="message-broker-lab"/>
    <property name="sun.java.launcher" value="SUN_STANDARD"/>
    <property name="user.country" value="US"/>
    <property name="sun.boot.library.path" value="C:\Program Files\Java\jdk-21\bin"/>
    <property name="sun.java.command" value="C:\Users\tlopes\AppData\Local\Temp\surefire17182929028486084499\surefirebooter-20250609130557220_3.jar C:\Users\tlopes\AppData\Local\Temp\surefire17182929028486084499 2025-06-09T13-05-57_022-jvmRun1 surefire-20250609130557220_1tmp surefire_0-20250609130557220_2tmp"/>
    <property name="jdk.debug" value="release"/>
    <property name="surefire.test.class.path" value="C:\Users\tlopes\Documents\Projects\message-broker-lab\message-broker-lab\message-broker-lab\target\test-classes;C:\Users\tlopes\Documents\Projects\message-broker-lab\message-broker-lab\message-broker-lab\target\classes;C:\Users\tlopes\.m2\repository\org\springframework\boot\spring-boot-starter-web\3.5.0\spring-boot-starter-web-3.5.0.jar;C:\Users\tlopes\.m2\repository\org\springframework\boot\spring-boot-starter\3.5.0\spring-boot-starter-3.5.0.jar;C:\Users\tlopes\.m2\repository\org\springframework\boot\spring-boot\3.5.0\spring-boot-3.5.0.jar;C:\Users\tlopes\.m2\repository\org\springframework\boot\spring-boot-autoconfigure\3.5.0\spring-boot-autoconfigure-3.5.0.jar;C:\Users\tlopes\.m2\repository\org\springframework\boot\spring-boot-starter-logging\3.5.0\spring-boot-starter-logging-3.5.0.jar;C:\Users\tlopes\.m2\repository\org\apache\logging\log4j\log4j-to-slf4j\2.24.3\log4j-to-slf4j-2.24.3.jar;C:\Users\tlopes\.m2\repository\org\apache\logging\log4j\log4j-api\2.24.3\log4j-api-2.24.3.jar;C:\Users\tlopes\.m2\repository\org\slf4j\jul-to-slf4j\2.0.17\jul-to-slf4j-2.0.17.jar;C:\Users\tlopes\.m2\repository\jakarta\annotation\jakarta.annotation-api\2.1.1\jakarta.annotation-api-2.1.1.jar;C:\Users\tlopes\.m2\repository\org\yaml\snakeyaml\2.4\snakeyaml-2.4.jar;C:\Users\tlopes\.m2\repository\org\springframework\boot\spring-boot-starter-json\3.5.0\spring-boot-starter-json-3.5.0.jar;C:\Users\tlopes\.m2\repository\com\fasterxml\jackson\core\jackson-databind\2.19.0\jackson-databind-2.19.0.jar;C:\Users\tlopes\.m2\repository\com\fasterxml\jackson\core\jackson-annotations\2.19.0\jackson-annotations-2.19.0.jar;C:\Users\tlopes\.m2\repository\com\fasterxml\jackson\core\jackson-core\2.19.0\jackson-core-2.19.0.jar;C:\Users\tlopes\.m2\repository\com\fasterxml\jackson\datatype\jackson-datatype-jdk8\2.19.0\jackson-datatype-jdk8-2.19.0.jar;C:\Users\tlopes\.m2\repository\com\fasterxml\jackson\datatype\jackson-datatype-jsr310\2.19.0\jackson-datatype-jsr310-2.19.0.jar;C:\Users\tlopes\.m2\repository\com\fasterxml\jackson\module\jackson-module-parameter-names\2.19.0\jackson-module-parameter-names-2.19.0.jar;C:\Users\tlopes\.m2\repository\org\springframework\boot\spring-boot-starter-tomcat\3.5.0\spring-boot-starter-tomcat-3.5.0.jar;C:\Users\tlopes\.m2\repository\org\apache\tomcat\embed\tomcat-embed-core\10.1.41\tomcat-embed-core-10.1.41.jar;C:\Users\tlopes\.m2\repository\org\apache\tomcat\embed\tomcat-embed-el\10.1.41\tomcat-embed-el-10.1.41.jar;C:\Users\tlopes\.m2\repository\org\apache\tomcat\embed\tomcat-embed-websocket\10.1.41\tomcat-embed-websocket-10.1.41.jar;C:\Users\tlopes\.m2\repository\org\springframework\spring-web\6.2.7\spring-web-6.2.7.jar;C:\Users\tlopes\.m2\repository\org\springframework\spring-beans\6.2.7\spring-beans-6.2.7.jar;C:\Users\tlopes\.m2\repository\org\springframework\spring-webmvc\6.2.7\spring-webmvc-6.2.7.jar;C:\Users\tlopes\.m2\repository\org\springframework\spring-aop\6.2.7\spring-aop-6.2.7.jar;C:\Users\tlopes\.m2\repository\org\springframework\spring-expression\6.2.7\spring-expression-6.2.7.jar;C:\Users\tlopes\.m2\repository\org\springframework\amqp\spring-rabbit-stream\3.2.5\spring-rabbit-stream-3.2.5.jar;C:\Users\tlopes\.m2\repository\org\springframework\amqp\spring-rabbit\3.2.5\spring-rabbit-3.2.5.jar;C:\Users\tlopes\.m2\repository\org\springframework\amqp\spring-amqp\3.2.5\spring-amqp-3.2.5.jar;C:\Users\tlopes\.m2\repository\com\rabbitmq\amqp-client\5.25.0\amqp-client-5.25.0.jar;C:\Users\tlopes\.m2\repository\com\rabbitmq\stream-client\0.23.0\stream-client-0.23.0.jar;C:\Users\tlopes\.m2\repository\org\slf4j\slf4j-api\2.0.17\slf4j-api-2.0.17.jar;C:\Users\tlopes\.m2\repository\io\netty\netty-transport\4.1.121.Final\netty-transport-4.1.121.Final.jar;C:\Users\tlopes\.m2\repository\io\netty\netty-common\4.1.121.Final\netty-common-4.1.121.Final.jar;C:\Users\tlopes\.m2\repository\io\netty\netty-buffer\4.1.121.Final\netty-buffer-4.1.121.Final.jar;C:\Users\tlopes\.m2\repository\io\netty\netty-resolver\4.1.121.Final\netty-resolver-4.1.121.Final.jar;C:\Users\tlopes\.m2\repository\io\netty\netty-codec\4.1.121.Final\netty-codec-4.1.121.Final.jar;C:\Users\tlopes\.m2\repository\io\netty\netty-handler\4.1.121.Final\netty-handler-4.1.121.Final.jar;C:\Users\tlopes\.m2\repository\io\netty\netty-transport-native-unix-common\4.1.121.Final\netty-transport-native-unix-common-4.1.121.Final.jar;C:\Users\tlopes\.m2\repository\org\apache\qpid\proton-j\0.34.1\proton-j-0.34.1.jar;C:\Users\tlopes\.m2\repository\com\github\luben\zstd-jni\1.5.7-2\zstd-jni-1.5.7-2.jar;C:\Users\tlopes\.m2\repository\org\lz4\lz4-java\1.8.0\lz4-java-1.8.0.jar;C:\Users\tlopes\.m2\repository\org\xerial\snappy\snappy-java\1.1.10.7\snappy-java-1.1.10.7.jar;C:\Users\tlopes\.m2\repository\org\springframework\kafka\spring-kafka\3.3.6\spring-kafka-3.3.6.jar;C:\Users\tlopes\.m2\repository\org\springframework\spring-context\6.2.7\spring-context-6.2.7.jar;C:\Users\tlopes\.m2\repository\org\springframework\spring-messaging\6.2.7\spring-messaging-6.2.7.jar;C:\Users\tlopes\.m2\repository\org\springframework\spring-tx\6.2.7\spring-tx-6.2.7.jar;C:\Users\tlopes\.m2\repository\org\springframework\retry\spring-retry\2.0.12\spring-retry-2.0.12.jar;C:\Users\tlopes\.m2\repository\org\apache\kafka\kafka-clients\3.9.1\kafka-clients-3.9.1.jar;C:\Users\tlopes\.m2\repository\io\micrometer\micrometer-observation\1.15.0\micrometer-observation-1.15.0.jar;C:\Users\tlopes\.m2\repository\io\micrometer\micrometer-commons\1.15.0\micrometer-commons-1.15.0.jar;C:\Users\tlopes\.m2\repository\org\springframework\kafka\spring-kafka-test\3.3.6\spring-kafka-test-3.3.6.jar;C:\Users\tlopes\.m2\repository\org\springframework\spring-test\6.2.7\spring-test-6.2.7.jar;C:\Users\tlopes\.m2\repository\org\apache\zookeeper\zookeeper\3.8.4\zookeeper-3.8.4.jar;C:\Users\tlopes\.m2\repository\org\apache\zookeeper\zookeeper-jute\3.8.4\zookeeper-jute-3.8.4.jar;C:\Users\tlopes\.m2\repository\org\apache\yetus\audience-annotations\0.12.0\audience-annotations-0.12.0.jar;C:\Users\tlopes\.m2\repository\io\netty\netty-transport-native-epoll\4.1.121.Final\netty-transport-native-epoll-4.1.121.Final.jar;C:\Users\tlopes\.m2\repository\io\netty\netty-transport-classes-epoll\4.1.121.Final\netty-transport-classes-epoll-4.1.121.Final.jar;C:\Users\tlopes\.m2\repository\ch\qos\logback\logback-core\1.5.18\logback-core-1.5.18.jar;C:\Users\tlopes\.m2\repository\ch\qos\logback\logback-classic\1.5.18\logback-classic-1.5.18.jar;C:\Users\tlopes\.m2\repository\commons-io\commons-io\2.11.0\commons-io-2.11.0.jar;C:\Users\tlopes\.m2\repository\org\apache\kafka\kafka-clients\3.9.1\kafka-clients-3.9.1-test.jar;C:\Users\tlopes\.m2\repository\org\apache\kafka\kafka-server\3.9.1\kafka-server-3.9.1.jar;C:\Users\tlopes\.m2\repository\org\apache\kafka\kafka-storage\3.9.1\kafka-storage-3.9.1.jar;C:\Users\tlopes\.m2\repository\com\github\ben-manes\caffeine\caffeine\3.2.0\caffeine-3.2.0.jar;C:\Users\tlopes\.m2\repository\org\jspecify\jspecify\1.0.0\jspecify-1.0.0.jar;C:\Users\tlopes\.m2\repository\com\google\errorprone\error_prone_annotations\2.36.0\error_prone_annotations-2.36.0.jar;C:\Users\tlopes\.m2\repository\org\apache\kafka\kafka-group-coordinator\3.9.1\kafka-group-coordinator-3.9.1.jar;C:\Users\tlopes\.m2\repository\org\apache\kafka\kafka-transaction-coordinator\3.9.1\kafka-transaction-coordinator-3.9.1.jar;C:\Users\tlopes\.m2\repository\org\apache\kafka\kafka-raft\3.9.1\kafka-raft-3.9.1.jar;C:\Users\tlopes\.m2\repository\com\yammer\metrics\metrics-core\2.2.0\metrics-core-2.2.0.jar;C:\Users\tlopes\.m2\repository\org\apache\kafka\kafka-metadata\3.9.1\kafka-metadata-3.9.1.jar;C:\Users\tlopes\.m2\repository\org\apache\kafka\kafka-server-common\3.9.1\kafka-server-common-3.9.1.jar;C:\Users\tlopes\.m2\repository\net\sf\jopt-simple\jopt-simple\5.0.4\jopt-simple-5.0.4.jar;C:\Users\tlopes\.m2\repository\org\pcollections\pcollections\4.0.1\pcollections-4.0.1.jar;C:\Users\tlopes\.m2\repository\org\apache\kafka\kafka-server-common\3.9.1\kafka-server-common-3.9.1-test.jar;C:\Users\tlopes\.m2\repository\org\apache\kafka\kafka-streams-test-utils\3.9.1\kafka-streams-test-utils-3.9.1.jar;C:\Users\tlopes\.m2\repository\org\apache\kafka\kafka-streams\3.9.1\kafka-streams-3.9.1.jar;C:\Users\tlopes\.m2\repository\org\rocksdb\rocksdbjni\7.9.2\rocksdbjni-7.9.2.jar;C:\Users\tlopes\.m2\repository\org\apache\kafka\kafka_2.13\3.9.1\kafka_2.13-3.9.1.jar;C:\Users\tlopes\.m2\repository\org\scala-lang\scala-library\2.13.15\scala-library-2.13.15.jar;C:\Users\tlopes\.m2\repository\org\apache\kafka\kafka-group-coordinator-api\3.9.1\kafka-group-coordinator-api-3.9.1.jar;C:\Users\tlopes\.m2\repository\org\apache\kafka\kafka-storage-api\3.9.1\kafka-storage-api-3.9.1.jar;C:\Users\tlopes\.m2\repository\org\apache\kafka\kafka-tools-api\3.9.1\kafka-tools-api-3.9.1.jar;C:\Users\tlopes\.m2\repository\net\sourceforge\argparse4j\argparse4j\0.7.0\argparse4j-0.7.0.jar;C:\Users\tlopes\.m2\repository\commons-validator\commons-validator\1.7\commons-validator-1.7.jar;C:\Users\tlopes\.m2\repository\commons-beanutils\commons-beanutils\1.9.4\commons-beanutils-1.9.4.jar;C:\Users\tlopes\.m2\repository\commons-digester\commons-digester\2.1\commons-digester-2.1.jar;C:\Users\tlopes\.m2\repository\commons-collections\commons-collections\3.2.2\commons-collections-3.2.2.jar;C:\Users\tlopes\.m2\repository\com\fasterxml\jackson\module\jackson-module-scala_2.13\2.19.0\jackson-module-scala_2.13-2.19.0.jar;C:\Users\tlopes\.m2\repository\com\thoughtworks\paranamer\paranamer\2.8.3\paranamer-2.8.3.jar;C:\Users\tlopes\.m2\repository\com\fasterxml\jackson\dataformat\jackson-dataformat-csv\2.19.0\jackson-dataformat-csv-2.19.0.jar;C:\Users\tlopes\.m2\repository\org\bitbucket\b_c\jose4j\0.9.4\jose4j-0.9.4.jar;C:\Users\tlopes\.m2\repository\org\scala-lang\modules\scala-collection-compat_2.13\2.10.0\scala-collection-compat_2.13-2.10.0.jar;C:\Users\tlopes\.m2\repository\org\scala-lang\modules\scala-java8-compat_2.13\1.0.2\scala-java8-compat_2.13-1.0.2.jar;C:\Users\tlopes\.m2\repository\org\scala-lang\scala-reflect\2.13.15\scala-reflect-2.13.15.jar;C:\Users\tlopes\.m2\repository\com\typesafe\scala-logging\scala-logging_2.13\3.9.5\scala-logging_2.13-3.9.5.jar;C:\Users\tlopes\.m2\repository\io\dropwizard\metrics\metrics-core\4.1.12.1\metrics-core-4.1.12.1.jar;C:\Users\tlopes\.m2\repository\commons-cli\commons-cli\1.4\commons-cli-1.4.jar;C:\Users\tlopes\.m2\repository\org\apache\kafka\kafka_2.13\3.9.1\kafka_2.13-3.9.1-test.jar;C:\Users\tlopes\.m2\repository\org\junit\jupiter\junit-jupiter-api\5.12.2\junit-jupiter-api-5.12.2.jar;C:\Users\tlopes\.m2\repository\org\opentest4j\opentest4j\1.3.0\opentest4j-1.3.0.jar;C:\Users\tlopes\.m2\repository\org\junit\platform\junit-platform-commons\1.12.2\junit-platform-commons-1.12.2.jar;C:\Users\tlopes\.m2\repository\org\apiguardian\apiguardian-api\1.1.2\apiguardian-api-1.1.2.jar;C:\Users\tlopes\.m2\repository\org\junit\platform\junit-platform-launcher\1.12.2\junit-platform-launcher-1.12.2.jar;C:\Users\tlopes\.m2\repository\org\junit\platform\junit-platform-engine\1.12.2\junit-platform-engine-1.12.2.jar;C:\Users\tlopes\.m2\repository\org\springframework\boot\spring-boot-starter-test\3.5.0\spring-boot-starter-test-3.5.0.jar;C:\Users\tlopes\.m2\repository\org\springframework\boot\spring-boot-test\3.5.0\spring-boot-test-3.5.0.jar;C:\Users\tlopes\.m2\repository\org\springframework\boot\spring-boot-test-autoconfigure\3.5.0\spring-boot-test-autoconfigure-3.5.0.jar;C:\Users\tlopes\.m2\repository\com\jayway\jsonpath\json-path\2.9.0\json-path-2.9.0.jar;C:\Users\tlopes\.m2\repository\jakarta\xml\bind\jakarta.xml.bind-api\4.0.2\jakarta.xml.bind-api-4.0.2.jar;C:\Users\tlopes\.m2\repository\jakarta\activation\jakarta.activation-api\2.1.3\jakarta.activation-api-2.1.3.jar;C:\Users\tlopes\.m2\repository\net\minidev\json-smart\2.5.2\json-smart-2.5.2.jar;C:\Users\tlopes\.m2\repository\net\minidev\accessors-smart\2.5.2\accessors-smart-2.5.2.jar;C:\Users\tlopes\.m2\repository\org\ow2\asm\asm\9.7.1\asm-9.7.1.jar;C:\Users\tlopes\.m2\repository\org\assertj\assertj-core\3.27.3\assertj-core-3.27.3.jar;C:\Users\tlopes\.m2\repository\net\bytebuddy\byte-buddy\1.17.5\byte-buddy-1.17.5.jar;C:\Users\tlopes\.m2\repository\org\awaitility\awaitility\4.3.0\awaitility-4.3.0.jar;C:\Users\tlopes\.m2\repository\org\hamcrest\hamcrest\3.0\hamcrest-3.0.jar;C:\Users\tlopes\.m2\repository\org\junit\jupiter\junit-jupiter\5.12.2\junit-jupiter-5.12.2.jar;C:\Users\tlopes\.m2\repository\org\junit\jupiter\junit-jupiter-params\5.12.2\junit-jupiter-params-5.12.2.jar;C:\Users\tlopes\.m2\repository\org\junit\jupiter\junit-jupiter-engine\5.12.2\junit-jupiter-engine-5.12.2.jar;C:\Users\tlopes\.m2\repository\org\mockito\mockito-core\5.17.0\mockito-core-5.17.0.jar;C:\Users\tlopes\.m2\repository\net\bytebuddy\byte-buddy-agent\1.17.5\byte-buddy-agent-1.17.5.jar;C:\Users\tlopes\.m2\repository\org\objenesis\objenesis\3.3\objenesis-3.3.jar;C:\Users\tlopes\.m2\repository\org\mockito\mockito-junit-jupiter\5.17.0\mockito-junit-jupiter-5.17.0.jar;C:\Users\tlopes\.m2\repository\org\skyscreamer\jsonassert\1.5.3\jsonassert-1.5.3.jar;C:\Users\tlopes\.m2\repository\com\vaadin\external\google\android-json\0.0.20131108.vaadin1\android-json-0.0.20131108.vaadin1.jar;C:\Users\tlopes\.m2\repository\org\springframework\spring-core\6.2.7\spring-core-6.2.7.jar;C:\Users\tlopes\.m2\repository\org\springframework\spring-jcl\6.2.7\spring-jcl-6.2.7.jar;C:\Users\tlopes\.m2\repository\org\xmlunit\xmlunit-core\2.10.1\xmlunit-core-2.10.1.jar;"/>
    <property name="sun.cpu.endian" value="little"/>
    <property name="user.home" value="C:\Users\tlopes"/>
    <property name="user.language" value="en"/>
    <property name="java.specification.vendor" value="Oracle Corporation"/>
    <property name="spring.embedded.kafka.brokers" value="127.0.0.1:59512"/>
    <property name="java.version.date" value="2023-10-17"/>
    <property name="java.home" value="C:\Program Files\Java\jdk-21"/>
    <property name="zookeeper.forceSync" value="no"/>
    <property name="file.separator" value="\"/>
    <property name="basedir" value="C:\Users\tlopes\Documents\Projects\message-broker-lab\message-broker-lab\message-broker-lab"/>
    <property name="java.vm.compressedOopsMode" value="Zero based"/>
    <property name="line.separator" value="&#10;"/>
    <property name="java.vm.specification.vendor" value="Oracle Corporation"/>
    <property name="java.specification.name" value="Java Platform API Specification"/>
    <property name="FILE_LOG_CHARSET" value="UTF-8"/>
    <property name="java.awt.headless" value="true"/>
    <property name="surefire.real.class.path" value="C:\Users\tlopes\AppData\Local\Temp\surefire17182929028486084499\surefirebooter-20250609130557220_3.jar"/>
    <property name="user.script" value=""/>
    <property name="sun.management.compiler" value="HotSpot 64-Bit Tiered Compilers"/>
    <property name="java.runtime.version" value="21.0.1+12-LTS-29"/>
    <property name="user.name" value="tlopes"/>
    <property name="stdout.encoding" value="Cp1252"/>
    <property name="path.separator" value=";"/>
    <property name="os.version" value="10.0"/>
    <property name="java.runtime.name" value="Java(TM) SE Runtime Environment"/>
    <property name="file.encoding" value="UTF-8"/>
    <property name="java.vm.name" value="Java HotSpot(TM) 64-Bit Server VM"/>
    <property name="localRepository" value="C:\Users\tlopes\.m2\repository"/>
    <property name="java.vendor.url.bug" value="https://bugreport.java.com/bugreport/"/>
    <property name="java.io.tmpdir" value="C:\Users\tlopes\AppData\Local\Temp\"/>
    <property name="idea.version" value="2023.2.5"/>
    <property name="java.version" value="21.0.1"/>
    <property name="spring.kafka.bootstrap-servers" value="127.0.0.1:59512"/>
    <property name="user.dir" value="C:\Users\tlopes\Documents\Projects\message-broker-lab\message-broker-lab\message-broker-lab"/>
    <property name="os.arch" value="amd64"/>
    <property name="java.vm.specification.name" value="Java Virtual Machine Specification"/>
    <property name="PID" value="27124"/>
    <property name="user.language.format" value="pt"/>
    <property name="sun.os.patch.level" value=""/>
    <property name="CONSOLE_LOG_CHARSET" value="UTF-8"/>
    <property name="native.encoding" value="Cp1252"/>
    <property name="java.library.path" value="C:\Program Files\Java\jdk-21\bin;C:\WINDOWS\Sun\Java\bin;C:\WINDOWS\system32;C:\WINDOWS;C:\Program Files\Common Files\Oracle\Java\javapath;C:\Program Files (x86)\Common Files\Oracle\Java\javapath;C:\WINDOWS\system32;C:\WINDOWS;C:\WINDOWS\System32\Wbem;C:\WINDOWS\System32\WindowsPowerShell\v1.0\;C:\WINDOWS\System32\OpenSSH\;C:\Program Files\PuTTY\;C:\Program Files\Microsoft SQL Server\110\Tools\Binn\;C:\Users\tlopes\AppData\Local\Microsoft\WindowsApps;C:\Users\tlopes\AppData\Local\Programs\Microsoft VS Code\bin;C:\Users\tlopes\AppData\Local\JetBrains\IntelliJ IDEA Community Edition 2023.2.5\bin;C:\Users\tlopes\AppData\Local\Programs\Git\cmd;C:\Users\tlopes\node-v20.9.0-win-x64;C:\Program Files\Java\jdk-21\bin;C:\Users\tlopes\AppData\Local\JetBrains\Toolbox\scripts;;%USERPROFILE%\AppData\Local\Microsoft\WindowsApps;."/>
    <property name="java.vm.info" value="mixed mode, sharing"/>
    <property name="stderr.encoding" value="Cp1252"/>
    <property name="java.vendor" value="Oracle Corporation"/>
    <property name="spring.embedded.zookeeper.connect" value="127.0.0.1:59508"/>
    <property name="java.vm.version" value="21.0.1+12-LTS-29"/>
    <property name="sun.io.unicode.encoding" value="UnicodeLittle"/>
    <property name="java.class.version" value="65.0"/>
    <property name="LOGGED_APPLICATION_NAME" value="[message-broker-lab] "/>
  </properties>
  <testcase name="testTopicOne" classname="com.messagebrokers.message_broker_lab.kafka.integration.KafkaIntegrationTest" time="5.788">
    <failure type="java.lang.AssertionError"><![CDATA[java.lang.AssertionError
	at com.messagebrokers.message_broker_lab.kafka.integration.KafkaIntegrationTest.testTopicOne(KafkaIntegrationTest.java:74)
	at java.base/java.lang.reflect.Method.invoke(Method.java:580)
	at java.base/java.util.ArrayList.forEach(ArrayList.java:1596)
	at java.base/java.util.ArrayList.forEach(ArrayList.java:1596)
]]></failure>
    <system-out><![CDATA[13:05:58.516 [main] INFO org.springframework.test.context.support.AnnotationConfigContextLoaderUtils -- Could not detect default configuration classes for test class [com.messagebrokers.message_broker_lab.kafka.integration.KafkaIntegrationTest]: KafkaIntegrationTest does not declare any static, non-private, non-final, nested classes annotated with @Configuration.
13:05:58.654 [main] INFO org.springframework.boot.test.context.SpringBootTestContextBootstrapper -- Found @SpringBootConfiguration com.messagebrokers.message_broker_lab.MessageBrokerLabApplication for test class com.messagebrokers.message_broker_lab.kafka.integration.KafkaIntegrationTest

  .   ____          _            __ _ _
 /\\ / ___'_ __ _ _(_)_ __  __ _ \ \ \ \
( ( )\___ | '_ | '_| | '_ \/ _` | \ \ \ \
 \\/  ___)| |_)| | | | | || (_| |  ) ) ) )
  '  |____| .__|_| |_|_| |_\__, | / / / /
 =========|_|==============|___/=/_/_/_/

 :: Spring Boot ::                (v3.5.0)

2025-06-09T13:05:59.261+01:00  INFO 27124 --- [message-broker-lab] [           main] k.utils.Log4jControllerRegistration$     : Registered kafka:type=kafka.Log4jController MBean
2025-06-09T13:05:59.332+01:00  INFO 27124 --- [message-broker-lab] [           main] o.a.zookeeper.server.ZooKeeperServer     : 
2025-06-09T13:05:59.332+01:00  INFO 27124 --- [message-broker-lab] [           main] o.a.zookeeper.server.ZooKeeperServer     :   ______                  _                                          
2025-06-09T13:05:59.332+01:00  INFO 27124 --- [message-broker-lab] [           main] o.a.zookeeper.server.ZooKeeperServer     :  |___  /                 | |                                         
2025-06-09T13:05:59.332+01:00  INFO 27124 --- [message-broker-lab] [           main] o.a.zookeeper.server.ZooKeeperServer     :     / /    ___     ___   | | __   ___    ___   _ __     ___   _ __   
2025-06-09T13:05:59.332+01:00  INFO 27124 --- [message-broker-lab] [           main] o.a.zookeeper.server.ZooKeeperServer     :    / /    / _ \   / _ \  | |/ /  / _ \  / _ \ | '_ \   / _ \ | '__|
2025-06-09T13:05:59.332+01:00  INFO 27124 --- [message-broker-lab] [           main] o.a.zookeeper.server.ZooKeeperServer     :   / /__  | (_) | | (_) | |   <  |  __/ |  __/ | |_) | |  __/ | |    
2025-06-09T13:05:59.333+01:00  INFO 27124 --- [message-broker-lab] [           main] o.a.zookeeper.server.ZooKeeperServer     :  /_____|  \___/   \___/  |_|\_\  \___|  \___| | .__/   \___| |_|
2025-06-09T13:05:59.333+01:00  INFO 27124 --- [message-broker-lab] [           main] o.a.zookeeper.server.ZooKeeperServer     :                                               | |                     
2025-06-09T13:05:59.333+01:00  INFO 27124 --- [message-broker-lab] [           main] o.a.zookeeper.server.ZooKeeperServer     :                                               |_|                     
2025-06-09T13:05:59.333+01:00  INFO 27124 --- [message-broker-lab] [           main] o.a.zookeeper.server.ZooKeeperServer     : 
2025-06-09T13:05:59.358+01:00  INFO 27124 --- [message-broker-lab] [           main] o.a.zookeeper.server.ZooKeeperServer     : Server environment:zookeeper.version=3.8.4-9316c2a7a97e1666d8f4593f34dd6fc36ecc436c, built on 2024-02-12 22:16 UTC
2025-06-09T13:05:59.358+01:00  INFO 27124 --- [message-broker-lab] [           main] o.a.zookeeper.server.ZooKeeperServer     : Server environment:host.name=dev52.intranet.digitalsign.pt
2025-06-09T13:05:59.358+01:00  INFO 27124 --- [message-broker-lab] [           main] o.a.zookeeper.server.ZooKeeperServer     : Server environment:java.version=21.0.1
2025-06-09T13:05:59.358+01:00  INFO 27124 --- [message-broker-lab] [           main] o.a.zookeeper.server.ZooKeeperServer     : Server environment:java.vendor=Oracle Corporation
2025-06-09T13:05:59.358+01:00  INFO 27124 --- [message-broker-lab] [           main] o.a.zookeeper.server.ZooKeeperServer     : Server environment:java.home=C:\Program Files\Java\jdk-21
2025-06-09T13:05:59.358+01:00  INFO 27124 --- [message-broker-lab] [           main] o.a.zookeeper.server.ZooKeeperServer     : Server environment:java.class.path=C:\Users\tlopes\Documents\Projects\message-broker-lab\message-broker-lab\message-broker-lab\target\test-classes;C:\Users\tlopes\Documents\Projects\message-broker-lab\message-broker-lab\message-broker-lab\target\classes;C:\Users\tlopes\.m2\repository\org\springframework\boot\spring-boot-starter-web\3.5.0\spring-boot-starter-web-3.5.0.jar;C:\Users\tlopes\.m2\repository\org\springframework\boot\spring-boot-starter\3.5.0\spring-boot-starter-3.5.0.jar;C:\Users\tlopes\.m2\repository\org\springframework\boot\spring-boot\3.5.0\spring-boot-3.5.0.jar;C:\Users\tlopes\.m2\repository\org\springframework\boot\spring-boot-autoconfigure\3.5.0\spring-boot-autoconfigure-3.5.0.jar;C:\Users\tlopes\.m2\repository\org\springframework\boot\spring-boot-starter-logging\3.5.0\spring-boot-starter-logging-3.5.0.jar;C:\Users\tlopes\.m2\repository\org\apache\logging\log4j\log4j-to-slf4j\2.24.3\log4j-to-slf4j-2.24.3.jar;C:\Users\tlopes\.m2\repository\org\apache\logging\log4j\log4j-api\2.24.3\log4j-api-2.24.3.jar;C:\Users\tlopes\.m2\repository\org\slf4j\jul-to-slf4j\2.0.17\jul-to-slf4j-2.0.17.jar;C:\Users\tlopes\.m2\repository\jakarta\annotation\jakarta.annotation-api\2.1.1\jakarta.annotation-api-2.1.1.jar;C:\Users\tlopes\.m2\repository\org\yaml\snakeyaml\2.4\snakeyaml-2.4.jar;C:\Users\tlopes\.m2\repository\org\springframework\boot\spring-boot-starter-json\3.5.0\spring-boot-starter-json-3.5.0.jar;C:\Users\tlopes\.m2\repository\com\fasterxml\jackson\core\jackson-databind\2.19.0\jackson-databind-2.19.0.jar;C:\Users\tlopes\.m2\repository\com\fasterxml\jackson\core\jackson-annotations\2.19.0\jackson-annotations-2.19.0.jar;C:\Users\tlopes\.m2\repository\com\fasterxml\jackson\core\jackson-core\2.19.0\jackson-core-2.19.0.jar;C:\Users\tlopes\.m2\repository\com\fasterxml\jackson\datatype\jackson-datatype-jdk8\2.19.0\jackson-datatype-jdk8-2.19.0.jar;C:\Users\tlopes\.m2\repository\com\fasterxml\jackson\datatype\jackson-datatype-jsr310\2.19.0\jackson-datatype-jsr310-2.19.0.jar;C:\Users\tlopes\.m2\repository\com\fasterxml\jackson\module\jackson-module-parameter-names\2.19.0\jackson-module-parameter-names-2.19.0.jar;C:\Users\tlopes\.m2\repository\org\springframework\boot\spring-boot-starter-tomcat\3.5.0\spring-boot-starter-tomcat-3.5.0.jar;C:\Users\tlopes\.m2\repository\org\apache\tomcat\embed\tomcat-embed-core\10.1.41\tomcat-embed-core-10.1.41.jar;C:\Users\tlopes\.m2\repository\org\apache\tomcat\embed\tomcat-embed-el\10.1.41\tomcat-embed-el-10.1.41.jar;C:\Users\tlopes\.m2\repository\org\apache\tomcat\embed\tomcat-embed-websocket\10.1.41\tomcat-embed-websocket-10.1.41.jar;C:\Users\tlopes\.m2\repository\org\springframework\spring-web\6.2.7\spring-web-6.2.7.jar;C:\Users\tlopes\.m2\repository\org\springframework\spring-beans\6.2.7\spring-beans-6.2.7.jar;C:\Users\tlopes\.m2\repository\org\springframework\spring-webmvc\6.2.7\spring-webmvc-6.2.7.jar;C:\Users\tlopes\.m2\repository\org\springframework\spring-aop\6.2.7\spring-aop-6.2.7.jar;C:\Users\tlopes\.m2\repository\org\springframework\spring-expression\6.2.7\spring-expression-6.2.7.jar;C:\Users\tlopes\.m2\repository\org\springframework\amqp\spring-rabbit-stream\3.2.5\spring-rabbit-stream-3.2.5.jar;C:\Users\tlopes\.m2\repository\org\springframework\amqp\spring-rabbit\3.2.5\spring-rabbit-3.2.5.jar;C:\Users\tlopes\.m2\repository\org\springframework\amqp\spring-amqp\3.2.5\spring-amqp-3.2.5.jar;C:\Users\tlopes\.m2\repository\com\rabbitmq\amqp-client\5.25.0\amqp-client-5.25.0.jar;C:\Users\tlopes\.m2\repository\com\rabbitmq\stream-client\0.23.0\stream-client-0.23.0.jar;C:\Users\tlopes\.m2\repository\org\slf4j\slf4j-api\2.0.17\slf4j-api-2.0.17.jar;C:\Users\tlopes\.m2\repository\io\netty\netty-transport\4.1.121.Final\netty-transport-4.1.121.Final.jar;C:\Users\tlopes\.m2\repository\io\netty\netty-common\4.1.121.Final\netty-common-4.1.121.Final.jar;C:\Users\tlopes\.m2\repository\io\netty\netty-buffer\4.1.121.Final\netty-buffer-4.1.121.Final.jar;C:\Users\tlopes\.m2\repository\io\netty\netty-resolver\4.1.121.Final\netty-resolver-4.1.121.Final.jar;C:\Users\tlopes\.m2\repository\io\netty\netty-codec\4.1.121.Final\netty-codec-4.1.121.Final.jar;C:\Users\tlopes\.m2\repository\io\netty\netty-handler\4.1.121.Final\netty-handler-4.1.121.Final.jar;C:\Users\tlopes\.m2\repository\io\netty\netty-transport-native-unix-common\4.1.121.Final\netty-transport-native-unix-common-4.1.121.Final.jar;C:\Users\tlopes\.m2\repository\org\apache\qpid\proton-j\0.34.1\proton-j-0.34.1.jar;C:\Users\tlopes\.m2\repository\com\github\luben\zstd-jni\1.5.7-2\zstd-jni-1.5.7-2.jar;C:\Users\tlopes\.m2\repository\org\lz4\lz4-java\1.8.0\lz4-java-1.8.0.jar;C:\Users\tlopes\.m2\repository\org\xerial\snappy\snappy-java\1.1.10.7\snappy-java-1.1.10.7.jar;C:\Users\tlopes\.m2\repository\org\springframework\kafka\spring-kafka\3.3.6\spring-kafka-3.3.6.jar;C:\Users\tlopes\.m2\repository\org\springframework\spring-context\6.2.7\spring-context-6.2.7.jar;C:\Users\tlopes\.m2\repository\org\springframework\spring-messaging\6.2.7\spring-messaging-6.2.7.jar;C:\Users\tlopes\.m2\repository\org\springframework\spring-tx\6.2.7\spring-tx-6.2.7.jar;C:\Users\tlopes\.m2\repository\org\springframework\retry\spring-retry\2.0.12\spring-retry-2.0.12.jar;C:\Users\tlopes\.m2\repository\org\apache\kafka\kafka-clients\3.9.1\kafka-clients-3.9.1.jar;C:\Users\tlopes\.m2\repository\io\micrometer\micrometer-observation\1.15.0\micrometer-observation-1.15.0.jar;C:\Users\tlopes\.m2\repository\io\micrometer\micrometer-commons\1.15.0\micrometer-commons-1.15.0.jar;C:\Users\tlopes\.m2\repository\org\springframework\kafka\spring-kafka-test\3.3.6\spring-kafka-test-3.3.6.jar;C:\Users\tlopes\.m2\repository\org\springframework\spring-test\6.2.7\spring-test-6.2.7.jar;C:\Users\tlopes\.m2\repository\org\apache\zookeeper\zookeeper\3.8.4\zookeeper-3.8.4.jar;C:\Users\tlopes\.m2\repository\org\apache\zookeeper\zookeeper-jute\3.8.4\zookeeper-jute-3.8.4.jar;C:\Users\tlopes\.m2\repository\org\apache\yetus\audience-annotations\0.12.0\audience-annotations-0.12.0.jar;C:\Users\tlopes\.m2\repository\io\netty\netty-transport-native-epoll\4.1.121.Final\netty-transport-native-epoll-4.1.121.Final.jar;C:\Users\tlopes\.m2\repository\io\netty\netty-transport-classes-epoll\4.1.121.Final\netty-transport-classes-epoll-4.1.121.Final.jar;C:\Users\tlopes\.m2\repository\ch\qos\logback\logback-core\1.5.18\logback-core-1.5.18.jar;C:\Users\tlopes\.m2\repository\ch\qos\logback\logback-classic\1.5.18\logback-classic-1.5.18.jar;C:\Users\tlopes\.m2\repository\commons-io\commons-io\2.11.0\commons-io-2.11.0.jar;C:\Users\tlopes\.m2\repository\org\apache\kafka\kafka-clients\3.9.1\kafka-clients-3.9.1-test.jar;C:\Users\tlopes\.m2\repository\org\apache\kafka\kafka-server\3.9.1\kafka-server-3.9.1.jar;C:\Users\tlopes\.m2\repository\org\apache\kafka\kafka-storage\3.9.1\kafka-storage-3.9.1.jar;C:\Users\tlopes\.m2\repository\com\github\ben-manes\caffeine\caffeine\3.2.0\caffeine-3.2.0.jar;C:\Users\tlopes\.m2\repository\org\jspecify\jspecify\1.0.0\jspecify-1.0.0.jar;C:\Users\tlopes\.m2\repository\com\google\errorprone\error_prone_annotations\2.36.0\error_prone_annotations-2.36.0.jar;C:\Users\tlopes\.m2\repository\org\apache\kafka\kafka-group-coordinator\3.9.1\kafka-group-coordinator-3.9.1.jar;C:\Users\tlopes\.m2\repository\org\apache\kafka\kafka-transaction-coordinator\3.9.1\kafka-transaction-coordinator-3.9.1.jar;C:\Users\tlopes\.m2\repository\org\apache\kafka\kafka-raft\3.9.1\kafka-raft-3.9.1.jar;C:\Users\tlopes\.m2\repository\com\yammer\metrics\metrics-core\2.2.0\metrics-core-2.2.0.jar;C:\Users\tlopes\.m2\repository\org\apache\kafka\kafka-metadata\3.9.1\kafka-metadata-3.9.1.jar;C:\Users\tlopes\.m2\repository\org\apache\kafka\kafka-server-common\3.9.1\kafka-server-common-3.9.1.jar;C:\Users\tlopes\.m2\repository\net\sf\jopt-simple\jopt-simple\5.0.4\jopt-simple-5.0.4.jar;C:\Users\tlopes\.m2\repository\org\pcollections\pcollections\4.0.1\pcollections-4.0.1.jar;C:\Users\tlopes\.m2\repository\org\apache\kafka\kafka-server-common\3.9.1\kafka-server-common-3.9.1-test.jar;C:\Users\tlopes\.m2\repository\org\apache\kafka\kafka-streams-test-utils\3.9.1\kafka-streams-test-utils-3.9.1.jar;C:\Users\tlopes\.m2\repository\org\apache\kafka\kafka-streams\3.9.1\kafka-streams-3.9.1.jar;C:\Users\tlopes\.m2\repository\org\rocksdb\rocksdbjni\7.9.2\rocksdbjni-7.9.2.jar;C:\Users\tlopes\.m2\repository\org\apache\kafka\kafka_2.13\3.9.1\kafka_2.13-3.9.1.jar;C:\Users\tlopes\.m2\repository\org\scala-lang\scala-library\2.13.15\scala-library-2.13.15.jar;C:\Users\tlopes\.m2\repository\org\apache\kafka\kafka-group-coordinator-api\3.9.1\kafka-group-coordinator-api-3.9.1.jar;C:\Users\tlopes\.m2\repository\org\apache\kafka\kafka-storage-api\3.9.1\kafka-storage-api-3.9.1.jar;C:\Users\tlopes\.m2\repository\org\apache\kafka\kafka-tools-api\3.9.1\kafka-tools-api-3.9.1.jar;C:\Users\tlopes\.m2\repository\net\sourceforge\argparse4j\argparse4j\0.7.0\argparse4j-0.7.0.jar;C:\Users\tlopes\.m2\repository\commons-validator\commons-validator\1.7\commons-validator-1.7.jar;C:\Users\tlopes\.m2\repository\commons-beanutils\commons-beanutils\1.9.4\commons-beanutils-1.9.4.jar;C:\Users\tlopes\.m2\repository\commons-digester\commons-digester\2.1\commons-digester-2.1.jar;C:\Users\tlopes\.m2\repository\commons-collections\commons-collections\3.2.2\commons-collections-3.2.2.jar;C:\Users\tlopes\.m2\repository\com\fasterxml\jackson\module\jackson-module-scala_2.13\2.19.0\jackson-module-scala_2.13-2.19.0.jar;C:\Users\tlopes\.m2\repository\com\thoughtworks\paranamer\paranamer\2.8.3\paranamer-2.8.3.jar;C:\Users\tlopes\.m2\repository\com\fasterxml\jackson\dataformat\jackson-dataformat-csv\2.19.0\jackson-dataformat-csv-2.19.0.jar;C:\Users\tlopes\.m2\repository\org\bitbucket\b_c\jose4j\0.9.4\jose4j-0.9.4.jar;C:\Users\tlopes\.m2\repository\org\scala-lang\modules\scala-collection-compat_2.13\2.10.0\scala-collection-compat_2.13-2.10.0.jar;C:\Users\tlopes\.m2\repository\org\scala-lang\modules\scala-java8-compat_2.13\1.0.2\scala-java8-compat_2.13-1.0.2.jar;C:\Users\tlopes\.m2\repository\org\scala-lang\scala-reflect\2.13.15\scala-reflect-2.13.15.jar;C:\Users\tlopes\.m2\repository\com\typesafe\scala-logging\scala-logging_2.13\3.9.5\scala-logging_2.13-3.9.5.jar;C:\Users\tlopes\.m2\repository\io\dropwizard\metrics\metrics-core\4.1.12.1\metrics-core-4.1.12.1.jar;C:\Users\tlopes\.m2\repository\commons-cli\commons-cli\1.4\commons-cli-1.4.jar;C:\Users\tlopes\.m2\repository\org\apache\kafka\kafka_2.13\3.9.1\kafka_2.13-3.9.1-test.jar;C:\Users\tlopes\.m2\repository\org\junit\jupiter\junit-jupiter-api\5.12.2\junit-jupiter-api-5.12.2.jar;C:\Users\tlopes\.m2\repository\org\opentest4j\opentest4j\1.3.0\opentest4j-1.3.0.jar;C:\Users\tlopes\.m2\repository\org\junit\platform\junit-platform-commons\1.12.2\junit-platform-commons-1.12.2.jar;C:\Users\tlopes\.m2\repository\org\apiguardian\apiguardian-api\1.1.2\apiguardian-api-1.1.2.jar;C:\Users\tlopes\.m2\repository\org\junit\platform\junit-platform-launcher\1.12.2\junit-platform-launcher-1.12.2.jar;C:\Users\tlopes\.m2\repository\org\junit\platform\junit-platform-engine\1.12.2\junit-platform-engine-1.12.2.jar;C:\Users\tlopes\.m2\repository\org\springframework\boot\spring-boot-starter-test\3.5.0\spring-boot-starter-test-3.5.0.jar;C:\Users\tlopes\.m2\repository\org\springframework\boot\spring-boot-test\3.5.0\spring-boot-test-3.5.0.jar;C:\Users\tlopes\.m2\repository\org\springframework\boot\spring-boot-test-autoconfigure\3.5.0\spring-boot-test-autoconfigure-3.5.0.jar;C:\Users\tlopes\.m2\repository\com\jayway\jsonpath\json-path\2.9.0\json-path-2.9.0.jar;C:\Users\tlopes\.m2\repository\jakarta\xml\bind\jakarta.xml.bind-api\4.0.2\jakarta.xml.bind-api-4.0.2.jar;C:\Users\tlopes\.m2\repository\jakarta\activation\jakarta.activation-api\2.1.3\jakarta.activation-api-2.1.3.jar;C:\Users\tlopes\.m2\repository\net\minidev\json-smart\2.5.2\json-smart-2.5.2.jar;C:\Users\tlopes\.m2\repository\net\minidev\accessors-smart\2.5.2\accessors-smart-2.5.2.jar;C:\Users\tlopes\.m2\repository\org\ow2\asm\asm\9.7.1\asm-9.7.1.jar;C:\Users\tlopes\.m2\repository\org\assertj\assertj-core\3.27.3\assertj-core-3.27.3.jar;C:\Users\tlopes\.m2\repository\net\bytebuddy\byte-buddy\1.17.5\byte-buddy-1.17.5.jar;C:\Users\tlopes\.m2\repository\org\awaitility\awaitility\4.3.0\awaitility-4.3.0.jar;C:\Users\tlopes\.m2\repository\org\hamcrest\hamcrest\3.0\hamcrest-3.0.jar;C:\Users\tlopes\.m2\repository\org\junit\jupiter\junit-jupiter\5.12.2\junit-jupiter-5.12.2.jar;C:\Users\tlopes\.m2\repository\org\junit\jupiter\junit-jupiter-params\5.12.2\junit-jupiter-params-5.12.2.jar;C:\Users\tlopes\.m2\repository\org\junit\jupiter\junit-jupiter-engine\5.12.2\junit-jupiter-engine-5.12.2.jar;C:\Users\tlopes\.m2\repository\org\mockito\mockito-core\5.17.0\mockito-core-5.17.0.jar;C:\Users\tlopes\.m2\repository\net\bytebuddy\byte-buddy-agent\1.17.5\byte-buddy-agent-1.17.5.jar;C:\Users\tlopes\.m2\repository\org\objenesis\objenesis\3.3\objenesis-3.3.jar;C:\Users\tlopes\.m2\repository\org\mockito\mockito-junit-jupiter\5.17.0\mockito-junit-jupiter-5.17.0.jar;C:\Users\tlopes\.m2\repository\org\skyscreamer\jsonassert\1.5.3\jsonassert-1.5.3.jar;C:\Users\tlopes\.m2\repository\com\vaadin\external\google\android-json\0.0.20131108.vaadin1\android-json-0.0.20131108.vaadin1.jar;C:\Users\tlopes\.m2\repository\org\springframework\spring-core\6.2.7\spring-core-6.2.7.jar;C:\Users\tlopes\.m2\repository\org\springframework\spring-jcl\6.2.7\spring-jcl-6.2.7.jar;C:\Users\tlopes\.m2\repository\org\xmlunit\xmlunit-core\2.10.1\xmlunit-core-2.10.1.jar;
2025-06-09T13:05:59.359+01:00  INFO 27124 --- [message-broker-lab] [           main] o.a.zookeeper.server.ZooKeeperServer     : Server environment:java.library.path=C:\Program Files\Java\jdk-21\bin;C:\WINDOWS\Sun\Java\bin;C:\WINDOWS\system32;C:\WINDOWS;C:\Program Files\Common Files\Oracle\Java\javapath;C:\Program Files (x86)\Common Files\Oracle\Java\javapath;C:\WINDOWS\system32;C:\WINDOWS;C:\WINDOWS\System32\Wbem;C:\WINDOWS\System32\WindowsPowerShell\v1.0\;C:\WINDOWS\System32\OpenSSH\;C:\Program Files\PuTTY\;C:\Program Files\Microsoft SQL Server\110\Tools\Binn\;C:\Users\tlopes\AppData\Local\Microsoft\WindowsApps;C:\Users\tlopes\AppData\Local\Programs\Microsoft VS Code\bin;C:\Users\tlopes\AppData\Local\JetBrains\IntelliJ IDEA Community Edition 2023.2.5\bin;C:\Users\tlopes\AppData\Local\Programs\Git\cmd;C:\Users\tlopes\node-v20.9.0-win-x64;C:\Program Files\Java\jdk-21\bin;C:\Users\tlopes\AppData\Local\JetBrains\Toolbox\scripts;;%USERPROFILE%\AppData\Local\Microsoft\WindowsApps;.
2025-06-09T13:05:59.359+01:00  INFO 27124 --- [message-broker-lab] [           main] o.a.zookeeper.server.ZooKeeperServer     : Server environment:java.io.tmpdir=C:\Users\tlopes\AppData\Local\Temp\
2025-06-09T13:05:59.359+01:00  INFO 27124 --- [message-broker-lab] [           main] o.a.zookeeper.server.ZooKeeperServer     : Server environment:java.compiler=<NA>
2025-06-09T13:05:59.360+01:00  INFO 27124 --- [message-broker-lab] [           main] o.a.zookeeper.server.ZooKeeperServer     : Server environment:os.name=Windows 11
2025-06-09T13:05:59.360+01:00  INFO 27124 --- [message-broker-lab] [           main] o.a.zookeeper.server.ZooKeeperServer     : Server environment:os.arch=amd64
2025-06-09T13:05:59.360+01:00  INFO 27124 --- [message-broker-lab] [           main] o.a.zookeeper.server.ZooKeeperServer     : Server environment:os.version=10.0
2025-06-09T13:05:59.360+01:00  INFO 27124 --- [message-broker-lab] [           main] o.a.zookeeper.server.ZooKeeperServer     : Server environment:user.name=tlopes
2025-06-09T13:05:59.360+01:00  INFO 27124 --- [message-broker-lab] [           main] o.a.zookeeper.server.ZooKeeperServer     : Server environment:user.home=C:\Users\tlopes
2025-06-09T13:05:59.360+01:00  INFO 27124 --- [message-broker-lab] [           main] o.a.zookeeper.server.ZooKeeperServer     : Server environment:user.dir=C:\Users\tlopes\Documents\Projects\message-broker-lab\message-broker-lab\message-broker-lab
2025-06-09T13:05:59.360+01:00  INFO 27124 --- [message-broker-lab] [           main] o.a.zookeeper.server.ZooKeeperServer     : Server environment:os.memory.free=38MB
2025-06-09T13:05:59.360+01:00  INFO 27124 --- [message-broker-lab] [           main] o.a.zookeeper.server.ZooKeeperServer     : Server environment:os.memory.max=4022MB
2025-06-09T13:05:59.360+01:00  INFO 27124 --- [message-broker-lab] [           main] o.a.zookeeper.server.ZooKeeperServer     : Server environment:os.memory.total=68MB
2025-06-09T13:05:59.360+01:00  INFO 27124 --- [message-broker-lab] [           main] o.a.zookeeper.server.ZooKeeperServer     : zookeeper.enableEagerACLCheck = false
2025-06-09T13:05:59.362+01:00  INFO 27124 --- [message-broker-lab] [           main] o.a.zookeeper.server.ZooKeeperServer     : zookeeper.digest.enabled = true
2025-06-09T13:05:59.362+01:00  INFO 27124 --- [message-broker-lab] [           main] o.a.zookeeper.server.ZooKeeperServer     : zookeeper.closeSessionTxn.enabled = true
2025-06-09T13:05:59.362+01:00  INFO 27124 --- [message-broker-lab] [           main] o.a.zookeeper.server.ZooKeeperServer     : zookeeper.flushDelay = 0 ms
2025-06-09T13:05:59.362+01:00  INFO 27124 --- [message-broker-lab] [           main] o.a.zookeeper.server.ZooKeeperServer     : zookeeper.maxWriteQueuePollTime = 0 ms
2025-06-09T13:05:59.362+01:00  INFO 27124 --- [message-broker-lab] [           main] o.a.zookeeper.server.ZooKeeperServer     : zookeeper.maxBatchSize=1000
2025-06-09T13:05:59.362+01:00  INFO 27124 --- [message-broker-lab] [           main] o.a.zookeeper.server.ZooKeeperServer     : zookeeper.intBufferStartingSizeBytes = 1024
2025-06-09T13:05:59.364+01:00  INFO 27124 --- [message-broker-lab] [           main] o.a.z.server.persistence.FileTxnSnapLog  : zookeeper.snapshot.trust.empty : false
2025-06-09T13:05:59.379+01:00  INFO 27124 --- [message-broker-lab] [           main] o.a.z.server.watch.WatchManagerFactory   : Using org.apache.zookeeper.server.watch.WatchManager as watch manager
2025-06-09T13:05:59.379+01:00  INFO 27124 --- [message-broker-lab] [           main] o.a.z.server.watch.WatchManagerFactory   : Using org.apache.zookeeper.server.watch.WatchManager as watch manager
2025-06-09T13:05:59.380+01:00  INFO 27124 --- [message-broker-lab] [           main] org.apache.zookeeper.server.ZKDatabase   : zookeeper.snapshotSizeFactor = 0.33
2025-06-09T13:05:59.380+01:00  INFO 27124 --- [message-broker-lab] [           main] org.apache.zookeeper.server.ZKDatabase   : zookeeper.commitLogCount=500
2025-06-09T13:05:59.383+01:00  INFO 27124 --- [message-broker-lab] [           main] o.apache.zookeeper.server.BlueThrottle   : Weighed connection throttling is disabled
2025-06-09T13:05:59.386+01:00  INFO 27124 --- [message-broker-lab] [           main] o.a.zookeeper.server.ZooKeeperServer     : minSessionTimeout set to 1600 ms
2025-06-09T13:05:59.386+01:00  INFO 27124 --- [message-broker-lab] [           main] o.a.zookeeper.server.ZooKeeperServer     : maxSessionTimeout set to 16000 ms
2025-06-09T13:05:59.387+01:00  INFO 27124 --- [message-broker-lab] [           main] o.apache.zookeeper.server.ResponseCache  : getData response cache size is initialized with value 400.
2025-06-09T13:05:59.387+01:00  INFO 27124 --- [message-broker-lab] [           main] o.apache.zookeeper.server.ResponseCache  : getChildren response cache size is initialized with value 400.
2025-06-09T13:05:59.389+01:00  INFO 27124 --- [message-broker-lab] [           main] o.a.z.s.u.RequestPathMetricsCollector    : zookeeper.pathStats.slotCapacity = 60
2025-06-09T13:05:59.389+01:00  INFO 27124 --- [message-broker-lab] [           main] o.a.z.s.u.RequestPathMetricsCollector    : zookeeper.pathStats.slotDuration = 15
2025-06-09T13:05:59.389+01:00  INFO 27124 --- [message-broker-lab] [           main] o.a.z.s.u.RequestPathMetricsCollector    : zookeeper.pathStats.maxDepth = 6
2025-06-09T13:05:59.389+01:00  INFO 27124 --- [message-broker-lab] [           main] o.a.z.s.u.RequestPathMetricsCollector    : zookeeper.pathStats.initialDelay = 5
2025-06-09T13:05:59.389+01:00  INFO 27124 --- [message-broker-lab] [           main] o.a.z.s.u.RequestPathMetricsCollector    : zookeeper.pathStats.delay = 5
2025-06-09T13:05:59.389+01:00  INFO 27124 --- [message-broker-lab] [           main] o.a.z.s.u.RequestPathMetricsCollector    : zookeeper.pathStats.enabled = false
2025-06-09T13:05:59.390+01:00  INFO 27124 --- [message-broker-lab] [           main] o.a.zookeeper.server.ZooKeeperServer     : The max bytes for all large requests are set to 104857600
2025-06-09T13:05:59.390+01:00  INFO 27124 --- [message-broker-lab] [           main] o.a.zookeeper.server.ZooKeeperServer     : The large request threshold is set to -1
2025-06-09T13:05:59.391+01:00  INFO 27124 --- [message-broker-lab] [           main] o.a.z.server.AuthenticationHelper        : zookeeper.enforce.auth.enabled = false
2025-06-09T13:05:59.391+01:00  INFO 27124 --- [message-broker-lab] [           main] o.a.z.server.AuthenticationHelper        : zookeeper.enforce.auth.schemes = []
2025-06-09T13:05:59.391+01:00  INFO 27124 --- [message-broker-lab] [           main] o.a.zookeeper.server.ZooKeeperServer     : Created server with tickTime 800 ms minSessionTimeout 1600 ms maxSessionTimeout 16000 ms clientPortListenBacklog -1 datadir C:\Users\tlopes\AppData\Local\Temp\kafka-1592282715187436412\version-2 snapdir C:\Users\tlopes\AppData\Local\Temp\kafka-14573548498372338759\version-2
2025-06-09T13:05:59.398+01:00  WARN 27124 --- [message-broker-lab] [           main] o.a.zookeeper.server.ServerCnxnFactory   : maxCnxns is not configured, using default value 0.
2025-06-09T13:05:59.399+01:00  INFO 27124 --- [message-broker-lab] [           main] o.a.z.server.NIOServerCnxnFactory        : Configuring NIO connection handler with 10s sessionless connection timeout, 3 selector thread(s), 40 worker threads, and 64 kB direct buffers.
2025-06-09T13:05:59.426+01:00  INFO 27124 --- [message-broker-lab] [           main] o.a.z.server.NIOServerCnxnFactory        : binding to port /127.0.0.1:0
2025-06-09T13:05:59.445+01:00  INFO 27124 --- [message-broker-lab] [           main] o.a.z.server.persistence.SnapStream      : zookeeper.snapshot.compression.method = CHECKED
2025-06-09T13:05:59.445+01:00  INFO 27124 --- [message-broker-lab] [           main] o.a.z.server.persistence.FileTxnSnapLog  : Snapshotting: 0x0 to C:\Users\tlopes\AppData\Local\Temp\kafka-14573548498372338759\version-2\snapshot.0
2025-06-09T13:05:59.451+01:00  INFO 27124 --- [message-broker-lab] [           main] org.apache.zookeeper.server.ZKDatabase   : Snapshot loaded in 19 ms, highest zxid is 0x0, digest is 1371985504
2025-06-09T13:05:59.452+01:00  INFO 27124 --- [message-broker-lab] [           main] o.a.z.server.persistence.FileTxnSnapLog  : Snapshotting: 0x0 to C:\Users\tlopes\AppData\Local\Temp\kafka-14573548498372338759\version-2\snapshot.0
2025-06-09T13:05:59.454+01:00  INFO 27124 --- [message-broker-lab] [           main] o.a.zookeeper.server.ZooKeeperServer     : Snapshot taken in 2 ms
2025-06-09T13:05:59.465+01:00  INFO 27124 --- [message-broker-lab] [0 cport:59508):] o.a.z.server.PrepRequestProcessor        : PrepRequestProcessor (sid:0) started, reconfigEnabled=false
2025-06-09T13:05:59.465+01:00  INFO 27124 --- [message-broker-lab] [           main] o.a.zookeeper.server.RequestThrottler    : zookeeper.request_throttler.shutdownTimeout = 10000 ms
2025-06-09T13:05:59.623+01:00  INFO 27124 --- [message-broker-lab] [           main] kafka.server.KafkaConfig                 : KafkaConfig values: 
	advertised.listeners = null
	alter.config.policy.class.name = null
	alter.log.dirs.replication.quota.window.num = 11
	alter.log.dirs.replication.quota.window.size.seconds = 1
	authorizer.class.name = 
	auto.create.topics.enable = true
	auto.include.jmx.reporter = true
	auto.leader.rebalance.enable = true
	background.threads = 2
	broker.heartbeat.interval.ms = 2000
	broker.id = 0
	broker.id.generation.enable = true
	broker.rack = null
	broker.session.timeout.ms = 9000
	client.quota.callback.class = null
	compression.gzip.level = -1
	compression.lz4.level = 9
	compression.type = producer
	compression.zstd.level = 3
	connection.failed.authentication.delay.ms = 100
	connections.max.idle.ms = 600000
	connections.max.reauth.ms = 0
	control.plane.listener.name = null
	controlled.shutdown.enable = false
	controlled.shutdown.max.retries = 3
	controlled.shutdown.retry.backoff.ms = 100
	controller.listener.names = null
	controller.quorum.append.linger.ms = 25
	controller.quorum.bootstrap.servers = []
	controller.quorum.election.backoff.max.ms = 1000
	controller.quorum.election.timeout.ms = 1000
	controller.quorum.fetch.timeout.ms = 2000
	controller.quorum.request.timeout.ms = 2000
	controller.quorum.retry.backoff.ms = 20
	controller.quorum.voters = []
	controller.quota.window.num = 11
	controller.quota.window.size.seconds = 1
	controller.socket.timeout.ms = 1000
	create.topic.policy.class.name = null
	default.replication.factor = 1
	delegation.token.expiry.check.interval.ms = 3600000
	delegation.token.expiry.time.ms = 86400000
	delegation.token.master.key = null
	delegation.token.max.lifetime.ms = 604800000
	delegation.token.secret.key = null
	delete.records.purgatory.purge.interval.requests = 1
	delete.topic.enable = true
	early.start.listeners = null
	eligible.leader.replicas.enable = false
	fetch.max.bytes = 57671680
	fetch.purgatory.purge.interval.requests = 1000
	group.consumer.assignors = [org.apache.kafka.coordinator.group.assignor.UniformAssignor, org.apache.kafka.coordinator.group.assignor.RangeAssignor]
	group.consumer.heartbeat.interval.ms = 5000
	group.consumer.max.heartbeat.interval.ms = 15000
	group.consumer.max.session.timeout.ms = 60000
	group.consumer.max.size = 2147483647
	group.consumer.migration.policy = disabled
	group.consumer.min.heartbeat.interval.ms = 5000
	group.consumer.min.session.timeout.ms = 45000
	group.consumer.session.timeout.ms = 45000
	group.coordinator.append.linger.ms = 10
	group.coordinator.new.enable = false
	group.coordinator.rebalance.protocols = [classic]
	group.coordinator.threads = 1
	group.initial.rebalance.delay.ms = 0
	group.max.session.timeout.ms = 1800000
	group.max.size = 2147483647
	group.min.session.timeout.ms = 6000
	group.share.delivery.count.limit = 5
	group.share.enable = false
	group.share.heartbeat.interval.ms = 5000
	group.share.max.groups = 10
	group.share.max.heartbeat.interval.ms = 15000
	group.share.max.record.lock.duration.ms = 60000
	group.share.max.session.timeout.ms = 60000
	group.share.max.size = 200
	group.share.min.heartbeat.interval.ms = 5000
	group.share.min.record.lock.duration.ms = 15000
	group.share.min.session.timeout.ms = 45000
	group.share.partition.max.record.locks = 200
	group.share.record.lock.duration.ms = 30000
	group.share.session.timeout.ms = 45000
	initial.broker.registration.timeout.ms = 60000
	inter.broker.listener.name = null
	inter.broker.protocol.version = 3.9-IV0
	kafka.metrics.polling.interval.secs = 10
	kafka.metrics.reporters = []
	leader.imbalance.check.interval.seconds = 300
	leader.imbalance.per.broker.percentage = 10
	listener.security.protocol.map = SASL_SSL:SASL_SSL,PLAINTEXT:PLAINTEXT,SSL:SSL,SASL_PLAINTEXT:SASL_PLAINTEXT
	listeners = PLAINTEXT://localhost:0
	log.cleaner.backoff.ms = 15000
	log.cleaner.dedupe.buffer.size = 2097152
	log.cleaner.delete.retention.ms = 86400000
	log.cleaner.enable = true
	log.cleaner.io.buffer.load.factor = 0.9
	log.cleaner.io.buffer.size = 524288
	log.cleaner.io.max.bytes.per.second = 1.7976931348623157E308
	log.cleaner.max.compaction.lag.ms = 9223372036854775807
	log.cleaner.min.cleanable.ratio = 0.5
	log.cleaner.min.compaction.lag.ms = 0
	log.cleaner.threads = 1
	log.cleanup.policy = [delete]
	log.dir = C:\Users\tlopes\AppData\Local\Temp\spring.kafka.6e4a4d0e-df7a-4ba7-96c4-594e1615199c15489628491134759763
	log.dir.failure.timeout.ms = 30000
	log.dirs = null
	log.flush.interval.messages = 9223372036854775807
	log.flush.interval.ms = null
	log.flush.offset.checkpoint.interval.ms = 60000
	log.flush.scheduler.interval.ms = 9223372036854775807
	log.flush.start.offset.checkpoint.interval.ms = 60000
	log.index.interval.bytes = 4096
	log.index.size.max.bytes = 10485760
	log.initial.task.delay.ms = 100
	log.local.retention.bytes = -2
	log.local.retention.ms = -2
	log.message.downconversion.enable = true
	log.message.format.version = 3.0-IV1
	log.message.timestamp.after.max.ms = 9223372036854775807
	log.message.timestamp.before.max.ms = 9223372036854775807
	log.message.timestamp.difference.max.ms = 9223372036854775807
	log.message.timestamp.type = CreateTime
	log.preallocate = false
	log.retention.bytes = -1
	log.retention.check.interval.ms = 300000
	log.retention.hours = 168
	log.retention.minutes = null
	log.retention.ms = null
	log.roll.hours = 168
	log.roll.jitter.hours = 0
	log.roll.jitter.ms = null
	log.roll.ms = null
	log.segment.bytes = 1073741824
	log.segment.delete.delay.ms = 1000
	max.connection.creation.rate = 2147483647
	max.connections = 2147483647
	max.connections.per.ip = 2147483647
	max.connections.per.ip.overrides = 
	max.incremental.fetch.session.cache.slots = 1000
	max.request.partition.size.limit = 2000
	message.max.bytes = 1048588
	metadata.log.dir = null
	metadata.log.max.record.bytes.between.snapshots = 20971520
	metadata.log.max.snapshot.interval.ms = 3600000
	metadata.log.segment.bytes = 1073741824
	metadata.log.segment.min.bytes = 8388608
	metadata.log.segment.ms = 604800000
	metadata.max.idle.interval.ms = 500
	metadata.max.retention.bytes = 104857600
	metadata.max.retention.ms = 604800000
	metric.reporters = []
	metrics.num.samples = 2
	metrics.recording.level = INFO
	metrics.sample.window.ms = 30000
	min.insync.replicas = 1
	node.id = 0
	num.io.threads = 8
	num.network.threads = 2
	num.partitions = 1
	num.recovery.threads.per.data.dir = 1
	num.replica.alter.log.dirs.threads = null
	num.replica.fetchers = 1
	offset.metadata.max.bytes = 4096
	offsets.commit.required.acks = -1
	offsets.commit.timeout.ms = 5000
	offsets.load.buffer.size = 5242880
	offsets.retention.check.interval.ms = 600000
	offsets.retention.minutes = 10080
	offsets.topic.compression.codec = 0
	offsets.topic.num.partitions = 5
	offsets.topic.replication.factor = 1
	offsets.topic.segment.bytes = 104857600
	password.encoder.cipher.algorithm = AES/CBC/PKCS5Padding
	password.encoder.iterations = 4096
	password.encoder.key.length = 128
	password.encoder.keyfactory.algorithm = null
	password.encoder.old.secret = null
	password.encoder.secret = null
	principal.builder.class = class org.apache.kafka.common.security.authenticator.DefaultKafkaPrincipalBuilder
	process.roles = []
	producer.id.expiration.check.interval.ms = 600000
	producer.id.expiration.ms = 86400000
	producer.purgatory.purge.interval.requests = 1000
	queued.max.request.bytes = -1
	queued.max.requests = 500
	quota.window.num = 11
	quota.window.size.seconds = 1
	remote.fetch.max.wait.ms = 500
	remote.log.index.file.cache.total.size.bytes = 1073741824
	remote.log.manager.copier.thread.pool.size = -1
	remote.log.manager.copy.max.bytes.per.second = 9223372036854775807
	remote.log.manager.copy.quota.window.num = 11
	remote.log.manager.copy.quota.window.size.seconds = 1
	remote.log.manager.expiration.thread.pool.size = -1
	remote.log.manager.fetch.max.bytes.per.second = 9223372036854775807
	remote.log.manager.fetch.quota.window.num = 11
	remote.log.manager.fetch.quota.window.size.seconds = 1
	remote.log.manager.task.interval.ms = 30000
	remote.log.manager.task.retry.backoff.max.ms = 30000
	remote.log.manager.task.retry.backoff.ms = 500
	remote.log.manager.task.retry.jitter = 0.2
	remote.log.manager.thread.pool.size = 10
	remote.log.metadata.custom.metadata.max.bytes = 128
	remote.log.metadata.manager.class.name = org.apache.kafka.server.log.remote.metadata.storage.TopicBasedRemoteLogMetadataManager
	remote.log.metadata.manager.class.path = null
	remote.log.metadata.manager.impl.prefix = rlmm.config.
	remote.log.metadata.manager.listener.name = null
	remote.log.reader.max.pending.tasks = 100
	remote.log.reader.threads = 10
	remote.log.storage.manager.class.name = null
	remote.log.storage.manager.class.path = null
	remote.log.storage.manager.impl.prefix = rsm.config.
	remote.log.storage.system.enable = false
	replica.fetch.backoff.ms = 1000
	replica.fetch.max.bytes = 1048576
	replica.fetch.min.bytes = 1
	replica.fetch.response.max.bytes = 10485760
	replica.fetch.wait.max.ms = 500
	replica.high.watermark.checkpoint.interval.ms = 9223372036854775807
	replica.lag.time.max.ms = 30000
	replica.selector.class = null
	replica.socket.receive.buffer.bytes = 65536
	replica.socket.timeout.ms = 1000
	replication.quota.window.num = 11
	replication.quota.window.size.seconds = 1
	request.timeout.ms = 30000
	reserved.broker.max.id = 1000
	sasl.client.callback.handler.class = null
	sasl.enabled.mechanisms = [GSSAPI]
	sasl.jaas.config = null
	sasl.kerberos.kinit.cmd = /usr/bin/kinit
	sasl.kerberos.min.time.before.relogin = 60000
	sasl.kerberos.principal.to.local.rules = [DEFAULT]
	sasl.kerberos.service.name = null
	sasl.kerberos.ticket.renew.jitter = 0.05
	sasl.kerberos.ticket.renew.window.factor = 0.8
	sasl.login.callback.handler.class = null
	sasl.login.class = null
	sasl.login.connect.timeout.ms = null
	sasl.login.read.timeout.ms = null
	sasl.login.refresh.buffer.seconds = 300
	sasl.login.refresh.min.period.seconds = 60
	sasl.login.refresh.window.factor = 0.8
	sasl.login.refresh.window.jitter = 0.05
	sasl.login.retry.backoff.max.ms = 10000
	sasl.login.retry.backoff.ms = 100
	sasl.mechanism.controller.protocol = GSSAPI
	sasl.mechanism.inter.broker.protocol = GSSAPI
	sasl.oauthbearer.clock.skew.seconds = 30
	sasl.oauthbearer.expected.audience = null
	sasl.oauthbearer.expected.issuer = null
	sasl.oauthbearer.jwks.endpoint.refresh.ms = 3600000
	sasl.oauthbearer.jwks.endpoint.retry.backoff.max.ms = 10000
	sasl.oauthbearer.jwks.endpoint.retry.backoff.ms = 100
	sasl.oauthbearer.jwks.endpoint.url = null
	sasl.oauthbearer.scope.claim.name = scope
	sasl.oauthbearer.sub.claim.name = sub
	sasl.oauthbearer.token.endpoint.url = null
	sasl.server.callback.handler.class = null
	sasl.server.max.receive.size = 524288
	security.inter.broker.protocol = PLAINTEXT
	security.providers = null
	server.max.startup.time.ms = 9223372036854775807
	socket.connection.setup.timeout.max.ms = 30000
	socket.connection.setup.timeout.ms = 10000
	socket.listen.backlog.size = 50
	socket.receive.buffer.bytes = 102400
	socket.request.max.bytes = 104857600
	socket.send.buffer.bytes = 102400
	ssl.allow.dn.changes = false
	ssl.allow.san.changes = false
	ssl.cipher.suites = []
	ssl.client.auth = none
	ssl.enabled.protocols = [TLSv1.2, TLSv1.3]
	ssl.endpoint.identification.algorithm = https
	ssl.engine.factory.class = null
	ssl.key.password = null
	ssl.keymanager.algorithm = SunX509
	ssl.keystore.certificate.chain = null
	ssl.keystore.key = null
	ssl.keystore.location = null
	ssl.keystore.password = null
	ssl.keystore.type = JKS
	ssl.principal.mapping.rules = DEFAULT
	ssl.protocol = TLSv1.3
	ssl.provider = null
	ssl.secure.random.implementation = null
	ssl.trustmanager.algorithm = PKIX
	ssl.truststore.certificates = null
	ssl.truststore.location = null
	ssl.truststore.password = null
	ssl.truststore.type = JKS
	telemetry.max.bytes = 1048576
	transaction.abort.timed.out.transaction.cleanup.interval.ms = 10000
	transaction.max.timeout.ms = 900000
	transaction.partition.verification.enable = true
	transaction.remove.expired.transaction.cleanup.interval.ms = 3600000
	transaction.state.log.load.buffer.size = 5242880
	transaction.state.log.min.isr = 2
	transaction.state.log.num.partitions = 50
	transaction.state.log.replication.factor = 1
	transaction.state.log.segment.bytes = 104857600
	transactional.id.expiration.ms = 604800000
	unclean.leader.election.enable = false
	unclean.leader.election.interval.ms = 300000
	unstable.api.versions.enable = true
	unstable.feature.versions.enable = true
	zookeeper.clientCnxnSocket = null
	zookeeper.connect = 127.0.0.1:59508
	zookeeper.connection.timeout.ms = 10000
	zookeeper.max.in.flight.requests = 10
	zookeeper.metadata.migration.enable = false
	zookeeper.metadata.migration.min.batch.size = 200
	zookeeper.session.timeout.ms = 18000
	zookeeper.set.acl = false
	zookeeper.ssl.cipher.suites = null
	zookeeper.ssl.client.enable = false
	zookeeper.ssl.crl.enable = false
	zookeeper.ssl.enabled.protocols = null
	zookeeper.ssl.endpoint.identification.algorithm = HTTPS
	zookeeper.ssl.keystore.location = null
	zookeeper.ssl.keystore.password = null
	zookeeper.ssl.keystore.type = null
	zookeeper.ssl.ocsp.enable = false
	zookeeper.ssl.protocol = TLSv1.2
	zookeeper.ssl.truststore.location = null
	zookeeper.ssl.truststore.password = null
	zookeeper.ssl.truststore.type = null

2025-06-09T13:05:59.662+01:00  INFO 27124 --- [message-broker-lab] [           main] org.apache.zookeeper.common.X509Util     : Setting -D jdk.tls.rejectClientInitiatedRenegotiation=true to disable client-initiated TLS renegotiation
2025-06-09T13:05:59.759+01:00  INFO 27124 --- [message-broker-lab] [           main] kafka.server.KafkaServer                 : starting
2025-06-09T13:05:59.760+01:00  INFO 27124 --- [message-broker-lab] [           main] kafka.server.KafkaServer                 : Connecting to zookeeper on 127.0.0.1:59508
2025-06-09T13:05:59.795+01:00  INFO 27124 --- [message-broker-lab] [           main] kafka.zookeeper.ZooKeeperClient          : [ZooKeeperClient Kafka server] Initializing a new session to 127.0.0.1:59508.
2025-06-09T13:05:59.797+01:00  INFO 27124 --- [message-broker-lab] [           main] org.apache.zookeeper.ZooKeeper           : Client environment:zookeeper.version=3.8.4-9316c2a7a97e1666d8f4593f34dd6fc36ecc436c, built on 2024-02-12 22:16 UTC
2025-06-09T13:05:59.798+01:00  INFO 27124 --- [message-broker-lab] [           main] org.apache.zookeeper.ZooKeeper           : Client environment:host.name=dev52.intranet.digitalsign.pt
2025-06-09T13:05:59.798+01:00  INFO 27124 --- [message-broker-lab] [           main] org.apache.zookeeper.ZooKeeper           : Client environment:java.version=21.0.1
2025-06-09T13:05:59.798+01:00  INFO 27124 --- [message-broker-lab] [           main] org.apache.zookeeper.ZooKeeper           : Client environment:java.vendor=Oracle Corporation
2025-06-09T13:05:59.798+01:00  INFO 27124 --- [message-broker-lab] [           main] org.apache.zookeeper.ZooKeeper           : Client environment:java.home=C:\Program Files\Java\jdk-21
2025-06-09T13:05:59.798+01:00  INFO 27124 --- [message-broker-lab] [           main] org.apache.zookeeper.ZooKeeper           : Client environment:java.class.path=C:\Users\tlopes\Documents\Projects\message-broker-lab\message-broker-lab\message-broker-lab\target\test-classes;C:\Users\tlopes\Documents\Projects\message-broker-lab\message-broker-lab\message-broker-lab\target\classes;C:\Users\tlopes\.m2\repository\org\springframework\boot\spring-boot-starter-web\3.5.0\spring-boot-starter-web-3.5.0.jar;C:\Users\tlopes\.m2\repository\org\springframework\boot\spring-boot-starter\3.5.0\spring-boot-starter-3.5.0.jar;C:\Users\tlopes\.m2\repository\org\springframework\boot\spring-boot\3.5.0\spring-boot-3.5.0.jar;C:\Users\tlopes\.m2\repository\org\springframework\boot\spring-boot-autoconfigure\3.5.0\spring-boot-autoconfigure-3.5.0.jar;C:\Users\tlopes\.m2\repository\org\springframework\boot\spring-boot-starter-logging\3.5.0\spring-boot-starter-logging-3.5.0.jar;C:\Users\tlopes\.m2\repository\org\apache\logging\log4j\log4j-to-slf4j\2.24.3\log4j-to-slf4j-2.24.3.jar;C:\Users\tlopes\.m2\repository\org\apache\logging\log4j\log4j-api\2.24.3\log4j-api-2.24.3.jar;C:\Users\tlopes\.m2\repository\org\slf4j\jul-to-slf4j\2.0.17\jul-to-slf4j-2.0.17.jar;C:\Users\tlopes\.m2\repository\jakarta\annotation\jakarta.annotation-api\2.1.1\jakarta.annotation-api-2.1.1.jar;C:\Users\tlopes\.m2\repository\org\yaml\snakeyaml\2.4\snakeyaml-2.4.jar;C:\Users\tlopes\.m2\repository\org\springframework\boot\spring-boot-starter-json\3.5.0\spring-boot-starter-json-3.5.0.jar;C:\Users\tlopes\.m2\repository\com\fasterxml\jackson\core\jackson-databind\2.19.0\jackson-databind-2.19.0.jar;C:\Users\tlopes\.m2\repository\com\fasterxml\jackson\core\jackson-annotations\2.19.0\jackson-annotations-2.19.0.jar;C:\Users\tlopes\.m2\repository\com\fasterxml\jackson\core\jackson-core\2.19.0\jackson-core-2.19.0.jar;C:\Users\tlopes\.m2\repository\com\fasterxml\jackson\datatype\jackson-datatype-jdk8\2.19.0\jackson-datatype-jdk8-2.19.0.jar;C:\Users\tlopes\.m2\repository\com\fasterxml\jackson\datatype\jackson-datatype-jsr310\2.19.0\jackson-datatype-jsr310-2.19.0.jar;C:\Users\tlopes\.m2\repository\com\fasterxml\jackson\module\jackson-module-parameter-names\2.19.0\jackson-module-parameter-names-2.19.0.jar;C:\Users\tlopes\.m2\repository\org\springframework\boot\spring-boot-starter-tomcat\3.5.0\spring-boot-starter-tomcat-3.5.0.jar;C:\Users\tlopes\.m2\repository\org\apache\tomcat\embed\tomcat-embed-core\10.1.41\tomcat-embed-core-10.1.41.jar;C:\Users\tlopes\.m2\repository\org\apache\tomcat\embed\tomcat-embed-el\10.1.41\tomcat-embed-el-10.1.41.jar;C:\Users\tlopes\.m2\repository\org\apache\tomcat\embed\tomcat-embed-websocket\10.1.41\tomcat-embed-websocket-10.1.41.jar;C:\Users\tlopes\.m2\repository\org\springframework\spring-web\6.2.7\spring-web-6.2.7.jar;C:\Users\tlopes\.m2\repository\org\springframework\spring-beans\6.2.7\spring-beans-6.2.7.jar;C:\Users\tlopes\.m2\repository\org\springframework\spring-webmvc\6.2.7\spring-webmvc-6.2.7.jar;C:\Users\tlopes\.m2\repository\org\springframework\spring-aop\6.2.7\spring-aop-6.2.7.jar;C:\Users\tlopes\.m2\repository\org\springframework\spring-expression\6.2.7\spring-expression-6.2.7.jar;C:\Users\tlopes\.m2\repository\org\springframework\amqp\spring-rabbit-stream\3.2.5\spring-rabbit-stream-3.2.5.jar;C:\Users\tlopes\.m2\repository\org\springframework\amqp\spring-rabbit\3.2.5\spring-rabbit-3.2.5.jar;C:\Users\tlopes\.m2\repository\org\springframework\amqp\spring-amqp\3.2.5\spring-amqp-3.2.5.jar;C:\Users\tlopes\.m2\repository\com\rabbitmq\amqp-client\5.25.0\amqp-client-5.25.0.jar;C:\Users\tlopes\.m2\repository\com\rabbitmq\stream-client\0.23.0\stream-client-0.23.0.jar;C:\Users\tlopes\.m2\repository\org\slf4j\slf4j-api\2.0.17\slf4j-api-2.0.17.jar;C:\Users\tlopes\.m2\repository\io\netty\netty-transport\4.1.121.Final\netty-transport-4.1.121.Final.jar;C:\Users\tlopes\.m2\repository\io\netty\netty-common\4.1.121.Final\netty-common-4.1.121.Final.jar;C:\Users\tlopes\.m2\repository\io\netty\netty-buffer\4.1.121.Final\netty-buffer-4.1.121.Final.jar;C:\Users\tlopes\.m2\repository\io\netty\netty-resolver\4.1.121.Final\netty-resolver-4.1.121.Final.jar;C:\Users\tlopes\.m2\repository\io\netty\netty-codec\4.1.121.Final\netty-codec-4.1.121.Final.jar;C:\Users\tlopes\.m2\repository\io\netty\netty-handler\4.1.121.Final\netty-handler-4.1.121.Final.jar;C:\Users\tlopes\.m2\repository\io\netty\netty-transport-native-unix-common\4.1.121.Final\netty-transport-native-unix-common-4.1.121.Final.jar;C:\Users\tlopes\.m2\repository\org\apache\qpid\proton-j\0.34.1\proton-j-0.34.1.jar;C:\Users\tlopes\.m2\repository\com\github\luben\zstd-jni\1.5.7-2\zstd-jni-1.5.7-2.jar;C:\Users\tlopes\.m2\repository\org\lz4\lz4-java\1.8.0\lz4-java-1.8.0.jar;C:\Users\tlopes\.m2\repository\org\xerial\snappy\snappy-java\1.1.10.7\snappy-java-1.1.10.7.jar;C:\Users\tlopes\.m2\repository\org\springframework\kafka\spring-kafka\3.3.6\spring-kafka-3.3.6.jar;C:\Users\tlopes\.m2\repository\org\springframework\spring-context\6.2.7\spring-context-6.2.7.jar;C:\Users\tlopes\.m2\repository\org\springframework\spring-messaging\6.2.7\spring-messaging-6.2.7.jar;C:\Users\tlopes\.m2\repository\org\springframework\spring-tx\6.2.7\spring-tx-6.2.7.jar;C:\Users\tlopes\.m2\repository\org\springframework\retry\spring-retry\2.0.12\spring-retry-2.0.12.jar;C:\Users\tlopes\.m2\repository\org\apache\kafka\kafka-clients\3.9.1\kafka-clients-3.9.1.jar;C:\Users\tlopes\.m2\repository\io\micrometer\micrometer-observation\1.15.0\micrometer-observation-1.15.0.jar;C:\Users\tlopes\.m2\repository\io\micrometer\micrometer-commons\1.15.0\micrometer-commons-1.15.0.jar;C:\Users\tlopes\.m2\repository\org\springframework\kafka\spring-kafka-test\3.3.6\spring-kafka-test-3.3.6.jar;C:\Users\tlopes\.m2\repository\org\springframework\spring-test\6.2.7\spring-test-6.2.7.jar;C:\Users\tlopes\.m2\repository\org\apache\zookeeper\zookeeper\3.8.4\zookeeper-3.8.4.jar;C:\Users\tlopes\.m2\repository\org\apache\zookeeper\zookeeper-jute\3.8.4\zookeeper-jute-3.8.4.jar;C:\Users\tlopes\.m2\repository\org\apache\yetus\audience-annotations\0.12.0\audience-annotations-0.12.0.jar;C:\Users\tlopes\.m2\repository\io\netty\netty-transport-native-epoll\4.1.121.Final\netty-transport-native-epoll-4.1.121.Final.jar;C:\Users\tlopes\.m2\repository\io\netty\netty-transport-classes-epoll\4.1.121.Final\netty-transport-classes-epoll-4.1.121.Final.jar;C:\Users\tlopes\.m2\repository\ch\qos\logback\logback-core\1.5.18\logback-core-1.5.18.jar;C:\Users\tlopes\.m2\repository\ch\qos\logback\logback-classic\1.5.18\logback-classic-1.5.18.jar;C:\Users\tlopes\.m2\repository\commons-io\commons-io\2.11.0\commons-io-2.11.0.jar;C:\Users\tlopes\.m2\repository\org\apache\kafka\kafka-clients\3.9.1\kafka-clients-3.9.1-test.jar;C:\Users\tlopes\.m2\repository\org\apache\kafka\kafka-server\3.9.1\kafka-server-3.9.1.jar;C:\Users\tlopes\.m2\repository\org\apache\kafka\kafka-storage\3.9.1\kafka-storage-3.9.1.jar;C:\Users\tlopes\.m2\repository\com\github\ben-manes\caffeine\caffeine\3.2.0\caffeine-3.2.0.jar;C:\Users\tlopes\.m2\repository\org\jspecify\jspecify\1.0.0\jspecify-1.0.0.jar;C:\Users\tlopes\.m2\repository\com\google\errorprone\error_prone_annotations\2.36.0\error_prone_annotations-2.36.0.jar;C:\Users\tlopes\.m2\repository\org\apache\kafka\kafka-group-coordinator\3.9.1\kafka-group-coordinator-3.9.1.jar;C:\Users\tlopes\.m2\repository\org\apache\kafka\kafka-transaction-coordinator\3.9.1\kafka-transaction-coordinator-3.9.1.jar;C:\Users\tlopes\.m2\repository\org\apache\kafka\kafka-raft\3.9.1\kafka-raft-3.9.1.jar;C:\Users\tlopes\.m2\repository\com\yammer\metrics\metrics-core\2.2.0\metrics-core-2.2.0.jar;C:\Users\tlopes\.m2\repository\org\apache\kafka\kafka-metadata\3.9.1\kafka-metadata-3.9.1.jar;C:\Users\tlopes\.m2\repository\org\apache\kafka\kafka-server-common\3.9.1\kafka-server-common-3.9.1.jar;C:\Users\tlopes\.m2\repository\net\sf\jopt-simple\jopt-simple\5.0.4\jopt-simple-5.0.4.jar;C:\Users\tlopes\.m2\repository\org\pcollections\pcollections\4.0.1\pcollections-4.0.1.jar;C:\Users\tlopes\.m2\repository\org\apache\kafka\kafka-server-common\3.9.1\kafka-server-common-3.9.1-test.jar;C:\Users\tlopes\.m2\repository\org\apache\kafka\kafka-streams-test-utils\3.9.1\kafka-streams-test-utils-3.9.1.jar;C:\Users\tlopes\.m2\repository\org\apache\kafka\kafka-streams\3.9.1\kafka-streams-3.9.1.jar;C:\Users\tlopes\.m2\repository\org\rocksdb\rocksdbjni\7.9.2\rocksdbjni-7.9.2.jar;C:\Users\tlopes\.m2\repository\org\apache\kafka\kafka_2.13\3.9.1\kafka_2.13-3.9.1.jar;C:\Users\tlopes\.m2\repository\org\scala-lang\scala-library\2.13.15\scala-library-2.13.15.jar;C:\Users\tlopes\.m2\repository\org\apache\kafka\kafka-group-coordinator-api\3.9.1\kafka-group-coordinator-api-3.9.1.jar;C:\Users\tlopes\.m2\repository\org\apache\kafka\kafka-storage-api\3.9.1\kafka-storage-api-3.9.1.jar;C:\Users\tlopes\.m2\repository\org\apache\kafka\kafka-tools-api\3.9.1\kafka-tools-api-3.9.1.jar;C:\Users\tlopes\.m2\repository\net\sourceforge\argparse4j\argparse4j\0.7.0\argparse4j-0.7.0.jar;C:\Users\tlopes\.m2\repository\commons-validator\commons-validator\1.7\commons-validator-1.7.jar;C:\Users\tlopes\.m2\repository\commons-beanutils\commons-beanutils\1.9.4\commons-beanutils-1.9.4.jar;C:\Users\tlopes\.m2\repository\commons-digester\commons-digester\2.1\commons-digester-2.1.jar;C:\Users\tlopes\.m2\repository\commons-collections\commons-collections\3.2.2\commons-collections-3.2.2.jar;C:\Users\tlopes\.m2\repository\com\fasterxml\jackson\module\jackson-module-scala_2.13\2.19.0\jackson-module-scala_2.13-2.19.0.jar;C:\Users\tlopes\.m2\repository\com\thoughtworks\paranamer\paranamer\2.8.3\paranamer-2.8.3.jar;C:\Users\tlopes\.m2\repository\com\fasterxml\jackson\dataformat\jackson-dataformat-csv\2.19.0\jackson-dataformat-csv-2.19.0.jar;C:\Users\tlopes\.m2\repository\org\bitbucket\b_c\jose4j\0.9.4\jose4j-0.9.4.jar;C:\Users\tlopes\.m2\repository\org\scala-lang\modules\scala-collection-compat_2.13\2.10.0\scala-collection-compat_2.13-2.10.0.jar;C:\Users\tlopes\.m2\repository\org\scala-lang\modules\scala-java8-compat_2.13\1.0.2\scala-java8-compat_2.13-1.0.2.jar;C:\Users\tlopes\.m2\repository\org\scala-lang\scala-reflect\2.13.15\scala-reflect-2.13.15.jar;C:\Users\tlopes\.m2\repository\com\typesafe\scala-logging\scala-logging_2.13\3.9.5\scala-logging_2.13-3.9.5.jar;C:\Users\tlopes\.m2\repository\io\dropwizard\metrics\metrics-core\4.1.12.1\metrics-core-4.1.12.1.jar;C:\Users\tlopes\.m2\repository\commons-cli\commons-cli\1.4\commons-cli-1.4.jar;C:\Users\tlopes\.m2\repository\org\apache\kafka\kafka_2.13\3.9.1\kafka_2.13-3.9.1-test.jar;C:\Users\tlopes\.m2\repository\org\junit\jupiter\junit-jupiter-api\5.12.2\junit-jupiter-api-5.12.2.jar;C:\Users\tlopes\.m2\repository\org\opentest4j\opentest4j\1.3.0\opentest4j-1.3.0.jar;C:\Users\tlopes\.m2\repository\org\junit\platform\junit-platform-commons\1.12.2\junit-platform-commons-1.12.2.jar;C:\Users\tlopes\.m2\repository\org\apiguardian\apiguardian-api\1.1.2\apiguardian-api-1.1.2.jar;C:\Users\tlopes\.m2\repository\org\junit\platform\junit-platform-launcher\1.12.2\junit-platform-launcher-1.12.2.jar;C:\Users\tlopes\.m2\repository\org\junit\platform\junit-platform-engine\1.12.2\junit-platform-engine-1.12.2.jar;C:\Users\tlopes\.m2\repository\org\springframework\boot\spring-boot-starter-test\3.5.0\spring-boot-starter-test-3.5.0.jar;C:\Users\tlopes\.m2\repository\org\springframework\boot\spring-boot-test\3.5.0\spring-boot-test-3.5.0.jar;C:\Users\tlopes\.m2\repository\org\springframework\boot\spring-boot-test-autoconfigure\3.5.0\spring-boot-test-autoconfigure-3.5.0.jar;C:\Users\tlopes\.m2\repository\com\jayway\jsonpath\json-path\2.9.0\json-path-2.9.0.jar;C:\Users\tlopes\.m2\repository\jakarta\xml\bind\jakarta.xml.bind-api\4.0.2\jakarta.xml.bind-api-4.0.2.jar;C:\Users\tlopes\.m2\repository\jakarta\activation\jakarta.activation-api\2.1.3\jakarta.activation-api-2.1.3.jar;C:\Users\tlopes\.m2\repository\net\minidev\json-smart\2.5.2\json-smart-2.5.2.jar;C:\Users\tlopes\.m2\repository\net\minidev\accessors-smart\2.5.2\accessors-smart-2.5.2.jar;C:\Users\tlopes\.m2\repository\org\ow2\asm\asm\9.7.1\asm-9.7.1.jar;C:\Users\tlopes\.m2\repository\org\assertj\assertj-core\3.27.3\assertj-core-3.27.3.jar;C:\Users\tlopes\.m2\repository\net\bytebuddy\byte-buddy\1.17.5\byte-buddy-1.17.5.jar;C:\Users\tlopes\.m2\repository\org\awaitility\awaitility\4.3.0\awaitility-4.3.0.jar;C:\Users\tlopes\.m2\repository\org\hamcrest\hamcrest\3.0\hamcrest-3.0.jar;C:\Users\tlopes\.m2\repository\org\junit\jupiter\junit-jupiter\5.12.2\junit-jupiter-5.12.2.jar;C:\Users\tlopes\.m2\repository\org\junit\jupiter\junit-jupiter-params\5.12.2\junit-jupiter-params-5.12.2.jar;C:\Users\tlopes\.m2\repository\org\junit\jupiter\junit-jupiter-engine\5.12.2\junit-jupiter-engine-5.12.2.jar;C:\Users\tlopes\.m2\repository\org\mockito\mockito-core\5.17.0\mockito-core-5.17.0.jar;C:\Users\tlopes\.m2\repository\net\bytebuddy\byte-buddy-agent\1.17.5\byte-buddy-agent-1.17.5.jar;C:\Users\tlopes\.m2\repository\org\objenesis\objenesis\3.3\objenesis-3.3.jar;C:\Users\tlopes\.m2\repository\org\mockito\mockito-junit-jupiter\5.17.0\mockito-junit-jupiter-5.17.0.jar;C:\Users\tlopes\.m2\repository\org\skyscreamer\jsonassert\1.5.3\jsonassert-1.5.3.jar;C:\Users\tlopes\.m2\repository\com\vaadin\external\google\android-json\0.0.20131108.vaadin1\android-json-0.0.20131108.vaadin1.jar;C:\Users\tlopes\.m2\repository\org\springframework\spring-core\6.2.7\spring-core-6.2.7.jar;C:\Users\tlopes\.m2\repository\org\springframework\spring-jcl\6.2.7\spring-jcl-6.2.7.jar;C:\Users\tlopes\.m2\repository\org\xmlunit\xmlunit-core\2.10.1\xmlunit-core-2.10.1.jar;
2025-06-09T13:05:59.798+01:00  INFO 27124 --- [message-broker-lab] [           main] org.apache.zookeeper.ZooKeeper           : Client environment:java.library.path=C:\Program Files\Java\jdk-21\bin;C:\WINDOWS\Sun\Java\bin;C:\WINDOWS\system32;C:\WINDOWS;C:\Program Files\Common Files\Oracle\Java\javapath;C:\Program Files (x86)\Common Files\Oracle\Java\javapath;C:\WINDOWS\system32;C:\WINDOWS;C:\WINDOWS\System32\Wbem;C:\WINDOWS\System32\WindowsPowerShell\v1.0\;C:\WINDOWS\System32\OpenSSH\;C:\Program Files\PuTTY\;C:\Program Files\Microsoft SQL Server\110\Tools\Binn\;C:\Users\tlopes\AppData\Local\Microsoft\WindowsApps;C:\Users\tlopes\AppData\Local\Programs\Microsoft VS Code\bin;C:\Users\tlopes\AppData\Local\JetBrains\IntelliJ IDEA Community Edition 2023.2.5\bin;C:\Users\tlopes\AppData\Local\Programs\Git\cmd;C:\Users\tlopes\node-v20.9.0-win-x64;C:\Program Files\Java\jdk-21\bin;C:\Users\tlopes\AppData\Local\JetBrains\Toolbox\scripts;;%USERPROFILE%\AppData\Local\Microsoft\WindowsApps;.
2025-06-09T13:05:59.799+01:00  INFO 27124 --- [message-broker-lab] [           main] org.apache.zookeeper.ZooKeeper           : Client environment:java.io.tmpdir=C:\Users\tlopes\AppData\Local\Temp\
2025-06-09T13:05:59.799+01:00  INFO 27124 --- [message-broker-lab] [           main] org.apache.zookeeper.ZooKeeper           : Client environment:java.compiler=<NA>
2025-06-09T13:05:59.799+01:00  INFO 27124 --- [message-broker-lab] [           main] org.apache.zookeeper.ZooKeeper           : Client environment:os.name=Windows 11
2025-06-09T13:05:59.799+01:00  INFO 27124 --- [message-broker-lab] [           main] org.apache.zookeeper.ZooKeeper           : Client environment:os.arch=amd64
2025-06-09T13:05:59.799+01:00  INFO 27124 --- [message-broker-lab] [           main] org.apache.zookeeper.ZooKeeper           : Client environment:os.version=10.0
2025-06-09T13:05:59.799+01:00  INFO 27124 --- [message-broker-lab] [           main] org.apache.zookeeper.ZooKeeper           : Client environment:user.name=tlopes
2025-06-09T13:05:59.799+01:00  INFO 27124 --- [message-broker-lab] [           main] org.apache.zookeeper.ZooKeeper           : Client environment:user.home=C:\Users\tlopes
2025-06-09T13:05:59.799+01:00  INFO 27124 --- [message-broker-lab] [           main] org.apache.zookeeper.ZooKeeper           : Client environment:user.dir=C:\Users\tlopes\Documents\Projects\message-broker-lab\message-broker-lab\message-broker-lab
2025-06-09T13:05:59.799+01:00  INFO 27124 --- [message-broker-lab] [           main] org.apache.zookeeper.ZooKeeper           : Client environment:os.memory.free=12MB
2025-06-09T13:05:59.799+01:00  INFO 27124 --- [message-broker-lab] [           main] org.apache.zookeeper.ZooKeeper           : Client environment:os.memory.max=4022MB
2025-06-09T13:05:59.799+01:00  INFO 27124 --- [message-broker-lab] [           main] org.apache.zookeeper.ZooKeeper           : Client environment:os.memory.total=68MB
2025-06-09T13:05:59.802+01:00  INFO 27124 --- [message-broker-lab] [           main] org.apache.zookeeper.ZooKeeper           : Initiating client connection, connectString=127.0.0.1:59508 sessionTimeout=18000 watcher=kafka.zookeeper.ZooKeeperClient$ZooKeeperClientWatcher$@78e22d35
2025-06-09T13:05:59.807+01:00  INFO 27124 --- [message-broker-lab] [           main] org.apache.zookeeper.ClientCnxnSocket    : jute.maxbuffer value is 4194304 Bytes
2025-06-09T13:05:59.812+01:00  INFO 27124 --- [message-broker-lab] [           main] org.apache.zookeeper.ClientCnxn          : zookeeper.request.timeout value is 0. feature enabled=false
2025-06-09T13:05:59.813+01:00  INFO 27124 --- [message-broker-lab] [27.0.0.1:59508)] org.apache.zookeeper.ClientCnxn          : Opening socket connection to server /127.0.0.1:59508.
2025-06-09T13:05:59.816+01:00  INFO 27124 --- [message-broker-lab] [           main] kafka.zookeeper.ZooKeeperClient          : [ZooKeeperClient Kafka server] Waiting until connected.
2025-06-09T13:05:59.817+01:00  INFO 27124 --- [message-broker-lab] [27.0.0.1:59508)] org.apache.zookeeper.ClientCnxn          : Socket connection established, initiating session, client: /127.0.0.1:59509, server: /127.0.0.1:59508
2025-06-09T13:05:59.825+01:00  INFO 27124 --- [message-broker-lab] [   SyncThread:0] o.a.z.server.persistence.FileTxnLog      : Creating new log file: log.1
2025-06-09T13:05:59.831+01:00  INFO 27124 --- [message-broker-lab] [   SyncThread:0] o.a.zookeeper.audit.ZKAuditProvider      : ZooKeeper audit is disabled.
2025-06-09T13:05:59.838+01:00  INFO 27124 --- [message-broker-lab] [27.0.0.1:59508)] org.apache.zookeeper.ClientCnxn          : Session establishment complete on server /127.0.0.1:59508, session id = 0x1006ce38b1c0000, negotiated timeout = 16000
2025-06-09T13:05:59.840+01:00  INFO 27124 --- [message-broker-lab] [           main] kafka.zookeeper.ZooKeeperClient          : [ZooKeeperClient Kafka server] Connected.
2025-06-09T13:05:59.980+01:00  INFO 27124 --- [message-broker-lab] [           main] kafka.server.KafkaServer                 : Cluster ID = lZ-ytpVYSNSeJC4MDfiBsA
2025-06-09T13:06:00.035+01:00  INFO 27124 --- [message-broker-lab] [           main] kafka.server.KafkaConfig                 : KafkaConfig values: 
	advertised.listeners = null
	alter.config.policy.class.name = null
	alter.log.dirs.replication.quota.window.num = 11
	alter.log.dirs.replication.quota.window.size.seconds = 1
	authorizer.class.name = 
	auto.create.topics.enable = true
	auto.include.jmx.reporter = true
	auto.leader.rebalance.enable = true
	background.threads = 2
	broker.heartbeat.interval.ms = 2000
	broker.id = 0
	broker.id.generation.enable = true
	broker.rack = null
	broker.session.timeout.ms = 9000
	client.quota.callback.class = null
	compression.gzip.level = -1
	compression.lz4.level = 9
	compression.type = producer
	compression.zstd.level = 3
	connection.failed.authentication.delay.ms = 100
	connections.max.idle.ms = 600000
	connections.max.reauth.ms = 0
	control.plane.listener.name = null
	controlled.shutdown.enable = false
	controlled.shutdown.max.retries = 3
	controlled.shutdown.retry.backoff.ms = 100
	controller.listener.names = null
	controller.quorum.append.linger.ms = 25
	controller.quorum.bootstrap.servers = []
	controller.quorum.election.backoff.max.ms = 1000
	controller.quorum.election.timeout.ms = 1000
	controller.quorum.fetch.timeout.ms = 2000
	controller.quorum.request.timeout.ms = 2000
	controller.quorum.retry.backoff.ms = 20
	controller.quorum.voters = []
	controller.quota.window.num = 11
	controller.quota.window.size.seconds = 1
	controller.socket.timeout.ms = 1000
	create.topic.policy.class.name = null
	default.replication.factor = 1
	delegation.token.expiry.check.interval.ms = 3600000
	delegation.token.expiry.time.ms = 86400000
	delegation.token.master.key = null
	delegation.token.max.lifetime.ms = 604800000
	delegation.token.secret.key = null
	delete.records.purgatory.purge.interval.requests = 1
	delete.topic.enable = true
	early.start.listeners = null
	eligible.leader.replicas.enable = false
	fetch.max.bytes = 57671680
	fetch.purgatory.purge.interval.requests = 1000
	group.consumer.assignors = [org.apache.kafka.coordinator.group.assignor.UniformAssignor, org.apache.kafka.coordinator.group.assignor.RangeAssignor]
	group.consumer.heartbeat.interval.ms = 5000
	group.consumer.max.heartbeat.interval.ms = 15000
	group.consumer.max.session.timeout.ms = 60000
	group.consumer.max.size = 2147483647
	group.consumer.migration.policy = disabled
	group.consumer.min.heartbeat.interval.ms = 5000
	group.consumer.min.session.timeout.ms = 45000
	group.consumer.session.timeout.ms = 45000
	group.coordinator.append.linger.ms = 10
	group.coordinator.new.enable = false
	group.coordinator.rebalance.protocols = [classic]
	group.coordinator.threads = 1
	group.initial.rebalance.delay.ms = 0
	group.max.session.timeout.ms = 1800000
	group.max.size = 2147483647
	group.min.session.timeout.ms = 6000
	group.share.delivery.count.limit = 5
	group.share.enable = false
	group.share.heartbeat.interval.ms = 5000
	group.share.max.groups = 10
	group.share.max.heartbeat.interval.ms = 15000
	group.share.max.record.lock.duration.ms = 60000
	group.share.max.session.timeout.ms = 60000
	group.share.max.size = 200
	group.share.min.heartbeat.interval.ms = 5000
	group.share.min.record.lock.duration.ms = 15000
	group.share.min.session.timeout.ms = 45000
	group.share.partition.max.record.locks = 200
	group.share.record.lock.duration.ms = 30000
	group.share.session.timeout.ms = 45000
	initial.broker.registration.timeout.ms = 60000
	inter.broker.listener.name = null
	inter.broker.protocol.version = 3.9-IV0
	kafka.metrics.polling.interval.secs = 10
	kafka.metrics.reporters = []
	leader.imbalance.check.interval.seconds = 300
	leader.imbalance.per.broker.percentage = 10
	listener.security.protocol.map = SASL_SSL:SASL_SSL,PLAINTEXT:PLAINTEXT,SSL:SSL,SASL_PLAINTEXT:SASL_PLAINTEXT
	listeners = PLAINTEXT://localhost:0
	log.cleaner.backoff.ms = 15000
	log.cleaner.dedupe.buffer.size = 2097152
	log.cleaner.delete.retention.ms = 86400000
	log.cleaner.enable = true
	log.cleaner.io.buffer.load.factor = 0.9
	log.cleaner.io.buffer.size = 524288
	log.cleaner.io.max.bytes.per.second = 1.7976931348623157E308
	log.cleaner.max.compaction.lag.ms = 9223372036854775807
	log.cleaner.min.cleanable.ratio = 0.5
	log.cleaner.min.compaction.lag.ms = 0
	log.cleaner.threads = 1
	log.cleanup.policy = [delete]
	log.dir = C:\Users\tlopes\AppData\Local\Temp\spring.kafka.6e4a4d0e-df7a-4ba7-96c4-594e1615199c15489628491134759763
	log.dir.failure.timeout.ms = 30000
	log.dirs = null
	log.flush.interval.messages = 9223372036854775807
	log.flush.interval.ms = null
	log.flush.offset.checkpoint.interval.ms = 60000
	log.flush.scheduler.interval.ms = 9223372036854775807
	log.flush.start.offset.checkpoint.interval.ms = 60000
	log.index.interval.bytes = 4096
	log.index.size.max.bytes = 10485760
	log.initial.task.delay.ms = 100
	log.local.retention.bytes = -2
	log.local.retention.ms = -2
	log.message.downconversion.enable = true
	log.message.format.version = 3.0-IV1
	log.message.timestamp.after.max.ms = 9223372036854775807
	log.message.timestamp.before.max.ms = 9223372036854775807
	log.message.timestamp.difference.max.ms = 9223372036854775807
	log.message.timestamp.type = CreateTime
	log.preallocate = false
	log.retention.bytes = -1
	log.retention.check.interval.ms = 300000
	log.retention.hours = 168
	log.retention.minutes = null
	log.retention.ms = null
	log.roll.hours = 168
	log.roll.jitter.hours = 0
	log.roll.jitter.ms = null
	log.roll.ms = null
	log.segment.bytes = 1073741824
	log.segment.delete.delay.ms = 1000
	max.connection.creation.rate = 2147483647
	max.connections = 2147483647
	max.connections.per.ip = 2147483647
	max.connections.per.ip.overrides = 
	max.incremental.fetch.session.cache.slots = 1000
	max.request.partition.size.limit = 2000
	message.max.bytes = 1048588
	metadata.log.dir = null
	metadata.log.max.record.bytes.between.snapshots = 20971520
	metadata.log.max.snapshot.interval.ms = 3600000
	metadata.log.segment.bytes = 1073741824
	metadata.log.segment.min.bytes = 8388608
	metadata.log.segment.ms = 604800000
	metadata.max.idle.interval.ms = 500
	metadata.max.retention.bytes = 104857600
	metadata.max.retention.ms = 604800000
	metric.reporters = []
	metrics.num.samples = 2
	metrics.recording.level = INFO
	metrics.sample.window.ms = 30000
	min.insync.replicas = 1
	node.id = 0
	num.io.threads = 8
	num.network.threads = 2
	num.partitions = 1
	num.recovery.threads.per.data.dir = 1
	num.replica.alter.log.dirs.threads = null
	num.replica.fetchers = 1
	offset.metadata.max.bytes = 4096
	offsets.commit.required.acks = -1
	offsets.commit.timeout.ms = 5000
	offsets.load.buffer.size = 5242880
	offsets.retention.check.interval.ms = 600000
	offsets.retention.minutes = 10080
	offsets.topic.compression.codec = 0
	offsets.topic.num.partitions = 5
	offsets.topic.replication.factor = 1
	offsets.topic.segment.bytes = 104857600
	password.encoder.cipher.algorithm = AES/CBC/PKCS5Padding
	password.encoder.iterations = 4096
	password.encoder.key.length = 128
	password.encoder.keyfactory.algorithm = null
	password.encoder.old.secret = null
	password.encoder.secret = null
	principal.builder.class = class org.apache.kafka.common.security.authenticator.DefaultKafkaPrincipalBuilder
	process.roles = []
	producer.id.expiration.check.interval.ms = 600000
	producer.id.expiration.ms = 86400000
	producer.purgatory.purge.interval.requests = 1000
	queued.max.request.bytes = -1
	queued.max.requests = 500
	quota.window.num = 11
	quota.window.size.seconds = 1
	remote.fetch.max.wait.ms = 500
	remote.log.index.file.cache.total.size.bytes = 1073741824
	remote.log.manager.copier.thread.pool.size = -1
	remote.log.manager.copy.max.bytes.per.second = 9223372036854775807
	remote.log.manager.copy.quota.window.num = 11
	remote.log.manager.copy.quota.window.size.seconds = 1
	remote.log.manager.expiration.thread.pool.size = -1
	remote.log.manager.fetch.max.bytes.per.second = 9223372036854775807
	remote.log.manager.fetch.quota.window.num = 11
	remote.log.manager.fetch.quota.window.size.seconds = 1
	remote.log.manager.task.interval.ms = 30000
	remote.log.manager.task.retry.backoff.max.ms = 30000
	remote.log.manager.task.retry.backoff.ms = 500
	remote.log.manager.task.retry.jitter = 0.2
	remote.log.manager.thread.pool.size = 10
	remote.log.metadata.custom.metadata.max.bytes = 128
	remote.log.metadata.manager.class.name = org.apache.kafka.server.log.remote.metadata.storage.TopicBasedRemoteLogMetadataManager
	remote.log.metadata.manager.class.path = null
	remote.log.metadata.manager.impl.prefix = rlmm.config.
	remote.log.metadata.manager.listener.name = null
	remote.log.reader.max.pending.tasks = 100
	remote.log.reader.threads = 10
	remote.log.storage.manager.class.name = null
	remote.log.storage.manager.class.path = null
	remote.log.storage.manager.impl.prefix = rsm.config.
	remote.log.storage.system.enable = false
	replica.fetch.backoff.ms = 1000
	replica.fetch.max.bytes = 1048576
	replica.fetch.min.bytes = 1
	replica.fetch.response.max.bytes = 10485760
	replica.fetch.wait.max.ms = 500
	replica.high.watermark.checkpoint.interval.ms = 9223372036854775807
	replica.lag.time.max.ms = 30000
	replica.selector.class = null
	replica.socket.receive.buffer.bytes = 65536
	replica.socket.timeout.ms = 1000
	replication.quota.window.num = 11
	replication.quota.window.size.seconds = 1
	request.timeout.ms = 30000
	reserved.broker.max.id = 1000
	sasl.client.callback.handler.class = null
	sasl.enabled.mechanisms = [GSSAPI]
	sasl.jaas.config = null
	sasl.kerberos.kinit.cmd = /usr/bin/kinit
	sasl.kerberos.min.time.before.relogin = 60000
	sasl.kerberos.principal.to.local.rules = [DEFAULT]
	sasl.kerberos.service.name = null
	sasl.kerberos.ticket.renew.jitter = 0.05
	sasl.kerberos.ticket.renew.window.factor = 0.8
	sasl.login.callback.handler.class = null
	sasl.login.class = null
	sasl.login.connect.timeout.ms = null
	sasl.login.read.timeout.ms = null
	sasl.login.refresh.buffer.seconds = 300
	sasl.login.refresh.min.period.seconds = 60
	sasl.login.refresh.window.factor = 0.8
	sasl.login.refresh.window.jitter = 0.05
	sasl.login.retry.backoff.max.ms = 10000
	sasl.login.retry.backoff.ms = 100
	sasl.mechanism.controller.protocol = GSSAPI
	sasl.mechanism.inter.broker.protocol = GSSAPI
	sasl.oauthbearer.clock.skew.seconds = 30
	sasl.oauthbearer.expected.audience = null
	sasl.oauthbearer.expected.issuer = null
	sasl.oauthbearer.jwks.endpoint.refresh.ms = 3600000
	sasl.oauthbearer.jwks.endpoint.retry.backoff.max.ms = 10000
	sasl.oauthbearer.jwks.endpoint.retry.backoff.ms = 100
	sasl.oauthbearer.jwks.endpoint.url = null
	sasl.oauthbearer.scope.claim.name = scope
	sasl.oauthbearer.sub.claim.name = sub
	sasl.oauthbearer.token.endpoint.url = null
	sasl.server.callback.handler.class = null
	sasl.server.max.receive.size = 524288
	security.inter.broker.protocol = PLAINTEXT
	security.providers = null
	server.max.startup.time.ms = 9223372036854775807
	socket.connection.setup.timeout.max.ms = 30000
	socket.connection.setup.timeout.ms = 10000
	socket.listen.backlog.size = 50
	socket.receive.buffer.bytes = 102400
	socket.request.max.bytes = 104857600
	socket.send.buffer.bytes = 102400
	ssl.allow.dn.changes = false
	ssl.allow.san.changes = false
	ssl.cipher.suites = []
	ssl.client.auth = none
	ssl.enabled.protocols = [TLSv1.2, TLSv1.3]
	ssl.endpoint.identification.algorithm = https
	ssl.engine.factory.class = null
	ssl.key.password = null
	ssl.keymanager.algorithm = SunX509
	ssl.keystore.certificate.chain = null
	ssl.keystore.key = null
	ssl.keystore.location = null
	ssl.keystore.password = null
	ssl.keystore.type = JKS
	ssl.principal.mapping.rules = DEFAULT
	ssl.protocol = TLSv1.3
	ssl.provider = null
	ssl.secure.random.implementation = null
	ssl.trustmanager.algorithm = PKIX
	ssl.truststore.certificates = null
	ssl.truststore.location = null
	ssl.truststore.password = null
	ssl.truststore.type = JKS
	telemetry.max.bytes = 1048576
	transaction.abort.timed.out.transaction.cleanup.interval.ms = 10000
	transaction.max.timeout.ms = 900000
	transaction.partition.verification.enable = true
	transaction.remove.expired.transaction.cleanup.interval.ms = 3600000
	transaction.state.log.load.buffer.size = 5242880
	transaction.state.log.min.isr = 2
	transaction.state.log.num.partitions = 50
	transaction.state.log.replication.factor = 1
	transaction.state.log.segment.bytes = 104857600
	transactional.id.expiration.ms = 604800000
	unclean.leader.election.enable = false
	unclean.leader.election.interval.ms = 300000
	unstable.api.versions.enable = true
	unstable.feature.versions.enable = true
	zookeeper.clientCnxnSocket = null
	zookeeper.connect = 127.0.0.1:59508
	zookeeper.connection.timeout.ms = 10000
	zookeeper.max.in.flight.requests = 10
	zookeeper.metadata.migration.enable = false
	zookeeper.metadata.migration.min.batch.size = 200
	zookeeper.session.timeout.ms = 18000
	zookeeper.set.acl = false
	zookeeper.ssl.cipher.suites = null
	zookeeper.ssl.client.enable = false
	zookeeper.ssl.crl.enable = false
	zookeeper.ssl.enabled.protocols = null
	zookeeper.ssl.endpoint.identification.algorithm = HTTPS
	zookeeper.ssl.keystore.location = null
	zookeeper.ssl.keystore.password = null
	zookeeper.ssl.keystore.type = null
	zookeeper.ssl.ocsp.enable = false
	zookeeper.ssl.protocol = TLSv1.2
	zookeeper.ssl.truststore.location = null
	zookeeper.ssl.truststore.password = null
	zookeeper.ssl.truststore.type = null

2025-06-09T13:06:00.069+01:00  INFO 27124 --- [message-broker-lab] [nelReaper-Fetch] lientQuotaManager$ThrottledChannelReaper : [ThrottledChannelReaper-Fetch]: Starting
2025-06-09T13:06:00.070+01:00  INFO 27124 --- [message-broker-lab] [lReaper-Produce] lientQuotaManager$ThrottledChannelReaper : [ThrottledChannelReaper-Produce]: Starting
2025-06-09T13:06:00.071+01:00  INFO 27124 --- [message-broker-lab] [lReaper-Request] lientQuotaManager$ThrottledChannelReaper : [ThrottledChannelReaper-Request]: Starting
2025-06-09T13:06:00.074+01:00  INFO 27124 --- [message-broker-lab] [trollerMutation] lientQuotaManager$ThrottledChannelReaper : [ThrottledChannelReaper-ControllerMutation]: Starting
2025-06-09T13:06:00.080+01:00  INFO 27124 --- [message-broker-lab] [           main] kafka.server.KafkaServer                 : [KafkaServer id=0] Rewriting C:\Users\tlopes\AppData\Local\Temp\spring.kafka.6e4a4d0e-df7a-4ba7-96c4-594e1615199c15489628491134759763\meta.properties
2025-06-09T13:06:00.123+01:00  INFO 27124 --- [message-broker-lab] [           main] kafka.log.LogManager                     : Loading logs from log dirs ArrayBuffer(C:\Users\tlopes\AppData\Local\Temp\spring.kafka.6e4a4d0e-df7a-4ba7-96c4-594e1615199c15489628491134759763)
2025-06-09T13:06:00.132+01:00  INFO 27124 --- [message-broker-lab] [           main] kafka.log.LogManager                     : No logs found to be loaded in C:\Users\tlopes\AppData\Local\Temp\spring.kafka.6e4a4d0e-df7a-4ba7-96c4-594e1615199c15489628491134759763
2025-06-09T13:06:00.148+01:00  INFO 27124 --- [message-broker-lab] [           main] kafka.log.LogManager                     : Loaded 0 logs in 25ms
2025-06-09T13:06:00.150+01:00  INFO 27124 --- [message-broker-lab] [           main] kafka.log.LogManager                     : Starting log cleanup with a period of 300000 ms.
2025-06-09T13:06:00.150+01:00  INFO 27124 --- [message-broker-lab] [           main] kafka.log.LogManager                     : Starting log flusher with a default period of 9223372036854775807 ms.
2025-06-09T13:06:00.163+01:00  INFO 27124 --- [message-broker-lab] [           main] kafka.log.LogCleaner                     : Starting the log cleaner
2025-06-09T13:06:00.173+01:00  INFO 27124 --- [message-broker-lab] [leaner-thread-0] kafka.log.LogCleaner$CleanerThread       : [kafka-log-cleaner-thread-0]: Starting
2025-06-09T13:06:00.192+01:00  INFO 27124 --- [message-broker-lab] [-process-thread] stener$ChangeNotificationProcessorThread : [feature-zk-node-event-process-thread]: Starting
2025-06-09T13:06:00.200+01:00  INFO 27124 --- [message-broker-lab] [-process-thread] k.server.FinalizedFeatureChangeListener  : Feature ZK node at path: /feature does not exist
2025-06-09T13:06:00.222+01:00  INFO 27124 --- [message-broker-lab] [channel-manager] k.server.NodeToControllerRequestThread   : [zk-broker-0-to-controller-forwarding-channel-manager]: Starting
2025-06-09T13:06:00.518+01:00  INFO 27124 --- [message-broker-lab] [           main] kafka.network.ConnectionQuotas           : Updated connection-accept-rate max connection creation rate to 2147483647
2025-06-09T13:06:00.525+01:00  INFO 27124 --- [message-broker-lab] [           main] kafka.network.DataPlaneAcceptor          : Awaiting socket connections on localhost:59512.
2025-06-09T13:06:00.525+01:00  INFO 27124 --- [message-broker-lab] [           main] kafka.network.DataPlaneAcceptor          : Opened wildcard endpoint localhost:59512
2025-06-09T13:06:00.547+01:00  INFO 27124 --- [message-broker-lab] [           main] kafka.network.SocketServer               : [SocketServer listenerType=ZK_BROKER, nodeId=0] Created data-plane acceptor and processors for endpoint : ListenerName(PLAINTEXT)
2025-06-09T13:06:00.556+01:00  INFO 27124 --- [message-broker-lab] [channel-manager] k.server.NodeToControllerRequestThread   : [zk-broker-0-to-controller-alter-partition-channel-manager]: Starting
2025-06-09T13:06:00.588+01:00  INFO 27124 --- [message-broker-lab] [eaper-0-Produce] perationPurgatory$ExpiredOperationReaper : [ExpirationReaper-0-Produce]: Starting
2025-06-09T13:06:00.590+01:00  INFO 27124 --- [message-broker-lab] [nReaper-0-Fetch] perationPurgatory$ExpiredOperationReaper : [ExpirationReaper-0-Fetch]: Starting
2025-06-09T13:06:00.590+01:00  INFO 27124 --- [message-broker-lab] [0-DeleteRecords] perationPurgatory$ExpiredOperationReaper : [ExpirationReaper-0-DeleteRecords]: Starting
2025-06-09T13:06:00.591+01:00  INFO 27124 --- [message-broker-lab] [r-0-ElectLeader] perationPurgatory$ExpiredOperationReaper : [ExpirationReaper-0-ElectLeader]: Starting
2025-06-09T13:06:00.591+01:00  INFO 27124 --- [message-broker-lab] [r-0-RemoteFetch] perationPurgatory$ExpiredOperationReaper : [ExpirationReaper-0-RemoteFetch]: Starting
2025-06-09T13:06:00.606+01:00  INFO 27124 --- [message-broker-lab] [rFailureHandler] k.s.ReplicaManager$LogDirFailureHandler  : [LogDirFailureHandler]: Starting
2025-06-09T13:06:00.606+01:00  INFO 27124 --- [message-broker-lab] [nSenderThread-0] kafka.server.AddPartitionsToTxnManager   : [AddPartitionsToTxnSenderThread-0]: Starting
2025-06-09T13:06:00.630+01:00  INFO 27124 --- [message-broker-lab] [           main] kafka.zk.KafkaZkClient                   : Creating /brokers/ids/0 (is it secure? false)
2025-06-09T13:06:00.646+01:00  INFO 27124 --- [message-broker-lab] [           main] kafka.zk.KafkaZkClient                   : Stat of the created znode at /brokers/ids/0 is: 25,25,1749470760641,1749470760641,1,0,0,72177318585171968,204,0,25

2025-06-09T13:06:00.647+01:00  INFO 27124 --- [message-broker-lab] [           main] kafka.zk.KafkaZkClient                   : Registered broker 0 at path /brokers/ids/0 with addresses: PLAINTEXT://localhost:59512, czxid (broker epoch): 25
2025-06-09T13:06:00.690+01:00  INFO 27124 --- [message-broker-lab] [er-event-thread] rollerEventManager$ControllerEventThread : [ControllerEventThread controllerId=0] Starting
2025-06-09T13:06:00.695+01:00  INFO 27124 --- [message-broker-lab] [nReaper-0-topic] perationPurgatory$ExpiredOperationReaper : [ExpirationReaper-0-topic]: Starting
2025-06-09T13:06:00.706+01:00  INFO 27124 --- [message-broker-lab] [er-event-thread] kafka.zk.KafkaZkClient                   : Successfully created /controller_epoch with initial epoch 0
2025-06-09T13:06:00.706+01:00  INFO 27124 --- [message-broker-lab] [per-0-Heartbeat] perationPurgatory$ExpiredOperationReaper : [ExpirationReaper-0-Heartbeat]: Starting
2025-06-09T13:06:00.706+01:00  INFO 27124 --- [message-broker-lab] [per-0-Rebalance] perationPurgatory$ExpiredOperationReaper : [ExpirationReaper-0-Rebalance]: Starting
2025-06-09T13:06:00.710+01:00  INFO 27124 --- [message-broker-lab] [er-event-thread] kafka.controller.KafkaController         : [Controller id=0] 0 successfully elected as the controller. Epoch incremented to 1 and epoch zk version is now 1
2025-06-09T13:06:00.712+01:00  INFO 27124 --- [message-broker-lab] [er-event-thread] kafka.controller.KafkaController         : [Controller id=0] Creating FeatureZNode at path: /feature with contents: FeatureZNode(2,Enabled,Map())
2025-06-09T13:06:00.714+01:00  INFO 27124 --- [message-broker-lab] [ain-EventThread] k.server.FinalizedFeatureChangeListener  : Feature ZK node created at path: /feature
2025-06-09T13:06:00.723+01:00  INFO 27124 --- [message-broker-lab] [           main] k.coordinator.group.GroupCoordinator     : [GroupCoordinator 0]: Starting up.
2025-06-09T13:06:00.726+01:00  INFO 27124 --- [message-broker-lab] [           main] k.coordinator.group.GroupCoordinator     : [GroupCoordinator 0]: Startup complete.
2025-06-09T13:06:00.742+01:00  INFO 27124 --- [message-broker-lab] [-process-thread] kafka.server.metadata.ZkMetadataCache    : [MetadataCache brokerId=0] Updated cache from existing None to latest Features(metadataVersion=3.9-IV0, finalizedFeatures={}, finalizedFeaturesEpoch=0).
2025-06-09T13:06:00.742+01:00  INFO 27124 --- [message-broker-lab] [er-event-thread] kafka.controller.KafkaController         : [Controller id=0] Registering handlers
2025-06-09T13:06:00.747+01:00  INFO 27124 --- [message-broker-lab] [er-event-thread] kafka.controller.KafkaController         : [Controller id=0] Deleting log dir event notifications
2025-06-09T13:06:00.749+01:00  INFO 27124 --- [message-broker-lab] [er-event-thread] kafka.controller.KafkaController         : [Controller id=0] Deleting isr change notifications
2025-06-09T13:06:00.750+01:00  INFO 27124 --- [message-broker-lab] [er-event-thread] kafka.controller.KafkaController         : [Controller id=0] Initializing controller context
2025-06-09T13:06:00.752+01:00  INFO 27124 --- [message-broker-lab] [           main] k.c.transaction.TransactionCoordinator   : [TransactionCoordinator id=0] Starting up.
2025-06-09T13:06:00.754+01:00  INFO 27124 --- [message-broker-lab] [rSenderThread-0] k.c.t.TransactionMarkerChannelManager    : [TxnMarkerSenderThread-0]: Starting
2025-06-09T13:06:00.754+01:00  INFO 27124 --- [message-broker-lab] [           main] k.c.transaction.TransactionCoordinator   : [TransactionCoordinator id=0] Startup complete.
2025-06-09T13:06:00.761+01:00  INFO 27124 --- [message-broker-lab] [er-event-thread] kafka.controller.KafkaController         : [Controller id=0] Initialized broker epochs cache: HashMap(0 -> 25)
2025-06-09T13:06:00.781+01:00  INFO 27124 --- [message-broker-lab] [r-0-send-thread] kafka.controller.RequestSendThread       : [RequestSendThread controllerId=0] Starting
2025-06-09T13:06:00.783+01:00  INFO 27124 --- [message-broker-lab] [er-event-thread] kafka.controller.KafkaController         : [Controller id=0] Currently active brokers in the cluster: Set(0)
2025-06-09T13:06:00.783+01:00  INFO 27124 --- [message-broker-lab] [er-event-thread] kafka.controller.KafkaController         : [Controller id=0] Currently shutting brokers in the cluster: HashSet()
2025-06-09T13:06:00.783+01:00  INFO 27124 --- [message-broker-lab] [er-event-thread] kafka.controller.KafkaController         : [Controller id=0] Current list of topics in the cluster: HashSet()
2025-06-09T13:06:00.783+01:00  INFO 27124 --- [message-broker-lab] [er-event-thread] kafka.controller.KafkaController         : [Controller id=0] Fetching topic deletions in progress
2025-06-09T13:06:00.785+01:00  INFO 27124 --- [message-broker-lab] [er-event-thread] kafka.controller.KafkaController         : [Controller id=0] List of topics to be deleted: 
2025-06-09T13:06:00.785+01:00  INFO 27124 --- [message-broker-lab] [er-event-thread] kafka.controller.KafkaController         : [Controller id=0] List of topics ineligible for deletion: 
2025-06-09T13:06:00.786+01:00  INFO 27124 --- [message-broker-lab] [er-event-thread] kafka.controller.KafkaController         : [Controller id=0] Initializing topic deletion manager
2025-06-09T13:06:00.786+01:00  INFO 27124 --- [message-broker-lab] [er-event-thread] kafka.controller.TopicDeletionManager    : [Topic Deletion Manager 0] Initializing manager with initial deletions: Set(), initial ineligible deletions: HashSet()
2025-06-09T13:06:00.787+01:00  INFO 27124 --- [message-broker-lab] [er-event-thread] kafka.controller.KafkaController         : [Controller id=0] Sending update metadata request
2025-06-09T13:06:00.789+01:00  INFO 27124 --- [message-broker-lab] [er-event-thread] state.change.logger                      : [Controller id=0 epoch=1] Sending UpdateMetadata request to brokers HashSet(0) for 0 partitions
2025-06-09T13:06:00.794+01:00  INFO 27124 --- [message-broker-lab] [er-event-thread] kafka.controller.ZkReplicaStateMachine   : [ReplicaStateMachine controllerId=0] Initializing replica state
2025-06-09T13:06:00.795+01:00  INFO 27124 --- [message-broker-lab] [er-event-thread] kafka.controller.ZkReplicaStateMachine   : [ReplicaStateMachine controllerId=0] Triggering online replica state changes
2025-06-09T13:06:00.800+01:00  INFO 27124 --- [message-broker-lab] [er-event-thread] kafka.controller.ZkReplicaStateMachine   : [ReplicaStateMachine controllerId=0] Triggering offline replica state changes
2025-06-09T13:06:00.800+01:00  INFO 27124 --- [message-broker-lab] [per-0-AlterAcls] perationPurgatory$ExpiredOperationReaper : [ExpirationReaper-0-AlterAcls]: Starting
2025-06-09T13:06:00.800+01:00  INFO 27124 --- [message-broker-lab] [er-event-thread] k.controller.ZkPartitionStateMachine     : [PartitionStateMachine controllerId=0] Initializing partition state
2025-06-09T13:06:00.801+01:00  INFO 27124 --- [message-broker-lab] [er-event-thread] k.controller.ZkPartitionStateMachine     : [PartitionStateMachine controllerId=0] Triggering online partition state changes
2025-06-09T13:06:00.803+01:00  INFO 27124 --- [message-broker-lab] [r-0-send-thread] kafka.controller.RequestSendThread       : [RequestSendThread controllerId=0] Controller 0 connected to localhost:59512 (id: 0 rack: null) for sending state change requests
2025-06-09T13:06:00.808+01:00  INFO 27124 --- [message-broker-lab] [er-event-thread] kafka.controller.KafkaController         : [Controller id=0] Ready to serve as the new controller with epoch 1
2025-06-09T13:06:00.818+01:00  INFO 27124 --- [message-broker-lab] [er-event-thread] kafka.controller.KafkaController         : [Controller id=0] Partitions undergoing preferred replica election: 
2025-06-09T13:06:00.818+01:00  INFO 27124 --- [message-broker-lab] [er-event-thread] kafka.controller.KafkaController         : [Controller id=0] Partitions that completed preferred replica election: 
2025-06-09T13:06:00.819+01:00  INFO 27124 --- [message-broker-lab] [er-event-thread] kafka.controller.KafkaController         : [Controller id=0] Skipping preferred replica election for partitions due to topic deletion: 
2025-06-09T13:06:00.819+01:00  INFO 27124 --- [message-broker-lab] [er-event-thread] kafka.controller.KafkaController         : [Controller id=0] Resuming preferred replica election for partitions: 
2025-06-09T13:06:00.819+01:00  INFO 27124 --- [message-broker-lab] [er-event-thread] kafka.controller.KafkaController         : [Controller id=0] Starting replica leader election (PREFERRED) for partitions  triggered by ZkTriggered
2025-06-09T13:06:00.836+01:00  INFO 27124 --- [message-broker-lab] [er-event-thread] kafka.controller.KafkaController         : [Controller id=0] Starting the controller scheduler
2025-06-09T13:06:00.843+01:00  INFO 27124 --- [message-broker-lab] [-process-thread] icationListener$ChangeEventProcessThread : [/config/changes-event-process-thread]: Starting
2025-06-09T13:06:00.851+01:00  INFO 27124 --- [message-broker-lab] [           main] kafka.network.SocketServer               : [SocketServer listenerType=ZK_BROKER, nodeId=0] Enabling request processing.
2025-06-09T13:06:00.854+01:00  INFO 27124 --- [message-broker-lab] [           main] kafka.server.KafkaServer                 : [KafkaServer id=0] Start processing authorizer futures
2025-06-09T13:06:00.855+01:00  INFO 27124 --- [message-broker-lab] [           main] kafka.server.KafkaServer                 : [KafkaServer id=0] End processing authorizer futures
2025-06-09T13:06:00.855+01:00  INFO 27124 --- [message-broker-lab] [           main] kafka.server.KafkaServer                 : [KafkaServer id=0] Start processing enable request processing future
2025-06-09T13:06:00.856+01:00  INFO 27124 --- [message-broker-lab] [           main] kafka.server.KafkaServer                 : [KafkaServer id=0] End processing enable request processing future
2025-06-09T13:06:00.858+01:00  INFO 27124 --- [message-broker-lab] [           main] o.a.kafka.common.utils.AppInfoParser     : Kafka version: 3.9.1
2025-06-09T13:06:00.858+01:00  INFO 27124 --- [message-broker-lab] [           main] o.a.kafka.common.utils.AppInfoParser     : Kafka commitId: f745dfdcee2b9851
2025-06-09T13:06:00.858+01:00  INFO 27124 --- [message-broker-lab] [           main] o.a.kafka.common.utils.AppInfoParser     : Kafka startTimeMs: 1749470760856
2025-06-09T13:06:00.859+01:00  INFO 27124 --- [message-broker-lab] [           main] kafka.server.KafkaServer                 : [KafkaServer id=0] started
2025-06-09T13:06:00.868+01:00  INFO 27124 --- [message-broker-lab] [           main] o.a.k.clients.admin.AdminClientConfig    : AdminClientConfig values: 
	auto.include.jmx.reporter = true
	bootstrap.controllers = []
	bootstrap.servers = [127.0.0.1:59512]
	client.dns.lookup = use_all_dns_ips
	client.id = 
	connections.max.idle.ms = 300000
	default.api.timeout.ms = 60000
	enable.metrics.push = true
	metadata.max.age.ms = 300000
	metadata.recovery.strategy = none
	metric.reporters = []
	metrics.num.samples = 2
	metrics.recording.level = INFO
	metrics.sample.window.ms = 30000
	receive.buffer.bytes = 65536
	reconnect.backoff.max.ms = 1000
	reconnect.backoff.ms = 50
	request.timeout.ms = 30000
	retries = 2147483647
	retry.backoff.max.ms = 1000
	retry.backoff.ms = 100
	sasl.client.callback.handler.class = null
	sasl.jaas.config = null
	sasl.kerberos.kinit.cmd = /usr/bin/kinit
	sasl.kerberos.min.time.before.relogin = 60000
	sasl.kerberos.service.name = null
	sasl.kerberos.ticket.renew.jitter = 0.05
	sasl.kerberos.ticket.renew.window.factor = 0.8
	sasl.login.callback.handler.class = null
	sasl.login.class = null
	sasl.login.connect.timeout.ms = null
	sasl.login.read.timeout.ms = null
	sasl.login.refresh.buffer.seconds = 300
	sasl.login.refresh.min.period.seconds = 60
	sasl.login.refresh.window.factor = 0.8
	sasl.login.refresh.window.jitter = 0.05
	sasl.login.retry.backoff.max.ms = 10000
	sasl.login.retry.backoff.ms = 100
	sasl.mechanism = GSSAPI
	sasl.oauthbearer.clock.skew.seconds = 30
	sasl.oauthbearer.expected.audience = null
	sasl.oauthbearer.expected.issuer = null
	sasl.oauthbearer.header.urlencode = false
	sasl.oauthbearer.jwks.endpoint.refresh.ms = 3600000
	sasl.oauthbearer.jwks.endpoint.retry.backoff.max.ms = 10000
	sasl.oauthbearer.jwks.endpoint.retry.backoff.ms = 100
	sasl.oauthbearer.jwks.endpoint.url = null
	sasl.oauthbearer.scope.claim.name = scope
	sasl.oauthbearer.sub.claim.name = sub
	sasl.oauthbearer.token.endpoint.url = null
	security.protocol = PLAINTEXT
	security.providers = null
	send.buffer.bytes = 131072
	socket.connection.setup.timeout.max.ms = 30000
	socket.connection.setup.timeout.ms = 10000
	ssl.cipher.suites = null
	ssl.enabled.protocols = [TLSv1.2, TLSv1.3]
	ssl.endpoint.identification.algorithm = https
	ssl.engine.factory.class = null
	ssl.key.password = null
	ssl.keymanager.algorithm = SunX509
	ssl.keystore.certificate.chain = null
	ssl.keystore.key = null
	ssl.keystore.location = null
	ssl.keystore.password = null
	ssl.keystore.type = JKS
	ssl.protocol = TLSv1.3
	ssl.provider = null
	ssl.secure.random.implementation = null
	ssl.trustmanager.algorithm = PKIX
	ssl.truststore.certificates = null
	ssl.truststore.location = null
	ssl.truststore.password = null
	ssl.truststore.type = JKS

2025-06-09T13:06:00.900+01:00  INFO 27124 --- [message-broker-lab] [           main] o.a.kafka.common.utils.AppInfoParser     : Kafka version: 3.9.1
2025-06-09T13:06:00.900+01:00  INFO 27124 --- [message-broker-lab] [           main] o.a.kafka.common.utils.AppInfoParser     : Kafka commitId: f745dfdcee2b9851
2025-06-09T13:06:00.900+01:00  INFO 27124 --- [message-broker-lab] [           main] o.a.kafka.common.utils.AppInfoParser     : Kafka startTimeMs: 1749470760900
2025-06-09T13:06:00.928+01:00  INFO 27124 --- [message-broker-lab] [channel-manager] k.server.NodeToControllerRequestThread   : [zk-broker-0-to-controller-forwarding-channel-manager]: Recorded new ZK controller, from now on will use node localhost:59512 (id: 0 rack: null)
2025-06-09T13:06:00.949+01:00  INFO 27124 --- [message-broker-lab] [quest-handler-3] kafka.zk.AdminZkClient                   : Creating topic topic-two with configuration {} and initial partition assignment HashMap(0 -> ArrayBuffer(0))
2025-06-09T13:06:00.959+01:00  INFO 27124 --- [message-broker-lab] [channel-manager] k.server.NodeToControllerRequestThread   : [zk-broker-0-to-controller-alter-partition-channel-manager]: Recorded new ZK controller, from now on will use node localhost:59512 (id: 0 rack: null)
2025-06-09T13:06:00.970+01:00  INFO 27124 --- [message-broker-lab] [er-event-thread] kafka.controller.KafkaController         : [Controller id=0] New topics: [Set(topic-two)], deleted topics: [HashSet()], new partition replica assignment [Set(TopicIdReplicaAssignment(topic-two,Some(3k3spivNRcunYcElaQ5Riw),Map(topic-two-0 -> ReplicaAssignment(replicas=0, addingReplicas=, removingReplicas=))))]
2025-06-09T13:06:00.971+01:00  INFO 27124 --- [message-broker-lab] [er-event-thread] kafka.controller.KafkaController         : [Controller id=0] New partition creation callback for topic-two-0
2025-06-09T13:06:00.973+01:00  INFO 27124 --- [message-broker-lab] [er-event-thread] state.change.logger                      : [Controller id=0 epoch=1] Changed partition topic-two-0 state from NonExistentPartition to NewPartition with assigned replicas 0
2025-06-09T13:06:00.974+01:00  INFO 27124 --- [message-broker-lab] [er-event-thread] state.change.logger                      : [Controller id=0 epoch=1] Sending UpdateMetadata request to brokers HashSet() for 0 partitions
2025-06-09T13:06:00.974+01:00  INFO 27124 --- [message-broker-lab] [quest-handler-3] kafka.zk.AdminZkClient                   : Creating topic topic-one with configuration {} and initial partition assignment HashMap(0 -> ArrayBuffer(0))
2025-06-09T13:06:00.985+01:00  INFO 27124 --- [message-broker-lab] [er-event-thread] state.change.logger                      : [Controller id=0 epoch=1] Sending UpdateMetadata request to brokers HashSet() for 0 partitions
2025-06-09T13:06:00.999+01:00  INFO 27124 --- [message-broker-lab] [er-event-thread] state.change.logger                      : [Controller id=0 epoch=1] Changed partition topic-two-0 from NewPartition to OnlinePartition with state LeaderAndIsr(leader=0, leaderEpoch=0, isrWithBrokerEpoch=List(BrokerState(brokerId=0, brokerEpoch=-1)), leaderRecoveryState=RECOVERED, partitionEpoch=0)
2025-06-09T13:06:01.001+01:00  INFO 27124 --- [message-broker-lab] [er-event-thread] state.change.logger                      : [Controller id=0 epoch=1] Sending LeaderAndIsr request to broker 0 with 1 become-leader and 0 become-follower partitions
2025-06-09T13:06:01.002+01:00  INFO 27124 --- [message-broker-lab] [er-event-thread] state.change.logger                      : [Controller id=0 epoch=1] Sending UpdateMetadata request to brokers HashSet(0) for 1 partitions
2025-06-09T13:06:01.005+01:00  INFO 27124 --- [message-broker-lab] [er-event-thread] state.change.logger                      : [Controller id=0 epoch=1] Sending UpdateMetadata request to brokers HashSet() for 0 partitions
2025-06-09T13:06:01.008+01:00  INFO 27124 --- [message-broker-lab] [er-event-thread] kafka.controller.KafkaController         : [Controller id=0] New topics: [Set(topic-one)], deleted topics: [HashSet()], new partition replica assignment [Set(TopicIdReplicaAssignment(topic-one,Some(zFL2XC8sTHmwuBAAOW4DPA),Map(topic-one-0 -> ReplicaAssignment(replicas=0, addingReplicas=, removingReplicas=))))]
2025-06-09T13:06:01.008+01:00  INFO 27124 --- [message-broker-lab] [er-event-thread] kafka.controller.KafkaController         : [Controller id=0] New partition creation callback for topic-one-0
2025-06-09T13:06:01.008+01:00  INFO 27124 --- [message-broker-lab] [er-event-thread] state.change.logger                      : [Controller id=0 epoch=1] Changed partition topic-one-0 state from NonExistentPartition to NewPartition with assigned replicas 0
2025-06-09T13:06:01.008+01:00  INFO 27124 --- [message-broker-lab] [er-event-thread] state.change.logger                      : [Controller id=0 epoch=1] Sending UpdateMetadata request to brokers HashSet() for 0 partitions
2025-06-09T13:06:01.008+01:00  INFO 27124 --- [message-broker-lab] [er-event-thread] state.change.logger                      : [Controller id=0 epoch=1] Sending UpdateMetadata request to brokers HashSet() for 0 partitions
2025-06-09T13:06:01.009+01:00  INFO 27124 --- [message-broker-lab] [quest-handler-7] state.change.logger                      : [Broker id=0] Handling LeaderAndIsr request correlationId 1 from controller 0 for 1 partitions
2025-06-09T13:06:01.013+01:00  INFO 27124 --- [message-broker-lab] [er-event-thread] state.change.logger                      : [Controller id=0 epoch=1] Changed partition topic-one-0 from NewPartition to OnlinePartition with state LeaderAndIsr(leader=0, leaderEpoch=0, isrWithBrokerEpoch=List(BrokerState(brokerId=0, brokerEpoch=-1)), leaderRecoveryState=RECOVERED, partitionEpoch=0)
2025-06-09T13:06:01.013+01:00  INFO 27124 --- [message-broker-lab] [er-event-thread] state.change.logger                      : [Controller id=0 epoch=1] Sending LeaderAndIsr request to broker 0 with 1 become-leader and 0 become-follower partitions
2025-06-09T13:06:01.013+01:00  INFO 27124 --- [message-broker-lab] [er-event-thread] state.change.logger                      : [Controller id=0 epoch=1] Sending UpdateMetadata request to brokers HashSet(0) for 1 partitions
2025-06-09T13:06:01.013+01:00  INFO 27124 --- [message-broker-lab] [er-event-thread] state.change.logger                      : [Controller id=0 epoch=1] Sending UpdateMetadata request to brokers HashSet() for 0 partitions
2025-06-09T13:06:01.030+01:00  INFO 27124 --- [message-broker-lab] [quest-handler-7] kafka.server.ReplicaFetcherManager       : [ReplicaFetcherManager on broker 0] Removed fetcher for partitions Set(topic-two-0)
2025-06-09T13:06:01.031+01:00  INFO 27124 --- [message-broker-lab] [quest-handler-7] state.change.logger                      : [Broker id=0] Stopped fetchers as part of LeaderAndIsr request correlationId 1 from controller 0 epoch 1 as part of the become-leader transition for 1 partitions
2025-06-09T13:06:01.102+01:00  INFO 27124 --- [message-broker-lab] [quest-handler-7] kafka.log.UnifiedLog$                    : [LogLoader partition=topic-two-0, dir=C:\Users\tlopes\AppData\Local\Temp\spring.kafka.6e4a4d0e-df7a-4ba7-96c4-594e1615199c15489628491134759763] Loading producer state till offset 0 with message format version 2
2025-06-09T13:06:01.115+01:00  INFO 27124 --- [message-broker-lab] [quest-handler-7] kafka.log.LogManager                     : Created log for partition topic-two-0 in C:\Users\tlopes\AppData\Local\Temp\spring.kafka.6e4a4d0e-df7a-4ba7-96c4-594e1615199c15489628491134759763\topic-two-0 with properties {}
2025-06-09T13:06:01.117+01:00  INFO 27124 --- [message-broker-lab] [quest-handler-7] kafka.cluster.Partition                  : [Partition topic-two-0 broker=0] No checkpointed highwatermark is found for partition topic-two-0
2025-06-09T13:06:01.119+01:00  INFO 27124 --- [message-broker-lab] [quest-handler-7] kafka.cluster.Partition                  : [Partition topic-two-0 broker=0] Log loaded for partition topic-two-0 with initial high watermark 0
2025-06-09T13:06:01.121+01:00  INFO 27124 --- [message-broker-lab] [quest-handler-7] state.change.logger                      : [Broker id=0] Leader topic-two-0 with topic id Some(3k3spivNRcunYcElaQ5Riw) starts at leader epoch 0 from offset 0 with partition epoch 0, high watermark 0, ISR [0], adding replicas [] and removing replicas [] . Previous leader None and previous leader epoch was -1.
2025-06-09T13:06:01.138+01:00  INFO 27124 --- [message-broker-lab] [quest-handler-7] state.change.logger                      : [Broker id=0] Finished LeaderAndIsr request in 131ms correlationId 1 from controller 0 for 1 partitions
2025-06-09T13:06:01.149+01:00  INFO 27124 --- [message-broker-lab] [quest-handler-1] state.change.logger                      : [Broker id=0] Add 1 partitions and deleted 0 partitions from metadata cache in response to UpdateMetadata request sent by controller 0 epoch 1 with correlation id 2
2025-06-09T13:06:01.151+01:00  INFO 27124 --- [message-broker-lab] [quest-handler-0] state.change.logger                      : [Broker id=0] Handling LeaderAndIsr request correlationId 3 from controller 0 for 1 partitions
2025-06-09T13:06:01.152+01:00  INFO 27124 --- [message-broker-lab] [quest-handler-0] kafka.server.ReplicaFetcherManager       : [ReplicaFetcherManager on broker 0] Removed fetcher for partitions Set(topic-one-0)
2025-06-09T13:06:01.152+01:00  INFO 27124 --- [message-broker-lab] [quest-handler-0] state.change.logger                      : [Broker id=0] Stopped fetchers as part of LeaderAndIsr request correlationId 3 from controller 0 epoch 1 as part of the become-leader transition for 1 partitions
2025-06-09T13:06:01.165+01:00  INFO 27124 --- [message-broker-lab] [quest-handler-0] kafka.log.UnifiedLog$                    : [LogLoader partition=topic-one-0, dir=C:\Users\tlopes\AppData\Local\Temp\spring.kafka.6e4a4d0e-df7a-4ba7-96c4-594e1615199c15489628491134759763] Loading producer state till offset 0 with message format version 2
2025-06-09T13:06:01.165+01:00  INFO 27124 --- [message-broker-lab] [quest-handler-0] kafka.log.LogManager                     : Created log for partition topic-one-0 in C:\Users\tlopes\AppData\Local\Temp\spring.kafka.6e4a4d0e-df7a-4ba7-96c4-594e1615199c15489628491134759763\topic-one-0 with properties {}
2025-06-09T13:06:01.174+01:00  INFO 27124 --- [message-broker-lab] [quest-handler-0] kafka.cluster.Partition                  : [Partition topic-one-0 broker=0] No checkpointed highwatermark is found for partition topic-one-0
2025-06-09T13:06:01.174+01:00  INFO 27124 --- [message-broker-lab] [quest-handler-0] kafka.cluster.Partition                  : [Partition topic-one-0 broker=0] Log loaded for partition topic-one-0 with initial high watermark 0
2025-06-09T13:06:01.174+01:00  INFO 27124 --- [message-broker-lab] [quest-handler-0] state.change.logger                      : [Broker id=0] Leader topic-one-0 with topic id Some(zFL2XC8sTHmwuBAAOW4DPA) starts at leader epoch 0 from offset 0 with partition epoch 0, high watermark 0, ISR [0], adding replicas [] and removing replicas [] . Previous leader None and previous leader epoch was -1.
2025-06-09T13:06:01.177+01:00  INFO 27124 --- [message-broker-lab] [quest-handler-0] state.change.logger                      : [Broker id=0] Finished LeaderAndIsr request in 26ms correlationId 3 from controller 0 for 1 partitions
2025-06-09T13:06:01.179+01:00  INFO 27124 --- [message-broker-lab] [quest-handler-2] state.change.logger                      : [Broker id=0] Add 1 partitions and deleted 0 partitions from metadata cache in response to UpdateMetadata request sent by controller 0 epoch 1 with correlation id 4
2025-06-09T13:06:01.189+01:00  INFO 27124 --- [message-broker-lab] [| adminclient-1] o.a.kafka.common.utils.AppInfoParser     : App info kafka.admin.client for adminclient-1 unregistered
2025-06-09T13:06:01.191+01:00  INFO 27124 --- [message-broker-lab] [| adminclient-1] o.apache.kafka.common.metrics.Metrics    : Metrics scheduler closed
2025-06-09T13:06:01.192+01:00  INFO 27124 --- [message-broker-lab] [| adminclient-1] o.apache.kafka.common.metrics.Metrics    : Closing reporter org.apache.kafka.common.metrics.JmxReporter
2025-06-09T13:06:01.192+01:00  INFO 27124 --- [message-broker-lab] [| adminclient-1] o.apache.kafka.common.metrics.Metrics    : Metrics reporters closed
2025-06-09T13:06:01.231+01:00  INFO 27124 --- [message-broker-lab] [           main] c.m.m.k.i.KafkaIntegrationTest           : Starting KafkaIntegrationTest using Java 21.0.1 with PID 27124 (started by tlopes in C:\Users\tlopes\Documents\Projects\message-broker-lab\message-broker-lab\message-broker-lab)
2025-06-09T13:06:01.233+01:00  INFO 27124 --- [message-broker-lab] [           main] c.m.m.k.i.KafkaIntegrationTest           : No active profile set, falling back to 1 default profile: "default"
2025-06-09T13:06:02.645+01:00  INFO 27124 --- [message-broker-lab] [           main] c.r.stream.impl.StreamEnvironment        : Connecting to localhost with guest user, assuming development environment
2025-06-09T13:06:02.645+01:00  INFO 27124 --- [message-broker-lab] [           main] c.r.stream.impl.StreamEnvironment        : Using address resolver to always connect to localhost
2025-06-09T13:06:02.913+01:00  INFO 27124 --- [message-broker-lab] [           main] o.a.k.clients.admin.AdminClientConfig    : AdminClientConfig values: 
	auto.include.jmx.reporter = true
	bootstrap.controllers = []
	bootstrap.servers = [127.0.0.1:59512]
	client.dns.lookup = use_all_dns_ips
	client.id = message-broker-lab-admin-0
	connections.max.idle.ms = 300000
	default.api.timeout.ms = 60000
	enable.metrics.push = true
	metadata.max.age.ms = 300000
	metadata.recovery.strategy = none
	metric.reporters = []
	metrics.num.samples = 2
	metrics.recording.level = INFO
	metrics.sample.window.ms = 30000
	receive.buffer.bytes = 65536
	reconnect.backoff.max.ms = 1000
	reconnect.backoff.ms = 50
	request.timeout.ms = 30000
	retries = 2147483647
	retry.backoff.max.ms = 1000
	retry.backoff.ms = 100
	sasl.client.callback.handler.class = null
	sasl.jaas.config = null
	sasl.kerberos.kinit.cmd = /usr/bin/kinit
	sasl.kerberos.min.time.before.relogin = 60000
	sasl.kerberos.service.name = null
	sasl.kerberos.ticket.renew.jitter = 0.05
	sasl.kerberos.ticket.renew.window.factor = 0.8
	sasl.login.callback.handler.class = null
	sasl.login.class = null
	sasl.login.connect.timeout.ms = null
	sasl.login.read.timeout.ms = null
	sasl.login.refresh.buffer.seconds = 300
	sasl.login.refresh.min.period.seconds = 60
	sasl.login.refresh.window.factor = 0.8
	sasl.login.refresh.window.jitter = 0.05
	sasl.login.retry.backoff.max.ms = 10000
	sasl.login.retry.backoff.ms = 100
	sasl.mechanism = GSSAPI
	sasl.oauthbearer.clock.skew.seconds = 30
	sasl.oauthbearer.expected.audience = null
	sasl.oauthbearer.expected.issuer = null
	sasl.oauthbearer.header.urlencode = false
	sasl.oauthbearer.jwks.endpoint.refresh.ms = 3600000
	sasl.oauthbearer.jwks.endpoint.retry.backoff.max.ms = 10000
	sasl.oauthbearer.jwks.endpoint.retry.backoff.ms = 100
	sasl.oauthbearer.jwks.endpoint.url = null
	sasl.oauthbearer.scope.claim.name = scope
	sasl.oauthbearer.sub.claim.name = sub
	sasl.oauthbearer.token.endpoint.url = null
	security.protocol = PLAINTEXT
	security.providers = null
	send.buffer.bytes = 131072
	socket.connection.setup.timeout.max.ms = 30000
	socket.connection.setup.timeout.ms = 10000
	ssl.cipher.suites = null
	ssl.enabled.protocols = [TLSv1.2, TLSv1.3]
	ssl.endpoint.identification.algorithm = https
	ssl.engine.factory.class = null
	ssl.key.password = null
	ssl.keymanager.algorithm = SunX509
	ssl.keystore.certificate.chain = null
	ssl.keystore.key = null
	ssl.keystore.location = null
	ssl.keystore.password = null
	ssl.keystore.type = JKS
	ssl.protocol = TLSv1.3
	ssl.provider = null
	ssl.secure.random.implementation = null
	ssl.trustmanager.algorithm = PKIX
	ssl.truststore.certificates = null
	ssl.truststore.location = null
	ssl.truststore.password = null
	ssl.truststore.type = JKS

2025-06-09T13:06:02.920+01:00  INFO 27124 --- [message-broker-lab] [           main] o.a.kafka.common.utils.AppInfoParser     : Kafka version: 3.9.1
2025-06-09T13:06:02.920+01:00  INFO 27124 --- [message-broker-lab] [           main] o.a.kafka.common.utils.AppInfoParser     : Kafka commitId: f745dfdcee2b9851
2025-06-09T13:06:02.920+01:00  INFO 27124 --- [message-broker-lab] [           main] o.a.kafka.common.utils.AppInfoParser     : Kafka startTimeMs: 1749470762920
2025-06-09T13:06:02.946+01:00  INFO 27124 --- [message-broker-lab] [quest-handler-2] kafka.zk.AdminZkClient                   : Creating topic test-topic with configuration {} and initial partition assignment HashMap(0 -> ArrayBuffer(0))
2025-06-09T13:06:02.960+01:00  INFO 27124 --- [message-broker-lab] [er-event-thread] kafka.controller.KafkaController         : [Controller id=0] New topics: [Set(test-topic)], deleted topics: [HashSet()], new partition replica assignment [Set(TopicIdReplicaAssignment(test-topic,Some(8P505HUiSfiDg6hyOuoMdA),Map(test-topic-0 -> ReplicaAssignment(replicas=0, addingReplicas=, removingReplicas=))))]
2025-06-09T13:06:02.960+01:00  INFO 27124 --- [message-broker-lab] [er-event-thread] kafka.controller.KafkaController         : [Controller id=0] New partition creation callback for test-topic-0
2025-06-09T13:06:02.960+01:00  INFO 27124 --- [message-broker-lab] [er-event-thread] state.change.logger                      : [Controller id=0 epoch=1] Changed partition test-topic-0 state from NonExistentPartition to NewPartition with assigned replicas 0
2025-06-09T13:06:02.960+01:00  INFO 27124 --- [message-broker-lab] [er-event-thread] state.change.logger                      : [Controller id=0 epoch=1] Sending UpdateMetadata request to brokers HashSet() for 0 partitions
2025-06-09T13:06:02.961+01:00  INFO 27124 --- [message-broker-lab] [er-event-thread] state.change.logger                      : [Controller id=0 epoch=1] Sending UpdateMetadata request to brokers HashSet() for 0 partitions
2025-06-09T13:06:02.965+01:00  INFO 27124 --- [message-broker-lab] [er-event-thread] state.change.logger                      : [Controller id=0 epoch=1] Changed partition test-topic-0 from NewPartition to OnlinePartition with state LeaderAndIsr(leader=0, leaderEpoch=0, isrWithBrokerEpoch=List(BrokerState(brokerId=0, brokerEpoch=-1)), leaderRecoveryState=RECOVERED, partitionEpoch=0)
2025-06-09T13:06:02.965+01:00  INFO 27124 --- [message-broker-lab] [er-event-thread] state.change.logger                      : [Controller id=0 epoch=1] Sending LeaderAndIsr request to broker 0 with 1 become-leader and 0 become-follower partitions
2025-06-09T13:06:02.966+01:00  INFO 27124 --- [message-broker-lab] [er-event-thread] state.change.logger                      : [Controller id=0 epoch=1] Sending UpdateMetadata request to brokers HashSet(0) for 1 partitions
2025-06-09T13:06:02.966+01:00  INFO 27124 --- [message-broker-lab] [er-event-thread] state.change.logger                      : [Controller id=0 epoch=1] Sending UpdateMetadata request to brokers HashSet() for 0 partitions
2025-06-09T13:06:02.966+01:00  INFO 27124 --- [message-broker-lab] [quest-handler-5] state.change.logger                      : [Broker id=0] Handling LeaderAndIsr request correlationId 5 from controller 0 for 1 partitions
2025-06-09T13:06:02.967+01:00  INFO 27124 --- [message-broker-lab] [quest-handler-5] kafka.server.ReplicaFetcherManager       : [ReplicaFetcherManager on broker 0] Removed fetcher for partitions Set(test-topic-0)
2025-06-09T13:06:02.967+01:00  INFO 27124 --- [message-broker-lab] [quest-handler-5] state.change.logger                      : [Broker id=0] Stopped fetchers as part of LeaderAndIsr request correlationId 5 from controller 0 epoch 1 as part of the become-leader transition for 1 partitions
2025-06-09T13:06:02.979+01:00  INFO 27124 --- [message-broker-lab] [quest-handler-5] kafka.log.UnifiedLog$                    : [LogLoader partition=test-topic-0, dir=C:\Users\tlopes\AppData\Local\Temp\spring.kafka.6e4a4d0e-df7a-4ba7-96c4-594e1615199c15489628491134759763] Loading producer state till offset 0 with message format version 2
2025-06-09T13:06:02.980+01:00  INFO 27124 --- [message-broker-lab] [quest-handler-5] kafka.log.LogManager                     : Created log for partition test-topic-0 in C:\Users\tlopes\AppData\Local\Temp\spring.kafka.6e4a4d0e-df7a-4ba7-96c4-594e1615199c15489628491134759763\test-topic-0 with properties {}
2025-06-09T13:06:02.983+01:00  INFO 27124 --- [message-broker-lab] [quest-handler-5] kafka.cluster.Partition                  : [Partition test-topic-0 broker=0] No checkpointed highwatermark is found for partition test-topic-0
2025-06-09T13:06:02.983+01:00  INFO 27124 --- [message-broker-lab] [quest-handler-5] kafka.cluster.Partition                  : [Partition test-topic-0 broker=0] Log loaded for partition test-topic-0 with initial high watermark 0
2025-06-09T13:06:02.983+01:00  INFO 27124 --- [message-broker-lab] [quest-handler-5] state.change.logger                      : [Broker id=0] Leader test-topic-0 with topic id Some(8P505HUiSfiDg6hyOuoMdA) starts at leader epoch 0 from offset 0 with partition epoch 0, high watermark 0, ISR [0], adding replicas [] and removing replicas [] . Previous leader None and previous leader epoch was -1.
2025-06-09T13:06:02.986+01:00  INFO 27124 --- [message-broker-lab] [quest-handler-5] state.change.logger                      : [Broker id=0] Finished LeaderAndIsr request in 20ms correlationId 5 from controller 0 for 1 partitions
2025-06-09T13:06:02.987+01:00  INFO 27124 --- [message-broker-lab] [quest-handler-3] state.change.logger                      : [Broker id=0] Add 1 partitions and deleted 0 partitions from metadata cache in response to UpdateMetadata request sent by controller 0 epoch 1 with correlation id 6
2025-06-09T13:06:02.991+01:00  INFO 27124 --- [message-broker-lab] [ker-lab-admin-0] o.a.kafka.common.utils.AppInfoParser     : App info kafka.admin.client for message-broker-lab-admin-0 unregistered
2025-06-09T13:06:02.992+01:00  INFO 27124 --- [message-broker-lab] [ker-lab-admin-0] o.apache.kafka.common.metrics.Metrics    : Metrics scheduler closed
2025-06-09T13:06:02.992+01:00  INFO 27124 --- [message-broker-lab] [ker-lab-admin-0] o.apache.kafka.common.metrics.Metrics    : Closing reporter org.apache.kafka.common.metrics.JmxReporter
2025-06-09T13:06:02.992+01:00  INFO 27124 --- [message-broker-lab] [ker-lab-admin-0] o.apache.kafka.common.metrics.Metrics    : Metrics reporters closed
2025-06-09T13:06:03.023+01:00  INFO 27124 --- [message-broker-lab] [           main] o.a.k.clients.consumer.ConsumerConfig    : ConsumerConfig values: 
	allow.auto.create.topics = true
	auto.commit.interval.ms = 5000
	auto.include.jmx.reporter = true
	auto.offset.reset = latest
	bootstrap.servers = [127.0.0.1:59512]
	check.crcs = true
	client.dns.lookup = use_all_dns_ips
	client.id = consumer-test-1
	client.rack = 
	connections.max.idle.ms = 540000
	default.api.timeout.ms = 60000
	enable.auto.commit = false
	enable.metrics.push = true
	exclude.internal.topics = true
	fetch.max.bytes = 52428800
	fetch.max.wait.ms = 500
	fetch.min.bytes = 1
	group.id = test
	group.instance.id = null
	group.protocol = classic
	group.remote.assignor = null
	heartbeat.interval.ms = 3000
	interceptor.classes = []
	internal.leave.group.on.close = true
	internal.throw.on.fetch.stable.offset.unsupported = false
	isolation.level = read_uncommitted
	key.deserializer = class org.apache.kafka.common.serialization.StringDeserializer
	max.partition.fetch.bytes = 1048576
	max.poll.interval.ms = 300000
	max.poll.records = 500
	metadata.max.age.ms = 300000
	metadata.recovery.strategy = none
	metric.reporters = []
	metrics.num.samples = 2
	metrics.recording.level = INFO
	metrics.sample.window.ms = 30000
	partition.assignment.strategy = [class org.apache.kafka.clients.consumer.RangeAssignor, class org.apache.kafka.clients.consumer.CooperativeStickyAssignor]
	receive.buffer.bytes = 65536
	reconnect.backoff.max.ms = 1000
	reconnect.backoff.ms = 50
	request.timeout.ms = 30000
	retry.backoff.max.ms = 1000
	retry.backoff.ms = 100
	sasl.client.callback.handler.class = null
	sasl.jaas.config = null
	sasl.kerberos.kinit.cmd = /usr/bin/kinit
	sasl.kerberos.min.time.before.relogin = 60000
	sasl.kerberos.service.name = null
	sasl.kerberos.ticket.renew.jitter = 0.05
	sasl.kerberos.ticket.renew.window.factor = 0.8
	sasl.login.callback.handler.class = null
	sasl.login.class = null
	sasl.login.connect.timeout.ms = null
	sasl.login.read.timeout.ms = null
	sasl.login.refresh.buffer.seconds = 300
	sasl.login.refresh.min.period.seconds = 60
	sasl.login.refresh.window.factor = 0.8
	sasl.login.refresh.window.jitter = 0.05
	sasl.login.retry.backoff.max.ms = 10000
	sasl.login.retry.backoff.ms = 100
	sasl.mechanism = GSSAPI
	sasl.oauthbearer.clock.skew.seconds = 30
	sasl.oauthbearer.expected.audience = null
	sasl.oauthbearer.expected.issuer = null
	sasl.oauthbearer.header.urlencode = false
	sasl.oauthbearer.jwks.endpoint.refresh.ms = 3600000
	sasl.oauthbearer.jwks.endpoint.retry.backoff.max.ms = 10000
	sasl.oauthbearer.jwks.endpoint.retry.backoff.ms = 100
	sasl.oauthbearer.jwks.endpoint.url = null
	sasl.oauthbearer.scope.claim.name = scope
	sasl.oauthbearer.sub.claim.name = sub
	sasl.oauthbearer.token.endpoint.url = null
	security.protocol = PLAINTEXT
	security.providers = null
	send.buffer.bytes = 131072
	session.timeout.ms = 45000
	socket.connection.setup.timeout.max.ms = 30000
	socket.connection.setup.timeout.ms = 10000
	ssl.cipher.suites = null
	ssl.enabled.protocols = [TLSv1.2, TLSv1.3]
	ssl.endpoint.identification.algorithm = https
	ssl.engine.factory.class = null
	ssl.key.password = null
	ssl.keymanager.algorithm = SunX509
	ssl.keystore.certificate.chain = null
	ssl.keystore.key = null
	ssl.keystore.location = null
	ssl.keystore.password = null
	ssl.keystore.type = JKS
	ssl.protocol = TLSv1.3
	ssl.provider = null
	ssl.secure.random.implementation = null
	ssl.trustmanager.algorithm = PKIX
	ssl.truststore.certificates = null
	ssl.truststore.location = null
	ssl.truststore.password = null
	ssl.truststore.type = JKS
	value.deserializer = class org.springframework.kafka.support.serializer.JsonDeserializer

2025-06-09T13:06:03.057+01:00  INFO 27124 --- [message-broker-lab] [           main] o.a.k.c.t.i.KafkaMetricsCollector        : initializing Kafka metrics collector
2025-06-09T13:06:03.107+01:00  INFO 27124 --- [message-broker-lab] [           main] o.a.kafka.common.utils.AppInfoParser     : Kafka version: 3.9.1
2025-06-09T13:06:03.107+01:00  INFO 27124 --- [message-broker-lab] [           main] o.a.kafka.common.utils.AppInfoParser     : Kafka commitId: f745dfdcee2b9851
2025-06-09T13:06:03.107+01:00  INFO 27124 --- [message-broker-lab] [           main] o.a.kafka.common.utils.AppInfoParser     : Kafka startTimeMs: 1749470763107
2025-06-09T13:06:03.109+01:00  INFO 27124 --- [message-broker-lab] [           main] o.a.k.c.c.i.ClassicKafkaConsumer         : [Consumer clientId=consumer-test-1, groupId=test] Subscribed to topic(s): topic-one
2025-06-09T13:06:03.117+01:00  INFO 27124 --- [message-broker-lab] [           main] o.a.k.clients.consumer.ConsumerConfig    : ConsumerConfig values: 
	allow.auto.create.topics = true
	auto.commit.interval.ms = 5000
	auto.include.jmx.reporter = true
	auto.offset.reset = latest
	bootstrap.servers = [127.0.0.1:59512]
	check.crcs = true
	client.dns.lookup = use_all_dns_ips
	client.id = consumer-test-2
	client.rack = 
	connections.max.idle.ms = 540000
	default.api.timeout.ms = 60000
	enable.auto.commit = false
	enable.metrics.push = true
	exclude.internal.topics = true
	fetch.max.bytes = 52428800
	fetch.max.wait.ms = 500
	fetch.min.bytes = 1
	group.id = test
	group.instance.id = null
	group.protocol = classic
	group.remote.assignor = null
	heartbeat.interval.ms = 3000
	interceptor.classes = []
	internal.leave.group.on.close = true
	internal.throw.on.fetch.stable.offset.unsupported = false
	isolation.level = read_uncommitted
	key.deserializer = class org.apache.kafka.common.serialization.StringDeserializer
	max.partition.fetch.bytes = 1048576
	max.poll.interval.ms = 300000
	max.poll.records = 500
	metadata.max.age.ms = 300000
	metadata.recovery.strategy = none
	metric.reporters = []
	metrics.num.samples = 2
	metrics.recording.level = INFO
	metrics.sample.window.ms = 30000
	partition.assignment.strategy = [class org.apache.kafka.clients.consumer.RangeAssignor, class org.apache.kafka.clients.consumer.CooperativeStickyAssignor]
	receive.buffer.bytes = 65536
	reconnect.backoff.max.ms = 1000
	reconnect.backoff.ms = 50
	request.timeout.ms = 30000
	retry.backoff.max.ms = 1000
	retry.backoff.ms = 100
	sasl.client.callback.handler.class = null
	sasl.jaas.config = null
	sasl.kerberos.kinit.cmd = /usr/bin/kinit
	sasl.kerberos.min.time.before.relogin = 60000
	sasl.kerberos.service.name = null
	sasl.kerberos.ticket.renew.jitter = 0.05
	sasl.kerberos.ticket.renew.window.factor = 0.8
	sasl.login.callback.handler.class = null
	sasl.login.class = null
	sasl.login.connect.timeout.ms = null
	sasl.login.read.timeout.ms = null
	sasl.login.refresh.buffer.seconds = 300
	sasl.login.refresh.min.period.seconds = 60
	sasl.login.refresh.window.factor = 0.8
	sasl.login.refresh.window.jitter = 0.05
	sasl.login.retry.backoff.max.ms = 10000
	sasl.login.retry.backoff.ms = 100
	sasl.mechanism = GSSAPI
	sasl.oauthbearer.clock.skew.seconds = 30
	sasl.oauthbearer.expected.audience = null
	sasl.oauthbearer.expected.issuer = null
	sasl.oauthbearer.header.urlencode = false
	sasl.oauthbearer.jwks.endpoint.refresh.ms = 3600000
	sasl.oauthbearer.jwks.endpoint.retry.backoff.max.ms = 10000
	sasl.oauthbearer.jwks.endpoint.retry.backoff.ms = 100
	sasl.oauthbearer.jwks.endpoint.url = null
	sasl.oauthbearer.scope.claim.name = scope
	sasl.oauthbearer.sub.claim.name = sub
	sasl.oauthbearer.token.endpoint.url = null
	security.protocol = PLAINTEXT
	security.providers = null
	send.buffer.bytes = 131072
	session.timeout.ms = 45000
	socket.connection.setup.timeout.max.ms = 30000
	socket.connection.setup.timeout.ms = 10000
	ssl.cipher.suites = null
	ssl.enabled.protocols = [TLSv1.2, TLSv1.3]
	ssl.endpoint.identification.algorithm = https
	ssl.engine.factory.class = null
	ssl.key.password = null
	ssl.keymanager.algorithm = SunX509
	ssl.keystore.certificate.chain = null
	ssl.keystore.key = null
	ssl.keystore.location = null
	ssl.keystore.password = null
	ssl.keystore.type = JKS
	ssl.protocol = TLSv1.3
	ssl.provider = null
	ssl.secure.random.implementation = null
	ssl.trustmanager.algorithm = PKIX
	ssl.truststore.certificates = null
	ssl.truststore.location = null
	ssl.truststore.password = null
	ssl.truststore.type = JKS
	value.deserializer = class org.springframework.kafka.support.serializer.JsonDeserializer

2025-06-09T13:06:03.118+01:00  INFO 27124 --- [message-broker-lab] [           main] o.a.k.c.t.i.KafkaMetricsCollector        : initializing Kafka metrics collector
2025-06-09T13:06:03.124+01:00  INFO 27124 --- [message-broker-lab] [           main] o.a.kafka.common.utils.AppInfoParser     : Kafka version: 3.9.1
2025-06-09T13:06:03.124+01:00  INFO 27124 --- [message-broker-lab] [           main] o.a.kafka.common.utils.AppInfoParser     : Kafka commitId: f745dfdcee2b9851
2025-06-09T13:06:03.124+01:00  INFO 27124 --- [message-broker-lab] [           main] o.a.kafka.common.utils.AppInfoParser     : Kafka startTimeMs: 1749470763124
2025-06-09T13:06:03.125+01:00  INFO 27124 --- [message-broker-lab] [           main] o.a.k.c.c.i.ClassicKafkaConsumer         : [Consumer clientId=consumer-test-2, groupId=test] Subscribed to topic(s): topic-two
2025-06-09T13:06:03.134+01:00  INFO 27124 --- [message-broker-lab] [           main] c.m.m.k.i.KafkaIntegrationTest           : Started KafkaIntegrationTest in 4.349 seconds (process running for 5.613)
2025-06-09T13:06:03.145+01:00  INFO 27124 --- [message-broker-lab] [ntainer#0-0-C-1] org.apache.kafka.clients.Metadata        : [Consumer clientId=consumer-test-1, groupId=test] Cluster ID: lZ-ytpVYSNSeJC4MDfiBsA
2025-06-09T13:06:03.145+01:00  INFO 27124 --- [message-broker-lab] [ntainer#1-0-C-1] org.apache.kafka.clients.Metadata        : [Consumer clientId=consumer-test-2, groupId=test] Cluster ID: lZ-ytpVYSNSeJC4MDfiBsA
2025-06-09T13:06:03.146+01:00  INFO 27124 --- [message-broker-lab] [quest-handler-2] kafka.zk.AdminZkClient                   : Creating topic __consumer_offsets with configuration {compression.type=producer, cleanup.policy=compact, segment.bytes=104857600} and initial partition assignment HashMap(0 -> ArrayBuffer(0), 1 -> ArrayBuffer(0), 2 -> ArrayBuffer(0), 3 -> ArrayBuffer(0), 4 -> ArrayBuffer(0))
2025-06-09T13:06:03.153+01:00  INFO 27124 --- [message-broker-lab] [er-event-thread] kafka.controller.KafkaController         : [Controller id=0] New topics: [Set(__consumer_offsets)], deleted topics: [HashSet()], new partition replica assignment [Set(TopicIdReplicaAssignment(__consumer_offsets,Some(AQgSrtOaQTCFHN6Dua_9eA),HashMap(__consumer_offsets-4 -> ReplicaAssignment(replicas=0, addingReplicas=, removingReplicas=), __consumer_offsets-3 -> ReplicaAssignment(replicas=0, addingReplicas=, removingReplicas=), __consumer_offsets-2 -> ReplicaAssignment(replicas=0, addingReplicas=, removingReplicas=), __consumer_offsets-0 -> ReplicaAssignment(replicas=0, addingReplicas=, removingReplicas=), __consumer_offsets-1 -> ReplicaAssignment(replicas=0, addingReplicas=, removingReplicas=))))]
2025-06-09T13:06:03.154+01:00  INFO 27124 --- [message-broker-lab] [er-event-thread] kafka.controller.KafkaController         : [Controller id=0] New partition creation callback for __consumer_offsets-4,__consumer_offsets-3,__consumer_offsets-2,__consumer_offsets-0,__consumer_offsets-1
2025-06-09T13:06:03.154+01:00  INFO 27124 --- [message-broker-lab] [er-event-thread] state.change.logger                      : [Controller id=0 epoch=1] Changed partition __consumer_offsets-4 state from NonExistentPartition to NewPartition with assigned replicas 0
2025-06-09T13:06:03.154+01:00  INFO 27124 --- [message-broker-lab] [er-event-thread] state.change.logger                      : [Controller id=0 epoch=1] Changed partition __consumer_offsets-3 state from NonExistentPartition to NewPartition with assigned replicas 0
2025-06-09T13:06:03.154+01:00  INFO 27124 --- [message-broker-lab] [er-event-thread] state.change.logger                      : [Controller id=0 epoch=1] Changed partition __consumer_offsets-2 state from NonExistentPartition to NewPartition with assigned replicas 0
2025-06-09T13:06:03.154+01:00  INFO 27124 --- [message-broker-lab] [er-event-thread] state.change.logger                      : [Controller id=0 epoch=1] Changed partition __consumer_offsets-0 state from NonExistentPartition to NewPartition with assigned replicas 0
2025-06-09T13:06:03.154+01:00  INFO 27124 --- [message-broker-lab] [er-event-thread] state.change.logger                      : [Controller id=0 epoch=1] Changed partition __consumer_offsets-1 state from NonExistentPartition to NewPartition with assigned replicas 0
2025-06-09T13:06:03.154+01:00  INFO 27124 --- [message-broker-lab] [er-event-thread] state.change.logger                      : [Controller id=0 epoch=1] Sending UpdateMetadata request to brokers HashSet() for 0 partitions
2025-06-09T13:06:03.155+01:00  INFO 27124 --- [message-broker-lab] [er-event-thread] state.change.logger                      : [Controller id=0 epoch=1] Sending UpdateMetadata request to brokers HashSet() for 0 partitions
2025-06-09T13:06:03.159+01:00  INFO 27124 --- [message-broker-lab] [           main] o.a.k.clients.consumer.ConsumerConfig    : ConsumerConfig values: 
	allow.auto.create.topics = true
	auto.commit.interval.ms = 5000
	auto.include.jmx.reporter = true
	auto.offset.reset = latest
	bootstrap.servers = [127.0.0.1:59512]
	check.crcs = true
	client.dns.lookup = use_all_dns_ips
	client.id = consumer-test-group-3
	client.rack = 
	connections.max.idle.ms = 540000
	default.api.timeout.ms = 60000
	enable.auto.commit = false
	enable.metrics.push = true
	exclude.internal.topics = true
	fetch.max.bytes = 52428800
	fetch.max.wait.ms = 500
	fetch.min.bytes = 1
	group.id = test-group
	group.instance.id = null
	group.protocol = classic
	group.remote.assignor = null
	heartbeat.interval.ms = 3000
	interceptor.classes = []
	internal.leave.group.on.close = true
	internal.throw.on.fetch.stable.offset.unsupported = false
	isolation.level = read_uncommitted
	key.deserializer = class org.apache.kafka.common.serialization.StringDeserializer
	max.partition.fetch.bytes = 1048576
	max.poll.interval.ms = 300000
	max.poll.records = 500
	metadata.max.age.ms = 300000
	metadata.recovery.strategy = none
	metric.reporters = []
	metrics.num.samples = 2
	metrics.recording.level = INFO
	metrics.sample.window.ms = 30000
	partition.assignment.strategy = [class org.apache.kafka.clients.consumer.RangeAssignor, class org.apache.kafka.clients.consumer.CooperativeStickyAssignor]
	receive.buffer.bytes = 65536
	reconnect.backoff.max.ms = 1000
	reconnect.backoff.ms = 50
	request.timeout.ms = 30000
	retry.backoff.max.ms = 1000
	retry.backoff.ms = 100
	sasl.client.callback.handler.class = null
	sasl.jaas.config = null
	sasl.kerberos.kinit.cmd = /usr/bin/kinit
	sasl.kerberos.min.time.before.relogin = 60000
	sasl.kerberos.service.name = null
	sasl.kerberos.ticket.renew.jitter = 0.05
	sasl.kerberos.ticket.renew.window.factor = 0.8
	sasl.login.callback.handler.class = null
	sasl.login.class = null
	sasl.login.connect.timeout.ms = null
	sasl.login.read.timeout.ms = null
	sasl.login.refresh.buffer.seconds = 300
	sasl.login.refresh.min.period.seconds = 60
	sasl.login.refresh.window.factor = 0.8
	sasl.login.refresh.window.jitter = 0.05
	sasl.login.retry.backoff.max.ms = 10000
	sasl.login.retry.backoff.ms = 100
	sasl.mechanism = GSSAPI
	sasl.oauthbearer.clock.skew.seconds = 30
	sasl.oauthbearer.expected.audience = null
	sasl.oauthbearer.expected.issuer = null
	sasl.oauthbearer.header.urlencode = false
	sasl.oauthbearer.jwks.endpoint.refresh.ms = 3600000
	sasl.oauthbearer.jwks.endpoint.retry.backoff.max.ms = 10000
	sasl.oauthbearer.jwks.endpoint.retry.backoff.ms = 100
	sasl.oauthbearer.jwks.endpoint.url = null
	sasl.oauthbearer.scope.claim.name = scope
	sasl.oauthbearer.sub.claim.name = sub
	sasl.oauthbearer.token.endpoint.url = null
	security.protocol = PLAINTEXT
	security.providers = null
	send.buffer.bytes = 131072
	session.timeout.ms = 45000
	socket.connection.setup.timeout.max.ms = 30000
	socket.connection.setup.timeout.ms = 10000
	ssl.cipher.suites = null
	ssl.enabled.protocols = [TLSv1.2, TLSv1.3]
	ssl.endpoint.identification.algorithm = https
	ssl.engine.factory.class = null
	ssl.key.password = null
	ssl.keymanager.algorithm = SunX509
	ssl.keystore.certificate.chain = null
	ssl.keystore.key = null
	ssl.keystore.location = null
	ssl.keystore.password = null
	ssl.keystore.type = JKS
	ssl.protocol = TLSv1.3
	ssl.provider = null
	ssl.secure.random.implementation = null
	ssl.trustmanager.algorithm = PKIX
	ssl.truststore.certificates = null
	ssl.truststore.location = null
	ssl.truststore.password = null
	ssl.truststore.type = JKS
	value.deserializer = class org.springframework.kafka.support.serializer.JsonDeserializer

2025-06-09T13:06:03.159+01:00  INFO 27124 --- [message-broker-lab] [           main] o.a.k.c.t.i.KafkaMetricsCollector        : initializing Kafka metrics collector
2025-06-09T13:06:03.163+01:00  INFO 27124 --- [message-broker-lab] [er-event-thread] state.change.logger                      : [Controller id=0 epoch=1] Changed partition __consumer_offsets-4 from NewPartition to OnlinePartition with state LeaderAndIsr(leader=0, leaderEpoch=0, isrWithBrokerEpoch=List(BrokerState(brokerId=0, brokerEpoch=-1)), leaderRecoveryState=RECOVERED, partitionEpoch=0)
2025-06-09T13:06:03.163+01:00  INFO 27124 --- [message-broker-lab] [er-event-thread] state.change.logger                      : [Controller id=0 epoch=1] Changed partition __consumer_offsets-3 from NewPartition to OnlinePartition with state LeaderAndIsr(leader=0, leaderEpoch=0, isrWithBrokerEpoch=List(BrokerState(brokerId=0, brokerEpoch=-1)), leaderRecoveryState=RECOVERED, partitionEpoch=0)
2025-06-09T13:06:03.163+01:00  INFO 27124 --- [message-broker-lab] [er-event-thread] state.change.logger                      : [Controller id=0 epoch=1] Changed partition __consumer_offsets-2 from NewPartition to OnlinePartition with state LeaderAndIsr(leader=0, leaderEpoch=0, isrWithBrokerEpoch=List(BrokerState(brokerId=0, brokerEpoch=-1)), leaderRecoveryState=RECOVERED, partitionEpoch=0)
2025-06-09T13:06:03.163+01:00  INFO 27124 --- [message-broker-lab] [er-event-thread] state.change.logger                      : [Controller id=0 epoch=1] Changed partition __consumer_offsets-0 from NewPartition to OnlinePartition with state LeaderAndIsr(leader=0, leaderEpoch=0, isrWithBrokerEpoch=List(BrokerState(brokerId=0, brokerEpoch=-1)), leaderRecoveryState=RECOVERED, partitionEpoch=0)
2025-06-09T13:06:03.163+01:00  INFO 27124 --- [message-broker-lab] [er-event-thread] state.change.logger                      : [Controller id=0 epoch=1] Changed partition __consumer_offsets-1 from NewPartition to OnlinePartition with state LeaderAndIsr(leader=0, leaderEpoch=0, isrWithBrokerEpoch=List(BrokerState(brokerId=0, brokerEpoch=-1)), leaderRecoveryState=RECOVERED, partitionEpoch=0)
2025-06-09T13:06:03.163+01:00  INFO 27124 --- [message-broker-lab] [er-event-thread] state.change.logger                      : [Controller id=0 epoch=1] Sending LeaderAndIsr request to broker 0 with 5 become-leader and 0 become-follower partitions
2025-06-09T13:06:03.164+01:00  INFO 27124 --- [message-broker-lab] [er-event-thread] state.change.logger                      : [Controller id=0 epoch=1] Sending UpdateMetadata request to brokers HashSet(0) for 5 partitions
2025-06-09T13:06:03.164+01:00  INFO 27124 --- [message-broker-lab] [er-event-thread] state.change.logger                      : [Controller id=0 epoch=1] Sending UpdateMetadata request to brokers HashSet() for 0 partitions
2025-06-09T13:06:03.165+01:00  INFO 27124 --- [message-broker-lab] [quest-handler-5] state.change.logger                      : [Broker id=0] Handling LeaderAndIsr request correlationId 7 from controller 0 for 5 partitions
2025-06-09T13:06:03.165+01:00  INFO 27124 --- [message-broker-lab] [           main] o.a.kafka.common.utils.AppInfoParser     : Kafka version: 3.9.1
2025-06-09T13:06:03.165+01:00  INFO 27124 --- [message-broker-lab] [           main] o.a.kafka.common.utils.AppInfoParser     : Kafka commitId: f745dfdcee2b9851
2025-06-09T13:06:03.165+01:00  INFO 27124 --- [message-broker-lab] [           main] o.a.kafka.common.utils.AppInfoParser     : Kafka startTimeMs: 1749470763165
2025-06-09T13:06:03.165+01:00  INFO 27124 --- [message-broker-lab] [           main] o.a.k.c.c.i.ClassicKafkaConsumer         : [Consumer clientId=consumer-test-group-3, groupId=test-group] Subscribed to topic(s): topic-one
2025-06-09T13:06:03.165+01:00  INFO 27124 --- [message-broker-lab] [quest-handler-5] kafka.server.ReplicaFetcherManager       : [ReplicaFetcherManager on broker 0] Removed fetcher for partitions HashSet(__consumer_offsets-4, __consumer_offsets-3, __consumer_offsets-2, __consumer_offsets-0, __consumer_offsets-1)
2025-06-09T13:06:03.165+01:00  INFO 27124 --- [message-broker-lab] [quest-handler-5] state.change.logger                      : [Broker id=0] Stopped fetchers as part of LeaderAndIsr request correlationId 7 from controller 0 epoch 1 as part of the become-leader transition for 5 partitions
2025-06-09T13:06:03.167+01:00  INFO 27124 --- [message-broker-lab] [           main] o.a.k.clients.consumer.ConsumerConfig    : ConsumerConfig values: 
	allow.auto.create.topics = true
	auto.commit.interval.ms = 5000
	auto.include.jmx.reporter = true
	auto.offset.reset = latest
	bootstrap.servers = [127.0.0.1:59512]
	check.crcs = true
	client.dns.lookup = use_all_dns_ips
	client.id = consumer-test-group-4
	client.rack = 
	connections.max.idle.ms = 540000
	default.api.timeout.ms = 60000
	enable.auto.commit = false
	enable.metrics.push = true
	exclude.internal.topics = true
	fetch.max.bytes = 52428800
	fetch.max.wait.ms = 500
	fetch.min.bytes = 1
	group.id = test-group
	group.instance.id = null
	group.protocol = classic
	group.remote.assignor = null
	heartbeat.interval.ms = 3000
	interceptor.classes = []
	internal.leave.group.on.close = true
	internal.throw.on.fetch.stable.offset.unsupported = false
	isolation.level = read_uncommitted
	key.deserializer = class org.apache.kafka.common.serialization.StringDeserializer
	max.partition.fetch.bytes = 1048576
	max.poll.interval.ms = 300000
	max.poll.records = 500
	metadata.max.age.ms = 300000
	metadata.recovery.strategy = none
	metric.reporters = []
	metrics.num.samples = 2
	metrics.recording.level = INFO
	metrics.sample.window.ms = 30000
	partition.assignment.strategy = [class org.apache.kafka.clients.consumer.RangeAssignor, class org.apache.kafka.clients.consumer.CooperativeStickyAssignor]
	receive.buffer.bytes = 65536
	reconnect.backoff.max.ms = 1000
	reconnect.backoff.ms = 50
	request.timeout.ms = 30000
	retry.backoff.max.ms = 1000
	retry.backoff.ms = 100
	sasl.client.callback.handler.class = null
	sasl.jaas.config = null
	sasl.kerberos.kinit.cmd = /usr/bin/kinit
	sasl.kerberos.min.time.before.relogin = 60000
	sasl.kerberos.service.name = null
	sasl.kerberos.ticket.renew.jitter = 0.05
	sasl.kerberos.ticket.renew.window.factor = 0.8
	sasl.login.callback.handler.class = null
	sasl.login.class = null
	sasl.login.connect.timeout.ms = null
	sasl.login.read.timeout.ms = null
	sasl.login.refresh.buffer.seconds = 300
	sasl.login.refresh.min.period.seconds = 60
	sasl.login.refresh.window.factor = 0.8
	sasl.login.refresh.window.jitter = 0.05
	sasl.login.retry.backoff.max.ms = 10000
	sasl.login.retry.backoff.ms = 100
	sasl.mechanism = GSSAPI
	sasl.oauthbearer.clock.skew.seconds = 30
	sasl.oauthbearer.expected.audience = null
	sasl.oauthbearer.expected.issuer = null
	sasl.oauthbearer.header.urlencode = false
	sasl.oauthbearer.jwks.endpoint.refresh.ms = 3600000
	sasl.oauthbearer.jwks.endpoint.retry.backoff.max.ms = 10000
	sasl.oauthbearer.jwks.endpoint.retry.backoff.ms = 100
	sasl.oauthbearer.jwks.endpoint.url = null
	sasl.oauthbearer.scope.claim.name = scope
	sasl.oauthbearer.sub.claim.name = sub
	sasl.oauthbearer.token.endpoint.url = null
	security.protocol = PLAINTEXT
	security.providers = null
	send.buffer.bytes = 131072
	session.timeout.ms = 45000
	socket.connection.setup.timeout.max.ms = 30000
	socket.connection.setup.timeout.ms = 10000
	ssl.cipher.suites = null
	ssl.enabled.protocols = [TLSv1.2, TLSv1.3]
	ssl.endpoint.identification.algorithm = https
	ssl.engine.factory.class = null
	ssl.key.password = null
	ssl.keymanager.algorithm = SunX509
	ssl.keystore.certificate.chain = null
	ssl.keystore.key = null
	ssl.keystore.location = null
	ssl.keystore.password = null
	ssl.keystore.type = JKS
	ssl.protocol = TLSv1.3
	ssl.provider = null
	ssl.secure.random.implementation = null
	ssl.trustmanager.algorithm = PKIX
	ssl.truststore.certificates = null
	ssl.truststore.location = null
	ssl.truststore.password = null
	ssl.truststore.type = JKS
	value.deserializer = class org.springframework.kafka.support.serializer.JsonDeserializer

2025-06-09T13:06:03.168+01:00  INFO 27124 --- [message-broker-lab] [           main] o.a.k.c.t.i.KafkaMetricsCollector        : initializing Kafka metrics collector
2025-06-09T13:06:03.170+01:00  INFO 27124 --- [message-broker-lab] [ntainer#2-0-C-1] org.apache.kafka.clients.Metadata        : [Consumer clientId=consumer-test-group-3, groupId=test-group] Cluster ID: lZ-ytpVYSNSeJC4MDfiBsA
2025-06-09T13:06:03.174+01:00  INFO 27124 --- [message-broker-lab] [           main] o.a.kafka.common.utils.AppInfoParser     : Kafka version: 3.9.1
2025-06-09T13:06:03.174+01:00  INFO 27124 --- [message-broker-lab] [           main] o.a.kafka.common.utils.AppInfoParser     : Kafka commitId: f745dfdcee2b9851
2025-06-09T13:06:03.174+01:00  INFO 27124 --- [message-broker-lab] [           main] o.a.kafka.common.utils.AppInfoParser     : Kafka startTimeMs: 1749470763174
2025-06-09T13:06:03.174+01:00  INFO 27124 --- [message-broker-lab] [           main] o.a.k.c.c.i.ClassicKafkaConsumer         : [Consumer clientId=consumer-test-group-4, groupId=test-group] Subscribed to topic(s): topic-two
2025-06-09T13:06:03.179+01:00  INFO 27124 --- [message-broker-lab] [ntainer#3-0-C-1] org.apache.kafka.clients.Metadata        : [Consumer clientId=consumer-test-group-4, groupId=test-group] Cluster ID: lZ-ytpVYSNSeJC4MDfiBsA
2025-06-09T13:06:03.180+01:00  INFO 27124 --- [message-broker-lab] [quest-handler-5] kafka.log.UnifiedLog$                    : [LogLoader partition=__consumer_offsets-3, dir=C:\Users\tlopes\AppData\Local\Temp\spring.kafka.6e4a4d0e-df7a-4ba7-96c4-594e1615199c15489628491134759763] Loading producer state till offset 0 with message format version 2
2025-06-09T13:06:03.181+01:00  INFO 27124 --- [message-broker-lab] [quest-handler-5] kafka.log.LogManager                     : Created log for partition __consumer_offsets-3 in C:\Users\tlopes\AppData\Local\Temp\spring.kafka.6e4a4d0e-df7a-4ba7-96c4-594e1615199c15489628491134759763\__consumer_offsets-3 with properties {cleanup.policy=compact, compression.type="producer", segment.bytes=104857600}
2025-06-09T13:06:03.182+01:00  INFO 27124 --- [message-broker-lab] [quest-handler-5] kafka.cluster.Partition                  : [Partition __consumer_offsets-3 broker=0] No checkpointed highwatermark is found for partition __consumer_offsets-3
2025-06-09T13:06:03.182+01:00  INFO 27124 --- [message-broker-lab] [quest-handler-5] kafka.cluster.Partition                  : [Partition __consumer_offsets-3 broker=0] Log loaded for partition __consumer_offsets-3 with initial high watermark 0
2025-06-09T13:06:03.183+01:00  INFO 27124 --- [message-broker-lab] [quest-handler-5] state.change.logger                      : [Broker id=0] Leader __consumer_offsets-3 with topic id Some(AQgSrtOaQTCFHN6Dua_9eA) starts at leader epoch 0 from offset 0 with partition epoch 0, high watermark 0, ISR [0], adding replicas [] and removing replicas [] . Previous leader None and previous leader epoch was -1.
2025-06-09T13:06:03.198+01:00  INFO 27124 --- [message-broker-lab] [quest-handler-5] kafka.log.UnifiedLog$                    : [LogLoader partition=__consumer_offsets-2, dir=C:\Users\tlopes\AppData\Local\Temp\spring.kafka.6e4a4d0e-df7a-4ba7-96c4-594e1615199c15489628491134759763] Loading producer state till offset 0 with message format version 2
2025-06-09T13:06:03.198+01:00  INFO 27124 --- [message-broker-lab] [quest-handler-5] kafka.log.LogManager                     : Created log for partition __consumer_offsets-2 in C:\Users\tlopes\AppData\Local\Temp\spring.kafka.6e4a4d0e-df7a-4ba7-96c4-594e1615199c15489628491134759763\__consumer_offsets-2 with properties {cleanup.policy=compact, compression.type="producer", segment.bytes=104857600}
2025-06-09T13:06:03.198+01:00  INFO 27124 --- [message-broker-lab] [quest-handler-5] kafka.cluster.Partition                  : [Partition __consumer_offsets-2 broker=0] No checkpointed highwatermark is found for partition __consumer_offsets-2
2025-06-09T13:06:03.199+01:00  INFO 27124 --- [message-broker-lab] [quest-handler-5] kafka.cluster.Partition                  : [Partition __consumer_offsets-2 broker=0] Log loaded for partition __consumer_offsets-2 with initial high watermark 0
2025-06-09T13:06:03.199+01:00  INFO 27124 --- [message-broker-lab] [quest-handler-5] state.change.logger                      : [Broker id=0] Leader __consumer_offsets-2 with topic id Some(AQgSrtOaQTCFHN6Dua_9eA) starts at leader epoch 0 from offset 0 with partition epoch 0, high watermark 0, ISR [0], adding replicas [] and removing replicas [] . Previous leader None and previous leader epoch was -1.
2025-06-09T13:06:03.214+01:00  INFO 27124 --- [message-broker-lab] [quest-handler-5] kafka.log.UnifiedLog$                    : [LogLoader partition=__consumer_offsets-4, dir=C:\Users\tlopes\AppData\Local\Temp\spring.kafka.6e4a4d0e-df7a-4ba7-96c4-594e1615199c15489628491134759763] Loading producer state till offset 0 with message format version 2
2025-06-09T13:06:03.215+01:00  INFO 27124 --- [message-broker-lab] [quest-handler-5] kafka.log.LogManager                     : Created log for partition __consumer_offsets-4 in C:\Users\tlopes\AppData\Local\Temp\spring.kafka.6e4a4d0e-df7a-4ba7-96c4-594e1615199c15489628491134759763\__consumer_offsets-4 with properties {cleanup.policy=compact, compression.type="producer", segment.bytes=104857600}
2025-06-09T13:06:03.215+01:00  INFO 27124 --- [message-broker-lab] [quest-handler-5] kafka.cluster.Partition                  : [Partition __consumer_offsets-4 broker=0] No checkpointed highwatermark is found for partition __consumer_offsets-4
2025-06-09T13:06:03.215+01:00  INFO 27124 --- [message-broker-lab] [quest-handler-5] kafka.cluster.Partition                  : [Partition __consumer_offsets-4 broker=0] Log loaded for partition __consumer_offsets-4 with initial high watermark 0
2025-06-09T13:06:03.215+01:00  INFO 27124 --- [message-broker-lab] [quest-handler-5] state.change.logger                      : [Broker id=0] Leader __consumer_offsets-4 with topic id Some(AQgSrtOaQTCFHN6Dua_9eA) starts at leader epoch 0 from offset 0 with partition epoch 0, high watermark 0, ISR [0], adding replicas [] and removing replicas [] . Previous leader None and previous leader epoch was -1.
2025-06-09T13:06:03.233+01:00  INFO 27124 --- [message-broker-lab] [quest-handler-5] kafka.log.UnifiedLog$                    : [LogLoader partition=__consumer_offsets-1, dir=C:\Users\tlopes\AppData\Local\Temp\spring.kafka.6e4a4d0e-df7a-4ba7-96c4-594e1615199c15489628491134759763] Loading producer state till offset 0 with message format version 2
2025-06-09T13:06:03.234+01:00  INFO 27124 --- [message-broker-lab] [quest-handler-5] kafka.log.LogManager                     : Created log for partition __consumer_offsets-1 in C:\Users\tlopes\AppData\Local\Temp\spring.kafka.6e4a4d0e-df7a-4ba7-96c4-594e1615199c15489628491134759763\__consumer_offsets-1 with properties {cleanup.policy=compact, compression.type="producer", segment.bytes=104857600}
2025-06-09T13:06:03.234+01:00  INFO 27124 --- [message-broker-lab] [quest-handler-5] kafka.cluster.Partition                  : [Partition __consumer_offsets-1 broker=0] No checkpointed highwatermark is found for partition __consumer_offsets-1
2025-06-09T13:06:03.234+01:00  INFO 27124 --- [message-broker-lab] [quest-handler-5] kafka.cluster.Partition                  : [Partition __consumer_offsets-1 broker=0] Log loaded for partition __consumer_offsets-1 with initial high watermark 0
2025-06-09T13:06:03.234+01:00  INFO 27124 --- [message-broker-lab] [quest-handler-5] state.change.logger                      : [Broker id=0] Leader __consumer_offsets-1 with topic id Some(AQgSrtOaQTCFHN6Dua_9eA) starts at leader epoch 0 from offset 0 with partition epoch 0, high watermark 0, ISR [0], adding replicas [] and removing replicas [] . Previous leader None and previous leader epoch was -1.
2025-06-09T13:06:03.262+01:00  INFO 27124 --- [message-broker-lab] [quest-handler-5] kafka.log.UnifiedLog$                    : [LogLoader partition=__consumer_offsets-0, dir=C:\Users\tlopes\AppData\Local\Temp\spring.kafka.6e4a4d0e-df7a-4ba7-96c4-594e1615199c15489628491134759763] Loading producer state till offset 0 with message format version 2
2025-06-09T13:06:03.262+01:00  INFO 27124 --- [message-broker-lab] [quest-handler-5] kafka.log.LogManager                     : Created log for partition __consumer_offsets-0 in C:\Users\tlopes\AppData\Local\Temp\spring.kafka.6e4a4d0e-df7a-4ba7-96c4-594e1615199c15489628491134759763\__consumer_offsets-0 with properties {cleanup.policy=compact, compression.type="producer", segment.bytes=104857600}
2025-06-09T13:06:03.262+01:00  INFO 27124 --- [message-broker-lab] [quest-handler-5] kafka.cluster.Partition                  : [Partition __consumer_offsets-0 broker=0] No checkpointed highwatermark is found for partition __consumer_offsets-0
2025-06-09T13:06:03.262+01:00  INFO 27124 --- [message-broker-lab] [quest-handler-5] kafka.cluster.Partition                  : [Partition __consumer_offsets-0 broker=0] Log loaded for partition __consumer_offsets-0 with initial high watermark 0
2025-06-09T13:06:03.263+01:00  INFO 27124 --- [message-broker-lab] [quest-handler-5] state.change.logger                      : [Broker id=0] Leader __consumer_offsets-0 with topic id Some(AQgSrtOaQTCFHN6Dua_9eA) starts at leader epoch 0 from offset 0 with partition epoch 0, high watermark 0, ISR [0], adding replicas [] and removing replicas [] . Previous leader None and previous leader epoch was -1.
2025-06-09T13:06:03.267+01:00  INFO 27124 --- [message-broker-lab] [quest-handler-5] k.coordinator.group.GroupCoordinator     : [GroupCoordinator 0]: Elected as the group coordinator for partition 3 in epoch 0
2025-06-09T13:06:03.268+01:00  INFO 27124 --- [message-broker-lab] [quest-handler-5] k.c.group.GroupMetadataManager           : [GroupMetadataManager brokerId=0] Scheduling loading of offsets and group metadata from __consumer_offsets-3 for epoch 0
2025-06-09T13:06:03.269+01:00  INFO 27124 --- [message-broker-lab] [quest-handler-5] k.coordinator.group.GroupCoordinator     : [GroupCoordinator 0]: Elected as the group coordinator for partition 2 in epoch 0
2025-06-09T13:06:03.269+01:00  INFO 27124 --- [message-broker-lab] [quest-handler-5] k.c.group.GroupMetadataManager           : [GroupMetadataManager brokerId=0] Scheduling loading of offsets and group metadata from __consumer_offsets-2 for epoch 0
2025-06-09T13:06:03.269+01:00  INFO 27124 --- [message-broker-lab] [quest-handler-5] k.coordinator.group.GroupCoordinator     : [GroupCoordinator 0]: Elected as the group coordinator for partition 4 in epoch 0
2025-06-09T13:06:03.269+01:00  INFO 27124 --- [message-broker-lab] [quest-handler-5] k.c.group.GroupMetadataManager           : [GroupMetadataManager brokerId=0] Scheduling loading of offsets and group metadata from __consumer_offsets-4 for epoch 0
2025-06-09T13:06:03.269+01:00  INFO 27124 --- [message-broker-lab] [quest-handler-5] k.coordinator.group.GroupCoordinator     : [GroupCoordinator 0]: Elected as the group coordinator for partition 1 in epoch 0
2025-06-09T13:06:03.269+01:00  INFO 27124 --- [message-broker-lab] [quest-handler-5] k.c.group.GroupMetadataManager           : [GroupMetadataManager brokerId=0] Scheduling loading of offsets and group metadata from __consumer_offsets-1 for epoch 0
2025-06-09T13:06:03.269+01:00  INFO 27124 --- [message-broker-lab] [quest-handler-5] k.coordinator.group.GroupCoordinator     : [GroupCoordinator 0]: Elected as the group coordinator for partition 0 in epoch 0
2025-06-09T13:06:03.269+01:00  INFO 27124 --- [message-broker-lab] [quest-handler-5] k.c.group.GroupMetadataManager           : [GroupMetadataManager brokerId=0] Scheduling loading of offsets and group metadata from __consumer_offsets-0 for epoch 0
2025-06-09T13:06:03.270+01:00  INFO 27124 --- [message-broker-lab] [quest-handler-5] state.change.logger                      : [Broker id=0] Finished LeaderAndIsr request in 105ms correlationId 7 from controller 0 for 5 partitions
2025-06-09T13:06:03.271+01:00  INFO 27124 --- [message-broker-lab] [quest-handler-4] state.change.logger                      : [Broker id=0] Add 5 partitions and deleted 0 partitions from metadata cache in response to UpdateMetadata request sent by controller 0 epoch 1 with correlation id 8
2025-06-09T13:06:03.274+01:00  INFO 27124 --- [message-broker-lab] [adata-manager-0] k.c.group.GroupMetadataManager           : [GroupMetadataManager brokerId=0] Finished loading offsets and group metadata from __consumer_offsets-3 in 5 milliseconds for epoch 0, of which 1 milliseconds was spent in the scheduler.
2025-06-09T13:06:03.274+01:00  INFO 27124 --- [message-broker-lab] [adata-manager-0] k.c.group.GroupMetadataManager           : [GroupMetadataManager brokerId=0] Finished loading offsets and group metadata from __consumer_offsets-2 in 5 milliseconds for epoch 0, of which 5 milliseconds was spent in the scheduler.
2025-06-09T13:06:03.274+01:00  INFO 27124 --- [message-broker-lab] [adata-manager-0] k.c.group.GroupMetadataManager           : [GroupMetadataManager brokerId=0] Finished loading offsets and group metadata from __consumer_offsets-4 in 5 milliseconds for epoch 0, of which 5 milliseconds was spent in the scheduler.
2025-06-09T13:06:03.275+01:00  INFO 27124 --- [message-broker-lab] [adata-manager-0] k.c.group.GroupMetadataManager           : [GroupMetadataManager brokerId=0] Finished loading offsets and group metadata from __consumer_offsets-1 in 5 milliseconds for epoch 0, of which 5 milliseconds was spent in the scheduler.
2025-06-09T13:06:03.275+01:00  INFO 27124 --- [message-broker-lab] [adata-manager-0] k.c.group.GroupMetadataManager           : [GroupMetadataManager brokerId=0] Finished loading offsets and group metadata from __consumer_offsets-0 in 6 milliseconds for epoch 0, of which 6 milliseconds was spent in the scheduler.
2025-06-09T13:06:03.298+01:00  INFO 27124 --- [message-broker-lab] [ntainer#3-0-C-1] o.a.k.c.c.internals.ConsumerCoordinator  : [Consumer clientId=consumer-test-group-4, groupId=test-group] Discovered group coordinator localhost:59512 (id: 2147483647 rack: null)
2025-06-09T13:06:03.300+01:00  INFO 27124 --- [message-broker-lab] [ntainer#3-0-C-1] o.a.k.c.c.internals.ConsumerCoordinator  : [Consumer clientId=consumer-test-group-4, groupId=test-group] (Re-)joining group
2025-06-09T13:06:03.319+01:00  INFO 27124 --- [message-broker-lab] [quest-handler-2] k.coordinator.group.GroupCoordinator     : [GroupCoordinator 0]: Dynamic member with unknown member id joins group test-group in Empty state. Created a new member id consumer-test-group-4-5621d8f4-fb3e-42ac-89f1-0844914ee197 and request the member to rejoin with this id.
2025-06-09T13:06:03.323+01:00  INFO 27124 --- [message-broker-lab] [ntainer#3-0-C-1] o.a.k.c.c.internals.ConsumerCoordinator  : [Consumer clientId=consumer-test-group-4, groupId=test-group] Request joining group due to: need to re-join with the given member-id: consumer-test-group-4-5621d8f4-fb3e-42ac-89f1-0844914ee197
2025-06-09T13:06:03.323+01:00  INFO 27124 --- [message-broker-lab] [ntainer#3-0-C-1] o.a.k.c.c.internals.ConsumerCoordinator  : [Consumer clientId=consumer-test-group-4, groupId=test-group] (Re-)joining group
2025-06-09T13:06:03.330+01:00  INFO 27124 --- [message-broker-lab] [quest-handler-5] k.coordinator.group.GroupCoordinator     : [GroupCoordinator 0]: Preparing to rebalance group test-group in state PreparingRebalance with old generation 0 (__consumer_offsets-2) (reason: Adding new member consumer-test-group-4-5621d8f4-fb3e-42ac-89f1-0844914ee197 with group instance id None; client reason: need to re-join with the given member-id: consumer-test-group-4-5621d8f4-fb3e-42ac-89f1-0844914ee197)
2025-06-09T13:06:03.334+01:00  INFO 27124 --- [message-broker-lab] [cutor-Rebalance] k.coordinator.group.GroupCoordinator     : [GroupCoordinator 0]: Stabilized group test-group generation 1 (__consumer_offsets-2) with 1 members
2025-06-09T13:06:03.335+01:00  INFO 27124 --- [message-broker-lab] [ntainer#3-0-C-1] o.a.k.c.c.internals.ConsumerCoordinator  : [Consumer clientId=consumer-test-group-4, groupId=test-group] Successfully joined group with generation Generation{generationId=1, memberId='consumer-test-group-4-5621d8f4-fb3e-42ac-89f1-0844914ee197', protocol='range'}
2025-06-09T13:06:03.341+01:00  INFO 27124 --- [message-broker-lab] [ntainer#3-0-C-1] o.a.k.c.c.internals.ConsumerCoordinator  : [Consumer clientId=consumer-test-group-4, groupId=test-group] Finished assignment for group at generation 1: {consumer-test-group-4-5621d8f4-fb3e-42ac-89f1-0844914ee197=Assignment(partitions=[topic-two-0])}
2025-06-09T13:06:03.348+01:00  INFO 27124 --- [message-broker-lab] [quest-handler-4] k.coordinator.group.GroupCoordinator     : [GroupCoordinator 0]: Assignment received from leader consumer-test-group-4-5621d8f4-fb3e-42ac-89f1-0844914ee197 for group test-group for generation 1. The group has 1 members, 0 of which are static.
2025-06-09T13:06:03.393+01:00  INFO 27124 --- [message-broker-lab] [ntainer#3-0-C-1] o.a.k.c.c.internals.ConsumerCoordinator  : [Consumer clientId=consumer-test-group-4, groupId=test-group] Successfully synced group in generation Generation{generationId=1, memberId='consumer-test-group-4-5621d8f4-fb3e-42ac-89f1-0844914ee197', protocol='range'}
2025-06-09T13:06:03.393+01:00  INFO 27124 --- [message-broker-lab] [ntainer#3-0-C-1] o.a.k.c.c.internals.ConsumerCoordinator  : [Consumer clientId=consumer-test-group-4, groupId=test-group] Notifying assignor about the new Assignment(partitions=[topic-two-0])
2025-06-09T13:06:03.396+01:00  INFO 27124 --- [message-broker-lab] [ntainer#3-0-C-1] k.c.c.i.ConsumerRebalanceListenerInvoker : [Consumer clientId=consumer-test-group-4, groupId=test-group] Adding newly assigned partitions: topic-two-0
2025-06-09T13:06:03.404+01:00  INFO 27124 --- [message-broker-lab] [ntainer#3-0-C-1] o.a.k.c.c.internals.ConsumerCoordinator  : [Consumer clientId=consumer-test-group-4, groupId=test-group] Found no committed offset for partition topic-two-0
2025-06-09T13:06:03.408+01:00  INFO 27124 --- [message-broker-lab] [ntainer#3-0-C-1] o.a.k.c.c.internals.ConsumerCoordinator  : [Consumer clientId=consumer-test-group-4, groupId=test-group] Found no committed offset for partition topic-two-0
2025-06-09T13:06:03.419+01:00  INFO 27124 --- [message-broker-lab] [ntainer#3-0-C-1] o.a.k.c.c.internals.SubscriptionState    : [Consumer clientId=consumer-test-group-4, groupId=test-group] Resetting offset for partition topic-two-0 to position FetchPosition{offset=0, offsetEpoch=Optional.empty, currentLeader=LeaderAndEpoch{leader=Optional[localhost:59512 (id: 0 rack: null)], epoch=0}}.
2025-06-09T13:06:03.436+01:00  INFO 27124 --- [message-broker-lab] [ntainer#3-0-C-1] o.s.k.l.KafkaMessageListenerContainer    : test-group: partitions assigned: [topic-two-0]
2025-06-09T13:06:03.450+01:00  INFO 27124 --- [message-broker-lab] [ntainer#0-0-C-1] o.a.k.c.c.internals.ConsumerCoordinator  : [Consumer clientId=consumer-test-1, groupId=test] Discovered group coordinator localhost:59512 (id: 2147483647 rack: null)
2025-06-09T13:06:03.451+01:00  INFO 27124 --- [message-broker-lab] [ntainer#0-0-C-1] o.a.k.c.c.internals.ConsumerCoordinator  : [Consumer clientId=consumer-test-1, groupId=test] (Re-)joining group
2025-06-09T13:06:03.454+01:00  INFO 27124 --- [message-broker-lab] [quest-handler-3] k.coordinator.group.GroupCoordinator     : [GroupCoordinator 0]: Dynamic member with unknown member id joins group test in Empty state. Created a new member id consumer-test-1-c2e2c071-c64d-46d0-b44b-3fea3e830a82 and request the member to rejoin with this id.
2025-06-09T13:06:03.454+01:00  INFO 27124 --- [message-broker-lab] [ntainer#0-0-C-1] o.a.k.c.c.internals.ConsumerCoordinator  : [Consumer clientId=consumer-test-1, groupId=test] Request joining group due to: need to re-join with the given member-id: consumer-test-1-c2e2c071-c64d-46d0-b44b-3fea3e830a82
2025-06-09T13:06:03.454+01:00  INFO 27124 --- [message-broker-lab] [ntainer#0-0-C-1] o.a.k.c.c.internals.ConsumerCoordinator  : [Consumer clientId=consumer-test-1, groupId=test] (Re-)joining group
2025-06-09T13:06:03.456+01:00  INFO 27124 --- [message-broker-lab] [quest-handler-1] k.coordinator.group.GroupCoordinator     : [GroupCoordinator 0]: Preparing to rebalance group test in state PreparingRebalance with old generation 0 (__consumer_offsets-3) (reason: Adding new member consumer-test-1-c2e2c071-c64d-46d0-b44b-3fea3e830a82 with group instance id None; client reason: need to re-join with the given member-id: consumer-test-1-c2e2c071-c64d-46d0-b44b-3fea3e830a82)
2025-06-09T13:06:03.456+01:00  INFO 27124 --- [message-broker-lab] [cutor-Rebalance] k.coordinator.group.GroupCoordinator     : [GroupCoordinator 0]: Stabilized group test generation 1 (__consumer_offsets-3) with 1 members
2025-06-09T13:06:03.457+01:00  INFO 27124 --- [message-broker-lab] [ntainer#0-0-C-1] o.a.k.c.c.internals.ConsumerCoordinator  : [Consumer clientId=consumer-test-1, groupId=test] Successfully joined group with generation Generation{generationId=1, memberId='consumer-test-1-c2e2c071-c64d-46d0-b44b-3fea3e830a82', protocol='range'}
2025-06-09T13:06:03.457+01:00  INFO 27124 --- [message-broker-lab] [ntainer#0-0-C-1] o.a.k.c.c.internals.ConsumerCoordinator  : [Consumer clientId=consumer-test-1, groupId=test] Finished assignment for group at generation 1: {consumer-test-1-c2e2c071-c64d-46d0-b44b-3fea3e830a82=Assignment(partitions=[topic-one-0])}
2025-06-09T13:06:03.458+01:00  INFO 27124 --- [message-broker-lab] [quest-handler-7] k.coordinator.group.GroupCoordinator     : [GroupCoordinator 0]: Assignment received from leader consumer-test-1-c2e2c071-c64d-46d0-b44b-3fea3e830a82 for group test for generation 1. The group has 1 members, 0 of which are static.
2025-06-09T13:06:03.459+01:00  INFO 27124 --- [message-broker-lab] [ntainer#0-0-C-1] o.a.k.c.c.internals.ConsumerCoordinator  : [Consumer clientId=consumer-test-1, groupId=test] Successfully synced group in generation Generation{generationId=1, memberId='consumer-test-1-c2e2c071-c64d-46d0-b44b-3fea3e830a82', protocol='range'}
2025-06-09T13:06:03.460+01:00  INFO 27124 --- [message-broker-lab] [ntainer#0-0-C-1] o.a.k.c.c.internals.ConsumerCoordinator  : [Consumer clientId=consumer-test-1, groupId=test] Notifying assignor about the new Assignment(partitions=[topic-one-0])
2025-06-09T13:06:03.460+01:00  INFO 27124 --- [message-broker-lab] [ntainer#0-0-C-1] k.c.c.i.ConsumerRebalanceListenerInvoker : [Consumer clientId=consumer-test-1, groupId=test] Adding newly assigned partitions: topic-one-0
2025-06-09T13:06:03.461+01:00  INFO 27124 --- [message-broker-lab] [ntainer#0-0-C-1] o.a.k.c.c.internals.ConsumerCoordinator  : [Consumer clientId=consumer-test-1, groupId=test] Found no committed offset for partition topic-one-0
2025-06-09T13:06:03.462+01:00  INFO 27124 --- [message-broker-lab] [ntainer#0-0-C-1] o.a.k.c.c.internals.ConsumerCoordinator  : [Consumer clientId=consumer-test-1, groupId=test] Found no committed offset for partition topic-one-0
2025-06-09T13:06:03.463+01:00  INFO 27124 --- [message-broker-lab] [ntainer#0-0-C-1] o.a.k.c.c.internals.SubscriptionState    : [Consumer clientId=consumer-test-1, groupId=test] Resetting offset for partition topic-one-0 to position FetchPosition{offset=0, offsetEpoch=Optional.empty, currentLeader=LeaderAndEpoch{leader=Optional[localhost:59512 (id: 0 rack: null)], epoch=0}}.
2025-06-09T13:06:03.465+01:00  INFO 27124 --- [message-broker-lab] [ntainer#0-0-C-1] o.s.k.l.KafkaMessageListenerContainer    : test: partitions assigned: [topic-one-0]
2025-06-09T13:06:03.476+01:00  INFO 27124 --- [message-broker-lab] [ntainer#2-0-C-1] o.a.k.c.c.internals.ConsumerCoordinator  : [Consumer clientId=consumer-test-group-3, groupId=test-group] Discovered group coordinator localhost:59512 (id: 2147483647 rack: null)
2025-06-09T13:06:03.477+01:00  INFO 27124 --- [message-broker-lab] [ntainer#2-0-C-1] o.a.k.c.c.internals.ConsumerCoordinator  : [Consumer clientId=consumer-test-group-3, groupId=test-group] (Re-)joining group
2025-06-09T13:06:03.480+01:00  INFO 27124 --- [message-broker-lab] [quest-handler-2] k.coordinator.group.GroupCoordinator     : [GroupCoordinator 0]: Dynamic member with unknown member id joins group test-group in Stable state. Created a new member id consumer-test-group-3-cdf79c5a-1051-467c-90d6-12b02004166e and request the member to rejoin with this id.
2025-06-09T13:06:03.481+01:00  INFO 27124 --- [message-broker-lab] [ntainer#2-0-C-1] o.a.k.c.c.internals.ConsumerCoordinator  : [Consumer clientId=consumer-test-group-3, groupId=test-group] Request joining group due to: need to re-join with the given member-id: consumer-test-group-3-cdf79c5a-1051-467c-90d6-12b02004166e
2025-06-09T13:06:03.481+01:00  INFO 27124 --- [message-broker-lab] [ntainer#2-0-C-1] o.a.k.c.c.internals.ConsumerCoordinator  : [Consumer clientId=consumer-test-group-3, groupId=test-group] (Re-)joining group
2025-06-09T13:06:03.482+01:00  INFO 27124 --- [message-broker-lab] [quest-handler-5] k.coordinator.group.GroupCoordinator     : [GroupCoordinator 0]: Preparing to rebalance group test-group in state PreparingRebalance with old generation 1 (__consumer_offsets-2) (reason: Adding new member consumer-test-group-3-cdf79c5a-1051-467c-90d6-12b02004166e with group instance id None; client reason: need to re-join with the given member-id: consumer-test-group-3-cdf79c5a-1051-467c-90d6-12b02004166e)
2025-06-09T13:06:03.503+01:00  INFO 27124 --- [message-broker-lab] [ntainer#1-0-C-1] o.a.k.c.c.internals.ConsumerCoordinator  : [Consumer clientId=consumer-test-2, groupId=test] Discovered group coordinator localhost:59512 (id: 2147483647 rack: null)
2025-06-09T13:06:03.504+01:00  INFO 27124 --- [message-broker-lab] [ntainer#1-0-C-1] o.a.k.c.c.internals.ConsumerCoordinator  : [Consumer clientId=consumer-test-2, groupId=test] (Re-)joining group
2025-06-09T13:06:03.507+01:00  INFO 27124 --- [message-broker-lab] [quest-handler-1] k.coordinator.group.GroupCoordinator     : [GroupCoordinator 0]: Dynamic member with unknown member id joins group test in Stable state. Created a new member id consumer-test-2-e6345c90-d4fc-40ac-969c-55a9ff07354c and request the member to rejoin with this id.
2025-06-09T13:06:03.508+01:00  INFO 27124 --- [message-broker-lab] [ntainer#1-0-C-1] o.a.k.c.c.internals.ConsumerCoordinator  : [Consumer clientId=consumer-test-2, groupId=test] Request joining group due to: need to re-join with the given member-id: consumer-test-2-e6345c90-d4fc-40ac-969c-55a9ff07354c
2025-06-09T13:06:03.508+01:00  INFO 27124 --- [message-broker-lab] [ntainer#1-0-C-1] o.a.k.c.c.internals.ConsumerCoordinator  : [Consumer clientId=consumer-test-2, groupId=test] (Re-)joining group
2025-06-09T13:06:03.509+01:00  INFO 27124 --- [message-broker-lab] [quest-handler-7] k.coordinator.group.GroupCoordinator     : [GroupCoordinator 0]: Preparing to rebalance group test in state PreparingRebalance with old generation 1 (__consumer_offsets-3) (reason: Adding new member consumer-test-2-e6345c90-d4fc-40ac-969c-55a9ff07354c with group instance id None; client reason: need to re-join with the given member-id: consumer-test-2-e6345c90-d4fc-40ac-969c-55a9ff07354c)
2025-06-09T13:06:03.904+01:00  INFO 27124 --- [message-broker-lab] [           main] o.a.k.clients.producer.ProducerConfig    : ProducerConfig values: 
	acks = -1
	auto.include.jmx.reporter = true
	batch.size = 16384
	bootstrap.servers = [127.0.0.1:59512]
	buffer.memory = 33554432
	client.dns.lookup = use_all_dns_ips
	client.id = message-broker-lab-producer-1
	compression.gzip.level = -1
	compression.lz4.level = 9
	compression.type = none
	compression.zstd.level = 3
	connections.max.idle.ms = 540000
	delivery.timeout.ms = 120000
	enable.idempotence = true
	enable.metrics.push = true
	interceptor.classes = []
	key.serializer = class org.apache.kafka.common.serialization.StringSerializer
	linger.ms = 0
	max.block.ms = 60000
	max.in.flight.requests.per.connection = 5
	max.request.size = 1048576
	metadata.max.age.ms = 300000
	metadata.max.idle.ms = 300000
	metadata.recovery.strategy = none
	metric.reporters = []
	metrics.num.samples = 2
	metrics.recording.level = INFO
	metrics.sample.window.ms = 30000
	partitioner.adaptive.partitioning.enable = true
	partitioner.availability.timeout.ms = 0
	partitioner.class = null
	partitioner.ignore.keys = false
	receive.buffer.bytes = 32768
	reconnect.backoff.max.ms = 1000
	reconnect.backoff.ms = 50
	request.timeout.ms = 30000
	retries = 2147483647
	retry.backoff.max.ms = 1000
	retry.backoff.ms = 100
	sasl.client.callback.handler.class = null
	sasl.jaas.config = null
	sasl.kerberos.kinit.cmd = /usr/bin/kinit
	sasl.kerberos.min.time.before.relogin = 60000
	sasl.kerberos.service.name = null
	sasl.kerberos.ticket.renew.jitter = 0.05
	sasl.kerberos.ticket.renew.window.factor = 0.8
	sasl.login.callback.handler.class = null
	sasl.login.class = null
	sasl.login.connect.timeout.ms = null
	sasl.login.read.timeout.ms = null
	sasl.login.refresh.buffer.seconds = 300
	sasl.login.refresh.min.period.seconds = 60
	sasl.login.refresh.window.factor = 0.8
	sasl.login.refresh.window.jitter = 0.05
	sasl.login.retry.backoff.max.ms = 10000
	sasl.login.retry.backoff.ms = 100
	sasl.mechanism = GSSAPI
	sasl.oauthbearer.clock.skew.seconds = 30
	sasl.oauthbearer.expected.audience = null
	sasl.oauthbearer.expected.issuer = null
	sasl.oauthbearer.header.urlencode = false
	sasl.oauthbearer.jwks.endpoint.refresh.ms = 3600000
	sasl.oauthbearer.jwks.endpoint.retry.backoff.max.ms = 10000
	sasl.oauthbearer.jwks.endpoint.retry.backoff.ms = 100
	sasl.oauthbearer.jwks.endpoint.url = null
	sasl.oauthbearer.scope.claim.name = scope
	sasl.oauthbearer.sub.claim.name = sub
	sasl.oauthbearer.token.endpoint.url = null
	security.protocol = PLAINTEXT
	security.providers = null
	send.buffer.bytes = 131072
	socket.connection.setup.timeout.max.ms = 30000
	socket.connection.setup.timeout.ms = 10000
	ssl.cipher.suites = null
	ssl.enabled.protocols = [TLSv1.2, TLSv1.3]
	ssl.endpoint.identification.algorithm = https
	ssl.engine.factory.class = null
	ssl.key.password = null
	ssl.keymanager.algorithm = SunX509
	ssl.keystore.certificate.chain = null
	ssl.keystore.key = null
	ssl.keystore.location = null
	ssl.keystore.password = null
	ssl.keystore.type = JKS
	ssl.protocol = TLSv1.3
	ssl.provider = null
	ssl.secure.random.implementation = null
	ssl.trustmanager.algorithm = PKIX
	ssl.truststore.certificates = null
	ssl.truststore.location = null
	ssl.truststore.password = null
	ssl.truststore.type = JKS
	transaction.timeout.ms = 60000
	transactional.id = null
	value.serializer = class org.springframework.kafka.support.serializer.JsonSerializer

2025-06-09T13:06:03.905+01:00  INFO 27124 --- [message-broker-lab] [           main] o.a.k.c.t.i.KafkaMetricsCollector        : initializing Kafka metrics collector
2025-06-09T13:06:03.915+01:00  INFO 27124 --- [message-broker-lab] [           main] o.a.k.clients.producer.KafkaProducer     : [Producer clientId=message-broker-lab-producer-1] Instantiated an idempotent producer.
2025-06-09T13:06:03.929+01:00  INFO 27124 --- [message-broker-lab] [           main] o.a.kafka.common.utils.AppInfoParser     : Kafka version: 3.9.1
2025-06-09T13:06:03.929+01:00  INFO 27124 --- [message-broker-lab] [           main] o.a.kafka.common.utils.AppInfoParser     : Kafka commitId: f745dfdcee2b9851
2025-06-09T13:06:03.929+01:00  INFO 27124 --- [message-broker-lab] [           main] o.a.kafka.common.utils.AppInfoParser     : Kafka startTimeMs: 1749470763929
2025-06-09T13:06:03.941+01:00  INFO 27124 --- [message-broker-lab] [-lab-producer-1] org.apache.kafka.clients.Metadata        : [Producer clientId=message-broker-lab-producer-1] Cluster ID: lZ-ytpVYSNSeJC4MDfiBsA
2025-06-09T13:06:03.962+01:00  INFO 27124 --- [message-broker-lab] [er-event-thread] kafka.controller.KafkaController         : [Controller id=0] Acquired new producerId block ProducerIdsBlock(assignedBrokerId=0, firstProducerId=0, size=1000) by writing to Zk with path version 1
2025-06-09T13:06:04.052+01:00  INFO 27124 --- [message-broker-lab] [-lab-producer-1] o.a.k.c.p.internals.TransactionManager   : [Producer clientId=message-broker-lab-producer-1] ProducerId set to 0 with epoch 0
2025-06-09T13:06:04.092+01:00  INFO 27124 --- [message-broker-lab] [ntainer#0-0-C-1] c.m.m.a.s.kafka.KafkaConsumerService     : attributeOne: Hello Kafka!
2025-06-09T13:06:05.837+01:00  INFO 27124 --- [message-broker-lab] [er-event-thread] kafka.controller.KafkaController         : [Controller id=0] Processing automatic preferred replica leader election
2025-06-09T13:06:06.339+01:00  INFO 27124 --- [message-broker-lab] [ntainer#3-0-C-1] o.a.k.c.c.internals.ConsumerCoordinator  : [Consumer clientId=consumer-test-group-4, groupId=test-group] Request joining group due to: group is already rebalancing
2025-06-09T13:06:06.340+01:00  INFO 27124 --- [message-broker-lab] [ntainer#3-0-C-1] k.c.c.i.ConsumerRebalanceListenerInvoker : [Consumer clientId=consumer-test-group-4, groupId=test-group] Revoke previously assigned partitions topic-two-0
2025-06-09T13:06:06.340+01:00  INFO 27124 --- [message-broker-lab] [ntainer#3-0-C-1] o.s.k.l.KafkaMessageListenerContainer    : test-group: partitions revoked: [topic-two-0]
2025-06-09T13:06:06.340+01:00  INFO 27124 --- [message-broker-lab] [ntainer#3-0-C-1] o.a.k.c.c.internals.ConsumerCoordinator  : [Consumer clientId=consumer-test-group-4, groupId=test-group] (Re-)joining group
2025-06-09T13:06:06.341+01:00  INFO 27124 --- [message-broker-lab] [quest-handler-0] k.coordinator.group.GroupCoordinator     : [GroupCoordinator 0]: Stabilized group test-group generation 2 (__consumer_offsets-2) with 2 members
2025-06-09T13:06:06.342+01:00  INFO 27124 --- [message-broker-lab] [ntainer#2-0-C-1] o.a.k.c.c.internals.ConsumerCoordinator  : [Consumer clientId=consumer-test-group-3, groupId=test-group] Successfully joined group with generation Generation{generationId=2, memberId='consumer-test-group-3-cdf79c5a-1051-467c-90d6-12b02004166e', protocol='range'}
2025-06-09T13:06:06.342+01:00  INFO 27124 --- [message-broker-lab] [ntainer#3-0-C-1] o.a.k.c.c.internals.ConsumerCoordinator  : [Consumer clientId=consumer-test-group-4, groupId=test-group] Successfully joined group with generation Generation{generationId=2, memberId='consumer-test-group-4-5621d8f4-fb3e-42ac-89f1-0844914ee197', protocol='range'}
2025-06-09T13:06:06.458+01:00  INFO 27124 --- [message-broker-lab] [ntainer#0-0-C-1] o.a.k.c.c.internals.ConsumerCoordinator  : [Consumer clientId=consumer-test-1, groupId=test] Request joining group due to: group is already rebalancing
2025-06-09T13:06:06.459+01:00  INFO 27124 --- [message-broker-lab] [ntainer#0-0-C-1] k.c.c.i.ConsumerRebalanceListenerInvoker : [Consumer clientId=consumer-test-1, groupId=test] Revoke previously assigned partitions topic-one-0
2025-06-09T13:06:06.459+01:00  INFO 27124 --- [message-broker-lab] [ntainer#0-0-C-1] o.s.k.l.KafkaMessageListenerContainer    : test: partitions revoked: [topic-one-0]
2025-06-09T13:06:06.459+01:00  INFO 27124 --- [message-broker-lab] [ntainer#0-0-C-1] o.a.k.c.c.internals.ConsumerCoordinator  : [Consumer clientId=consumer-test-1, groupId=test] (Re-)joining group
2025-06-09T13:06:06.463+01:00  INFO 27124 --- [message-broker-lab] [quest-handler-4] k.coordinator.group.GroupCoordinator     : [GroupCoordinator 0]: Stabilized group test generation 2 (__consumer_offsets-3) with 2 members
2025-06-09T13:06:06.465+01:00  INFO 27124 --- [message-broker-lab] [ntainer#1-0-C-1] o.a.k.c.c.internals.ConsumerCoordinator  : [Consumer clientId=consumer-test-2, groupId=test] Successfully joined group with generation Generation{generationId=2, memberId='consumer-test-2-e6345c90-d4fc-40ac-969c-55a9ff07354c', protocol='range'}
2025-06-09T13:06:06.465+01:00  INFO 27124 --- [message-broker-lab] [ntainer#0-0-C-1] o.a.k.c.c.internals.ConsumerCoordinator  : [Consumer clientId=consumer-test-1, groupId=test] Successfully joined group with generation Generation{generationId=2, memberId='consumer-test-1-c2e2c071-c64d-46d0-b44b-3fea3e830a82', protocol='range'}
2025-06-09T13:06:06.514+01:00  INFO 27124 --- [message-broker-lab] [ntainer#3-0-C-1] o.a.k.c.c.internals.ConsumerCoordinator  : [Consumer clientId=consumer-test-group-4, groupId=test-group] Finished assignment for group at generation 2: {consumer-test-group-3-cdf79c5a-1051-467c-90d6-12b02004166e=Assignment(partitions=[topic-one-0]), consumer-test-group-4-5621d8f4-fb3e-42ac-89f1-0844914ee197=Assignment(partitions=[topic-two-0])}
2025-06-09T13:06:06.515+01:00  INFO 27124 --- [message-broker-lab] [quest-handler-1] k.coordinator.group.GroupCoordinator     : [GroupCoordinator 0]: Assignment received from leader consumer-test-group-4-5621d8f4-fb3e-42ac-89f1-0844914ee197 for group test-group for generation 2. The group has 2 members, 0 of which are static.
2025-06-09T13:06:06.516+01:00  INFO 27124 --- [message-broker-lab] [ntainer#2-0-C-1] o.a.k.c.c.internals.ConsumerCoordinator  : [Consumer clientId=consumer-test-group-3, groupId=test-group] Successfully synced group in generation Generation{generationId=2, memberId='consumer-test-group-3-cdf79c5a-1051-467c-90d6-12b02004166e', protocol='range'}
2025-06-09T13:06:06.516+01:00  INFO 27124 --- [message-broker-lab] [ntainer#3-0-C-1] o.a.k.c.c.internals.ConsumerCoordinator  : [Consumer clientId=consumer-test-group-4, groupId=test-group] Successfully synced group in generation Generation{generationId=2, memberId='consumer-test-group-4-5621d8f4-fb3e-42ac-89f1-0844914ee197', protocol='range'}
2025-06-09T13:06:06.516+01:00  INFO 27124 --- [message-broker-lab] [ntainer#3-0-C-1] o.a.k.c.c.internals.ConsumerCoordinator  : [Consumer clientId=consumer-test-group-4, groupId=test-group] Notifying assignor about the new Assignment(partitions=[topic-two-0])
2025-06-09T13:06:06.516+01:00  INFO 27124 --- [message-broker-lab] [ntainer#2-0-C-1] o.a.k.c.c.internals.ConsumerCoordinator  : [Consumer clientId=consumer-test-group-3, groupId=test-group] Notifying assignor about the new Assignment(partitions=[topic-one-0])
2025-06-09T13:06:06.516+01:00  INFO 27124 --- [message-broker-lab] [ntainer#3-0-C-1] k.c.c.i.ConsumerRebalanceListenerInvoker : [Consumer clientId=consumer-test-group-4, groupId=test-group] Adding newly assigned partitions: topic-two-0
2025-06-09T13:06:06.516+01:00  INFO 27124 --- [message-broker-lab] [ntainer#2-0-C-1] k.c.c.i.ConsumerRebalanceListenerInvoker : [Consumer clientId=consumer-test-group-3, groupId=test-group] Adding newly assigned partitions: topic-one-0
2025-06-09T13:06:06.517+01:00  INFO 27124 --- [message-broker-lab] [ntainer#2-0-C-1] o.a.k.c.c.internals.ConsumerCoordinator  : [Consumer clientId=consumer-test-group-3, groupId=test-group] Found no committed offset for partition topic-one-0
2025-06-09T13:06:06.518+01:00  INFO 27124 --- [message-broker-lab] [ntainer#2-0-C-1] o.a.k.c.c.internals.ConsumerCoordinator  : [Consumer clientId=consumer-test-group-3, groupId=test-group] Found no committed offset for partition topic-one-0
2025-06-09T13:06:06.519+01:00  INFO 27124 --- [message-broker-lab] [ntainer#2-0-C-1] o.a.k.c.c.internals.SubscriptionState    : [Consumer clientId=consumer-test-group-3, groupId=test-group] Resetting offset for partition topic-one-0 to position FetchPosition{offset=1, offsetEpoch=Optional.empty, currentLeader=LeaderAndEpoch{leader=Optional[localhost:59512 (id: 0 rack: null)], epoch=0}}.
2025-06-09T13:06:06.520+01:00  INFO 27124 --- [message-broker-lab] [ntainer#3-0-C-1] o.a.k.c.c.internals.ConsumerUtils        : Setting offset for partition topic-two-0 to the committed offset FetchPosition{offset=0, offsetEpoch=Optional.empty, currentLeader=LeaderAndEpoch{leader=Optional[localhost:59512 (id: 0 rack: null)], epoch=0}}
2025-06-09T13:06:06.520+01:00  INFO 27124 --- [message-broker-lab] [ntainer#3-0-C-1] o.s.k.l.KafkaMessageListenerContainer    : test-group: partitions assigned: [topic-two-0]
2025-06-09T13:06:06.520+01:00  INFO 27124 --- [message-broker-lab] [ntainer#2-0-C-1] o.s.k.l.KafkaMessageListenerContainer    : test-group: partitions assigned: [topic-one-0]
2025-06-09T13:06:06.618+01:00  INFO 27124 --- [message-broker-lab] [ntainer#0-0-C-1] o.a.k.c.c.internals.ConsumerCoordinator  : [Consumer clientId=consumer-test-1, groupId=test] Finished assignment for group at generation 2: {consumer-test-1-c2e2c071-c64d-46d0-b44b-3fea3e830a82=Assignment(partitions=[topic-one-0]), consumer-test-2-e6345c90-d4fc-40ac-969c-55a9ff07354c=Assignment(partitions=[topic-two-0])}
2025-06-09T13:06:06.619+01:00  INFO 27124 --- [message-broker-lab] [quest-handler-2] k.coordinator.group.GroupCoordinator     : [GroupCoordinator 0]: Assignment received from leader consumer-test-1-c2e2c071-c64d-46d0-b44b-3fea3e830a82 for group test for generation 2. The group has 2 members, 0 of which are static.
2025-06-09T13:06:06.620+01:00  INFO 27124 --- [message-broker-lab] [ntainer#1-0-C-1] o.a.k.c.c.internals.ConsumerCoordinator  : [Consumer clientId=consumer-test-2, groupId=test] Successfully synced group in generation Generation{generationId=2, memberId='consumer-test-2-e6345c90-d4fc-40ac-969c-55a9ff07354c', protocol='range'}
2025-06-09T13:06:06.620+01:00  INFO 27124 --- [message-broker-lab] [ntainer#0-0-C-1] o.a.k.c.c.internals.ConsumerCoordinator  : [Consumer clientId=consumer-test-1, groupId=test] Successfully synced group in generation Generation{generationId=2, memberId='consumer-test-1-c2e2c071-c64d-46d0-b44b-3fea3e830a82', protocol='range'}
2025-06-09T13:06:06.620+01:00  INFO 27124 --- [message-broker-lab] [ntainer#0-0-C-1] o.a.k.c.c.internals.ConsumerCoordinator  : [Consumer clientId=consumer-test-1, groupId=test] Notifying assignor about the new Assignment(partitions=[topic-one-0])
2025-06-09T13:06:06.620+01:00  INFO 27124 --- [message-broker-lab] [ntainer#0-0-C-1] k.c.c.i.ConsumerRebalanceListenerInvoker : [Consumer clientId=consumer-test-1, groupId=test] Adding newly assigned partitions: topic-one-0
2025-06-09T13:06:06.620+01:00  INFO 27124 --- [message-broker-lab] [ntainer#1-0-C-1] o.a.k.c.c.internals.ConsumerCoordinator  : [Consumer clientId=consumer-test-2, groupId=test] Notifying assignor about the new Assignment(partitions=[topic-two-0])
2025-06-09T13:06:06.620+01:00  INFO 27124 --- [message-broker-lab] [ntainer#1-0-C-1] k.c.c.i.ConsumerRebalanceListenerInvoker : [Consumer clientId=consumer-test-2, groupId=test] Adding newly assigned partitions: topic-two-0
2025-06-09T13:06:06.621+01:00  INFO 27124 --- [message-broker-lab] [ntainer#1-0-C-1] o.a.k.c.c.internals.ConsumerCoordinator  : [Consumer clientId=consumer-test-2, groupId=test] Found no committed offset for partition topic-two-0
2025-06-09T13:06:06.622+01:00  INFO 27124 --- [message-broker-lab] [ntainer#0-0-C-1] o.a.k.c.c.internals.ConsumerUtils        : Setting offset for partition topic-one-0 to the committed offset FetchPosition{offset=1, offsetEpoch=Optional.empty, currentLeader=LeaderAndEpoch{leader=Optional[localhost:59512 (id: 0 rack: null)], epoch=0}}
2025-06-09T13:06:06.622+01:00  INFO 27124 --- [message-broker-lab] [ntainer#1-0-C-1] o.a.k.c.c.internals.ConsumerCoordinator  : [Consumer clientId=consumer-test-2, groupId=test] Found no committed offset for partition topic-two-0
2025-06-09T13:06:06.622+01:00  INFO 27124 --- [message-broker-lab] [ntainer#0-0-C-1] o.s.k.l.KafkaMessageListenerContainer    : test: partitions assigned: [topic-one-0]
2025-06-09T13:06:06.623+01:00  INFO 27124 --- [message-broker-lab] [ntainer#1-0-C-1] o.a.k.c.c.internals.SubscriptionState    : [Consumer clientId=consumer-test-2, groupId=test] Resetting offset for partition topic-two-0 to position FetchPosition{offset=0, offsetEpoch=Optional.empty, currentLeader=LeaderAndEpoch{leader=Optional[localhost:59512 (id: 0 rack: null)], epoch=0}}.
2025-06-09T13:06:06.625+01:00  INFO 27124 --- [message-broker-lab] [ntainer#1-0-C-1] o.s.k.l.KafkaMessageListenerContainer    : test: partitions assigned: [topic-two-0]
]]></system-out>
    <system-err><![CDATA[Mockito is currently self-attaching to enable the inline-mock-maker. This will no longer work in future releases of the JDK. Please add Mockito as an agent to your build as described in Mockito's documentation: https://javadoc.io/doc/org.mockito/mockito-core/latest/org.mockito/org/mockito/Mockito.html#0.3
WARNING: A Java agent has been loaded dynamically (C:\Users\tlopes\.m2\repository\net\bytebuddy\byte-buddy-agent\1.17.5\byte-buddy-agent-1.17.5.jar)
WARNING: If a serviceability tool is in use, please run with -XX:+EnableDynamicAgentLoading to hide this warning
WARNING: If a serviceability tool is not in use, please run with -Djdk.instrument.traceUsage for more information
WARNING: Dynamic loading of agents will be disallowed by default in a future release
]]></system-err>
  </testcase>
  <testcase name="testTopicTwo" classname="com.messagebrokers.message_broker_lab.kafka.integration.KafkaIntegrationTest" time="0.04">
    <system-out><![CDATA[2025-06-09T13:06:08.980+01:00  INFO 27124 --- [message-broker-lab] [           main] o.a.k.clients.consumer.ConsumerConfig    : ConsumerConfig values: 
	allow.auto.create.topics = true
	auto.commit.interval.ms = 5000
	auto.include.jmx.reporter = true
	auto.offset.reset = latest
	bootstrap.servers = [127.0.0.1:59512]
	check.crcs = true
	client.dns.lookup = use_all_dns_ips
	client.id = consumer-test-group-5
	client.rack = 
	connections.max.idle.ms = 540000
	default.api.timeout.ms = 60000
	enable.auto.commit = false
	enable.metrics.push = true
	exclude.internal.topics = true
	fetch.max.bytes = 52428800
	fetch.max.wait.ms = 500
	fetch.min.bytes = 1
	group.id = test-group
	group.instance.id = null
	group.protocol = classic
	group.remote.assignor = null
	heartbeat.interval.ms = 3000
	interceptor.classes = []
	internal.leave.group.on.close = true
	internal.throw.on.fetch.stable.offset.unsupported = false
	isolation.level = read_uncommitted
	key.deserializer = class org.apache.kafka.common.serialization.StringDeserializer
	max.partition.fetch.bytes = 1048576
	max.poll.interval.ms = 300000
	max.poll.records = 500
	metadata.max.age.ms = 300000
	metadata.recovery.strategy = none
	metric.reporters = []
	metrics.num.samples = 2
	metrics.recording.level = INFO
	metrics.sample.window.ms = 30000
	partition.assignment.strategy = [class org.apache.kafka.clients.consumer.RangeAssignor, class org.apache.kafka.clients.consumer.CooperativeStickyAssignor]
	receive.buffer.bytes = 65536
	reconnect.backoff.max.ms = 1000
	reconnect.backoff.ms = 50
	request.timeout.ms = 30000
	retry.backoff.max.ms = 1000
	retry.backoff.ms = 100
	sasl.client.callback.handler.class = null
	sasl.jaas.config = null
	sasl.kerberos.kinit.cmd = /usr/bin/kinit
	sasl.kerberos.min.time.before.relogin = 60000
	sasl.kerberos.service.name = null
	sasl.kerberos.ticket.renew.jitter = 0.05
	sasl.kerberos.ticket.renew.window.factor = 0.8
	sasl.login.callback.handler.class = null
	sasl.login.class = null
	sasl.login.connect.timeout.ms = null
	sasl.login.read.timeout.ms = null
	sasl.login.refresh.buffer.seconds = 300
	sasl.login.refresh.min.period.seconds = 60
	sasl.login.refresh.window.factor = 0.8
	sasl.login.refresh.window.jitter = 0.05
	sasl.login.retry.backoff.max.ms = 10000
	sasl.login.retry.backoff.ms = 100
	sasl.mechanism = GSSAPI
	sasl.oauthbearer.clock.skew.seconds = 30
	sasl.oauthbearer.expected.audience = null
	sasl.oauthbearer.expected.issuer = null
	sasl.oauthbearer.header.urlencode = false
	sasl.oauthbearer.jwks.endpoint.refresh.ms = 3600000
	sasl.oauthbearer.jwks.endpoint.retry.backoff.max.ms = 10000
	sasl.oauthbearer.jwks.endpoint.retry.backoff.ms = 100
	sasl.oauthbearer.jwks.endpoint.url = null
	sasl.oauthbearer.scope.claim.name = scope
	sasl.oauthbearer.sub.claim.name = sub
	sasl.oauthbearer.token.endpoint.url = null
	security.protocol = PLAINTEXT
	security.providers = null
	send.buffer.bytes = 131072
	session.timeout.ms = 45000
	socket.connection.setup.timeout.max.ms = 30000
	socket.connection.setup.timeout.ms = 10000
	ssl.cipher.suites = null
	ssl.enabled.protocols = [TLSv1.2, TLSv1.3]
	ssl.endpoint.identification.algorithm = https
	ssl.engine.factory.class = null
	ssl.key.password = null
	ssl.keymanager.algorithm = SunX509
	ssl.keystore.certificate.chain = null
	ssl.keystore.key = null
	ssl.keystore.location = null
	ssl.keystore.password = null
	ssl.keystore.type = JKS
	ssl.protocol = TLSv1.3
	ssl.provider = null
	ssl.secure.random.implementation = null
	ssl.trustmanager.algorithm = PKIX
	ssl.truststore.certificates = null
	ssl.truststore.location = null
	ssl.truststore.password = null
	ssl.truststore.type = JKS
	value.deserializer = class org.springframework.kafka.support.serializer.JsonDeserializer

2025-06-09T13:06:08.980+01:00  INFO 27124 --- [message-broker-lab] [           main] o.a.k.c.t.i.KafkaMetricsCollector        : initializing Kafka metrics collector
2025-06-09T13:06:08.986+01:00  INFO 27124 --- [message-broker-lab] [           main] o.a.kafka.common.utils.AppInfoParser     : Kafka version: 3.9.1
2025-06-09T13:06:08.986+01:00  INFO 27124 --- [message-broker-lab] [           main] o.a.kafka.common.utils.AppInfoParser     : Kafka commitId: f745dfdcee2b9851
2025-06-09T13:06:08.986+01:00  INFO 27124 --- [message-broker-lab] [           main] o.a.kafka.common.utils.AppInfoParser     : Kafka startTimeMs: 1749470768986
2025-06-09T13:06:08.986+01:00  INFO 27124 --- [message-broker-lab] [           main] o.a.k.c.c.i.ClassicKafkaConsumer         : [Consumer clientId=consumer-test-group-5, groupId=test-group] Subscribed to topic(s): topic-one
2025-06-09T13:06:08.988+01:00  INFO 27124 --- [message-broker-lab] [           main] o.a.k.clients.consumer.ConsumerConfig    : ConsumerConfig values: 
	allow.auto.create.topics = true
	auto.commit.interval.ms = 5000
	auto.include.jmx.reporter = true
	auto.offset.reset = latest
	bootstrap.servers = [127.0.0.1:59512]
	check.crcs = true
	client.dns.lookup = use_all_dns_ips
	client.id = consumer-test-group-6
	client.rack = 
	connections.max.idle.ms = 540000
	default.api.timeout.ms = 60000
	enable.auto.commit = false
	enable.metrics.push = true
	exclude.internal.topics = true
	fetch.max.bytes = 52428800
	fetch.max.wait.ms = 500
	fetch.min.bytes = 1
	group.id = test-group
	group.instance.id = null
	group.protocol = classic
	group.remote.assignor = null
	heartbeat.interval.ms = 3000
	interceptor.classes = []
	internal.leave.group.on.close = true
	internal.throw.on.fetch.stable.offset.unsupported = false
	isolation.level = read_uncommitted
	key.deserializer = class org.apache.kafka.common.serialization.StringDeserializer
	max.partition.fetch.bytes = 1048576
	max.poll.interval.ms = 300000
	max.poll.records = 500
	metadata.max.age.ms = 300000
	metadata.recovery.strategy = none
	metric.reporters = []
	metrics.num.samples = 2
	metrics.recording.level = INFO
	metrics.sample.window.ms = 30000
	partition.assignment.strategy = [class org.apache.kafka.clients.consumer.RangeAssignor, class org.apache.kafka.clients.consumer.CooperativeStickyAssignor]
	receive.buffer.bytes = 65536
	reconnect.backoff.max.ms = 1000
	reconnect.backoff.ms = 50
	request.timeout.ms = 30000
	retry.backoff.max.ms = 1000
	retry.backoff.ms = 100
	sasl.client.callback.handler.class = null
	sasl.jaas.config = null
	sasl.kerberos.kinit.cmd = /usr/bin/kinit
	sasl.kerberos.min.time.before.relogin = 60000
	sasl.kerberos.service.name = null
	sasl.kerberos.ticket.renew.jitter = 0.05
	sasl.kerberos.ticket.renew.window.factor = 0.8
	sasl.login.callback.handler.class = null
	sasl.login.class = null
	sasl.login.connect.timeout.ms = null
	sasl.login.read.timeout.ms = null
	sasl.login.refresh.buffer.seconds = 300
	sasl.login.refresh.min.period.seconds = 60
	sasl.login.refresh.window.factor = 0.8
	sasl.login.refresh.window.jitter = 0.05
	sasl.login.retry.backoff.max.ms = 10000
	sasl.login.retry.backoff.ms = 100
	sasl.mechanism = GSSAPI
	sasl.oauthbearer.clock.skew.seconds = 30
	sasl.oauthbearer.expected.audience = null
	sasl.oauthbearer.expected.issuer = null
	sasl.oauthbearer.header.urlencode = false
	sasl.oauthbearer.jwks.endpoint.refresh.ms = 3600000
	sasl.oauthbearer.jwks.endpoint.retry.backoff.max.ms = 10000
	sasl.oauthbearer.jwks.endpoint.retry.backoff.ms = 100
	sasl.oauthbearer.jwks.endpoint.url = null
	sasl.oauthbearer.scope.claim.name = scope
	sasl.oauthbearer.sub.claim.name = sub
	sasl.oauthbearer.token.endpoint.url = null
	security.protocol = PLAINTEXT
	security.providers = null
	send.buffer.bytes = 131072
	session.timeout.ms = 45000
	socket.connection.setup.timeout.max.ms = 30000
	socket.connection.setup.timeout.ms = 10000
	ssl.cipher.suites = null
	ssl.enabled.protocols = [TLSv1.2, TLSv1.3]
	ssl.endpoint.identification.algorithm = https
	ssl.engine.factory.class = null
	ssl.key.password = null
	ssl.keymanager.algorithm = SunX509
	ssl.keystore.certificate.chain = null
	ssl.keystore.key = null
	ssl.keystore.location = null
	ssl.keystore.password = null
	ssl.keystore.type = JKS
	ssl.protocol = TLSv1.3
	ssl.provider = null
	ssl.secure.random.implementation = null
	ssl.trustmanager.algorithm = PKIX
	ssl.truststore.certificates = null
	ssl.truststore.location = null
	ssl.truststore.password = null
	ssl.truststore.type = JKS
	value.deserializer = class org.springframework.kafka.support.serializer.JsonDeserializer

2025-06-09T13:06:08.988+01:00  INFO 27124 --- [message-broker-lab] [           main] o.a.k.c.t.i.KafkaMetricsCollector        : initializing Kafka metrics collector
2025-06-09T13:06:08.991+01:00  INFO 27124 --- [message-broker-lab] [ntainer#4-0-C-1] org.apache.kafka.clients.Metadata        : [Consumer clientId=consumer-test-group-5, groupId=test-group] Cluster ID: lZ-ytpVYSNSeJC4MDfiBsA
2025-06-09T13:06:08.991+01:00  INFO 27124 --- [message-broker-lab] [ntainer#4-0-C-1] o.a.k.c.c.internals.ConsumerCoordinator  : [Consumer clientId=consumer-test-group-5, groupId=test-group] Discovered group coordinator localhost:59512 (id: 2147483647 rack: null)
2025-06-09T13:06:08.992+01:00  INFO 27124 --- [message-broker-lab] [ntainer#4-0-C-1] o.a.k.c.c.internals.ConsumerCoordinator  : [Consumer clientId=consumer-test-group-5, groupId=test-group] (Re-)joining group
2025-06-09T13:06:08.993+01:00  INFO 27124 --- [message-broker-lab] [           main] o.a.kafka.common.utils.AppInfoParser     : Kafka version: 3.9.1
2025-06-09T13:06:08.993+01:00  INFO 27124 --- [message-broker-lab] [           main] o.a.kafka.common.utils.AppInfoParser     : Kafka commitId: f745dfdcee2b9851
2025-06-09T13:06:08.993+01:00  INFO 27124 --- [message-broker-lab] [           main] o.a.kafka.common.utils.AppInfoParser     : Kafka startTimeMs: 1749470768993
2025-06-09T13:06:08.993+01:00  INFO 27124 --- [message-broker-lab] [           main] o.a.k.c.c.i.ClassicKafkaConsumer         : [Consumer clientId=consumer-test-group-6, groupId=test-group] Subscribed to topic(s): topic-two
2025-06-09T13:06:08.994+01:00  INFO 27124 --- [message-broker-lab] [quest-handler-1] k.coordinator.group.GroupCoordinator     : [GroupCoordinator 0]: Dynamic member with unknown member id joins group test-group in Stable state. Created a new member id consumer-test-group-5-721bf4d5-d64b-48df-8520-70a9d9a42952 and request the member to rejoin with this id.
2025-06-09T13:06:08.995+01:00  INFO 27124 --- [message-broker-lab] [ntainer#4-0-C-1] o.a.k.c.c.internals.ConsumerCoordinator  : [Consumer clientId=consumer-test-group-5, groupId=test-group] Request joining group due to: need to re-join with the given member-id: consumer-test-group-5-721bf4d5-d64b-48df-8520-70a9d9a42952
2025-06-09T13:06:08.995+01:00  INFO 27124 --- [message-broker-lab] [ntainer#4-0-C-1] o.a.k.c.c.internals.ConsumerCoordinator  : [Consumer clientId=consumer-test-group-5, groupId=test-group] (Re-)joining group
2025-06-09T13:06:08.995+01:00  INFO 27124 --- [message-broker-lab] [quest-handler-0] k.coordinator.group.GroupCoordinator     : [GroupCoordinator 0]: Preparing to rebalance group test-group in state PreparingRebalance with old generation 2 (__consumer_offsets-2) (reason: Adding new member consumer-test-group-5-721bf4d5-d64b-48df-8520-70a9d9a42952 with group instance id None; client reason: need to re-join with the given member-id: consumer-test-group-5-721bf4d5-d64b-48df-8520-70a9d9a42952)
2025-06-09T13:06:08.996+01:00  INFO 27124 --- [message-broker-lab] [ntainer#5-0-C-1] org.apache.kafka.clients.Metadata        : [Consumer clientId=consumer-test-group-6, groupId=test-group] Cluster ID: lZ-ytpVYSNSeJC4MDfiBsA
2025-06-09T13:06:08.997+01:00  INFO 27124 --- [message-broker-lab] [ntainer#5-0-C-1] o.a.k.c.c.internals.ConsumerCoordinator  : [Consumer clientId=consumer-test-group-6, groupId=test-group] Discovered group coordinator localhost:59512 (id: 2147483647 rack: null)
2025-06-09T13:06:08.998+01:00  INFO 27124 --- [message-broker-lab] [ntainer#5-0-C-1] o.a.k.c.c.internals.ConsumerCoordinator  : [Consumer clientId=consumer-test-group-6, groupId=test-group] (Re-)joining group
2025-06-09T13:06:08.999+01:00  INFO 27124 --- [message-broker-lab] [quest-handler-5] k.coordinator.group.GroupCoordinator     : [GroupCoordinator 0]: Dynamic member with unknown member id joins group test-group in PreparingRebalance state. Created a new member id consumer-test-group-6-fe09aa32-4112-4cc1-a6d9-5257fd48709d and request the member to rejoin with this id.
2025-06-09T13:06:09.000+01:00  INFO 27124 --- [message-broker-lab] [ntainer#5-0-C-1] o.a.k.c.c.internals.ConsumerCoordinator  : [Consumer clientId=consumer-test-group-6, groupId=test-group] Request joining group due to: need to re-join with the given member-id: consumer-test-group-6-fe09aa32-4112-4cc1-a6d9-5257fd48709d
2025-06-09T13:06:09.000+01:00  INFO 27124 --- [message-broker-lab] [ntainer#5-0-C-1] o.a.k.c.c.internals.ConsumerCoordinator  : [Consumer clientId=consumer-test-group-6, groupId=test-group] (Re-)joining group
2025-06-09T13:06:09.003+01:00  INFO 27124 --- [message-broker-lab] [ntainer#1-0-C-1] c.m.m.a.s.kafka.KafkaConsumerService     : attributeOne: Hello Kafka!
2025-06-09T13:06:09.003+01:00  INFO 27124 --- [message-broker-lab] [ntainer#1-0-C-1] c.m.m.a.s.kafka.KafkaConsumerService     : attributeTwo: Bye Kafka!
]]></system-out>
  </testcase>
</testsuite>